2026-01-24 16:46:43,886 - httpx - INFO - HTTP Request: POST https://api.telegram.org/bot8212814214:AAG29mEQN2EWS1wFvKbDqC8nr6SgN3_VeZ8/getMe "HTTP/1.1 200 OK"
2026-01-24 16:46:44,228 - httpx - INFO - HTTP Request: POST https://api.telegram.org/bot8212814214:AAG29mEQN2EWS1wFvKbDqC8nr6SgN3_VeZ8/deleteWebhook "HTTP/1.1 200 OK"
2026-01-24 16:46:44,229 - telegram.ext.Application - INFO - Application started
2026-01-24 16:46:54,704 - httpx - INFO - HTTP Request: POST https://api.telegram.org/bot8212814214:AAG29mEQN2EWS1wFvKbDqC8nr6SgN3_VeZ8/getUpdates "HTTP/1.1 200 OK"
2026-01-24 16:47:04,777 - httpx - INFO - HTTP Request: POST https://api.telegram.org/bot8212814214:AAG29mEQN2EWS1wFvKbDqC8nr6SgN3_VeZ8/getUpdates "HTTP/1.1 200 OK"
2026-01-24 16:47:15,060 - httpx - INFO - HTTP Request: POST https://api.telegram.org/bot8212814214:AAG29mEQN2EWS1wFvKbDqC8nr6SgN3_VeZ8/getUpdates "HTTP/1.1 200 OK"
2026-01-24 16:47:25,213 - httpx - INFO - HTTP Request: POST https://api.telegram.org/bot8212814214:AAG29mEQN2EWS1wFvKbDqC8nr6SgN3_VeZ8/getUpdates "HTTP/1.1 200 OK"
2026-01-24 16:47:35,263 - httpx - INFO - HTTP Request: POST https://api.telegram.org/bot8212814214:AAG29mEQN2EWS1wFvKbDqC8nr6SgN3_VeZ8/getUpdates "HTTP/1.1 200 OK"
2026-01-24 16:47:45,924 - httpx - INFO - HTTP Request: POST https://api.telegram.org/bot8212814214:AAG29mEQN2EWS1wFvKbDqC8nr6SgN3_VeZ8/getUpdates "HTTP/1.1 200 OK"
2026-01-24 16:47:56,850 - httpx - INFO - HTTP Request: POST https://api.telegram.org/bot8212814214:AAG29mEQN2EWS1wFvKbDqC8nr6SgN3_VeZ8/getUpdates "HTTP/1.1 200 OK"
2026-01-24 16:48:06,921 - httpx - INFO - HTTP Request: POST https://api.telegram.org/bot8212814214:AAG29mEQN2EWS1wFvKbDqC8nr6SgN3_VeZ8/getUpdates "HTTP/1.1 200 OK"
2026-01-24 16:48:16,987 - httpx - INFO - HTTP Request: POST https://api.telegram.org/bot8212814214:AAG29mEQN2EWS1wFvKbDqC8nr6SgN3_VeZ8/getUpdates "HTTP/1.1 200 OK"
2026-01-24 16:48:27,080 - httpx - INFO - HTTP Request: POST https://api.telegram.org/bot8212814214:AAG29mEQN2EWS1wFvKbDqC8nr6SgN3_VeZ8/getUpdates "HTTP/1.1 200 OK"
2026-01-24 16:48:37,235 - httpx - INFO - HTTP Request: POST https://api.telegram.org/bot8212814214:AAG29mEQN2EWS1wFvKbDqC8nr6SgN3_VeZ8/getUpdates "HTTP/1.1 200 OK"
2026-01-24 16:48:47,313 - httpx - INFO - HTTP Request: POST https://api.telegram.org/bot8212814214:AAG29mEQN2EWS1wFvKbDqC8nr6SgN3_VeZ8/getUpdates "HTTP/1.1 200 OK"
2026-01-24 16:48:57,386 - httpx - INFO - HTTP Request: POST https://api.telegram.org/bot8212814214:AAG29mEQN2EWS1wFvKbDqC8nr6SgN3_VeZ8/getUpdates "HTTP/1.1 200 OK"
2026-01-24 16:49:07,474 - httpx - INFO - HTTP Request: POST https://api.telegram.org/bot8212814214:AAG29mEQN2EWS1wFvKbDqC8nr6SgN3_VeZ8/getUpdates "HTTP/1.1 200 OK"
2026-01-24 16:49:17,536 - httpx - INFO - HTTP Request: POST https://api.telegram.org/bot8212814214:AAG29mEQN2EWS1wFvKbDqC8nr6SgN3_VeZ8/getUpdates "HTTP/1.1 200 OK"
2026-01-24 16:49:27,606 - httpx - INFO - HTTP Request: POST https://api.telegram.org/bot8212814214:AAG29mEQN2EWS1wFvKbDqC8nr6SgN3_VeZ8/getUpdates "HTTP/1.1 200 OK"
2026-01-24 16:49:37,666 - httpx - INFO - HTTP Request: POST https://api.telegram.org/bot8212814214:AAG29mEQN2EWS1wFvKbDqC8nr6SgN3_VeZ8/getUpdates "HTTP/1.1 200 OK"
2026-01-24 16:49:47,743 - httpx - INFO - HTTP Request: POST https://api.telegram.org/bot8212814214:AAG29mEQN2EWS1wFvKbDqC8nr6SgN3_VeZ8/getUpdates "HTTP/1.1 200 OK"
2026-01-24 16:49:57,816 - httpx - INFO - HTTP Request: POST https://api.telegram.org/bot8212814214:AAG29mEQN2EWS1wFvKbDqC8nr6SgN3_VeZ8/getUpdates "HTTP/1.1 200 OK"
2026-01-24 16:50:07,874 - httpx - INFO - HTTP Request: POST https://api.telegram.org/bot8212814214:AAG29mEQN2EWS1wFvKbDqC8nr6SgN3_VeZ8/getUpdates "HTTP/1.1 200 OK"
2026-01-24 16:50:17,944 - httpx - INFO - HTTP Request: POST https://api.telegram.org/bot8212814214:AAG29mEQN2EWS1wFvKbDqC8nr6SgN3_VeZ8/getUpdates "HTTP/1.1 200 OK"
2026-01-24 16:50:28,016 - httpx - INFO - HTTP Request: POST https://api.telegram.org/bot8212814214:AAG29mEQN2EWS1wFvKbDqC8nr6SgN3_VeZ8/getUpdates "HTTP/1.1 200 OK"
2026-01-24 16:50:38,101 - httpx - INFO - HTTP Request: POST https://api.telegram.org/bot8212814214:AAG29mEQN2EWS1wFvKbDqC8nr6SgN3_VeZ8/getUpdates "HTTP/1.1 200 OK"
2026-01-24 16:50:48,184 - httpx - INFO - HTTP Request: POST https://api.telegram.org/bot8212814214:AAG29mEQN2EWS1wFvKbDqC8nr6SgN3_VeZ8/getUpdates "HTTP/1.1 200 OK"
2026-01-24 16:50:58,452 - httpx - INFO - HTTP Request: POST https://api.telegram.org/bot8212814214:AAG29mEQN2EWS1wFvKbDqC8nr6SgN3_VeZ8/getUpdates "HTTP/1.1 200 OK"
2026-01-24 16:51:08,523 - httpx - INFO - HTTP Request: POST https://api.telegram.org/bot8212814214:AAG29mEQN2EWS1wFvKbDqC8nr6SgN3_VeZ8/getUpdates "HTTP/1.1 200 OK"
2026-01-24 16:51:18,707 - httpx - INFO - HTTP Request: POST https://api.telegram.org/bot8212814214:AAG29mEQN2EWS1wFvKbDqC8nr6SgN3_VeZ8/getUpdates "HTTP/1.1 200 OK"
2026-01-24 16:51:28,786 - httpx - INFO - HTTP Request: POST https://api.telegram.org/bot8212814214:AAG29mEQN2EWS1wFvKbDqC8nr6SgN3_VeZ8/getUpdates "HTTP/1.1 200 OK"
2026-01-24 16:51:38,853 - httpx - INFO - HTTP Request: POST https://api.telegram.org/bot8212814214:AAG29mEQN2EWS1wFvKbDqC8nr6SgN3_VeZ8/getUpdates "HTTP/1.1 200 OK"
2026-01-24 16:51:48,921 - httpx - INFO - HTTP Request: POST https://api.telegram.org/bot8212814214:AAG29mEQN2EWS1wFvKbDqC8nr6SgN3_VeZ8/getUpdates "HTTP/1.1 200 OK"
2026-01-24 16:51:58,996 - httpx - INFO - HTTP Request: POST https://api.telegram.org/bot8212814214:AAG29mEQN2EWS1wFvKbDqC8nr6SgN3_VeZ8/getUpdates "HTTP/1.1 200 OK"
2026-01-24 16:52:09,061 - httpx - INFO - HTTP Request: POST https://api.telegram.org/bot8212814214:AAG29mEQN2EWS1wFvKbDqC8nr6SgN3_VeZ8/getUpdates "HTTP/1.1 200 OK"
2026-01-24 16:52:19,166 - httpx - INFO - HTTP Request: POST https://api.telegram.org/bot8212814214:AAG29mEQN2EWS1wFvKbDqC8nr6SgN3_VeZ8/getUpdates "HTTP/1.1 200 OK"
2026-01-24 16:52:29,229 - httpx - INFO - HTTP Request: POST https://api.telegram.org/bot8212814214:AAG29mEQN2EWS1wFvKbDqC8nr6SgN3_VeZ8/getUpdates "HTTP/1.1 200 OK"
2026-01-24 16:52:39,289 - httpx - INFO - HTTP Request: POST https://api.telegram.org/bot8212814214:AAG29mEQN2EWS1wFvKbDqC8nr6SgN3_VeZ8/getUpdates "HTTP/1.1 200 OK"
2026-01-24 16:52:49,349 - httpx - INFO - HTTP Request: POST https://api.telegram.org/bot8212814214:AAG29mEQN2EWS1wFvKbDqC8nr6SgN3_VeZ8/getUpdates "HTTP/1.1 200 OK"
2026-01-24 16:52:59,507 - httpx - INFO - HTTP Request: POST https://api.telegram.org/bot8212814214:AAG29mEQN2EWS1wFvKbDqC8nr6SgN3_VeZ8/getUpdates "HTTP/1.1 200 OK"
2026-01-24 16:53:09,569 - httpx - INFO - HTTP Request: POST https://api.telegram.org/bot8212814214:AAG29mEQN2EWS1wFvKbDqC8nr6SgN3_VeZ8/getUpdates "HTTP/1.1 200 OK"
2026-01-24 16:53:19,628 - httpx - INFO - HTTP Request: POST https://api.telegram.org/bot8212814214:AAG29mEQN2EWS1wFvKbDqC8nr6SgN3_VeZ8/getUpdates "HTTP/1.1 200 OK"
2026-01-24 16:53:29,688 - httpx - INFO - HTTP Request: POST https://api.telegram.org/bot8212814214:AAG29mEQN2EWS1wFvKbDqC8nr6SgN3_VeZ8/getUpdates "HTTP/1.1 200 OK"
2026-01-24 16:53:39,854 - httpx - INFO - HTTP Request: POST https://api.telegram.org/bot8212814214:AAG29mEQN2EWS1wFvKbDqC8nr6SgN3_VeZ8/getUpdates "HTTP/1.1 200 OK"
2026-01-24 16:53:49,919 - httpx - INFO - HTTP Request: POST https://api.telegram.org/bot8212814214:AAG29mEQN2EWS1wFvKbDqC8nr6SgN3_VeZ8/getUpdates "HTTP/1.1 200 OK"
2026-01-24 16:53:59,981 - httpx - INFO - HTTP Request: POST https://api.telegram.org/bot8212814214:AAG29mEQN2EWS1wFvKbDqC8nr6SgN3_VeZ8/getUpdates "HTTP/1.1 200 OK"
2026-01-24 16:54:10,065 - httpx - INFO - HTTP Request: POST https://api.telegram.org/bot8212814214:AAG29mEQN2EWS1wFvKbDqC8nr6SgN3_VeZ8/getUpdates "HTTP/1.1 200 OK"
2026-01-24 16:54:20,137 - httpx - INFO - HTTP Request: POST https://api.telegram.org/bot8212814214:AAG29mEQN2EWS1wFvKbDqC8nr6SgN3_VeZ8/getUpdates "HTTP/1.1 200 OK"
2026-01-24 16:54:30,249 - httpx - INFO - HTTP Request: POST https://api.telegram.org/bot8212814214:AAG29mEQN2EWS1wFvKbDqC8nr6SgN3_VeZ8/getUpdates "HTTP/1.1 200 OK"
2026-01-24 16:54:40,363 - httpx - INFO - HTTP Request: POST https://api.telegram.org/bot8212814214:AAG29mEQN2EWS1wFvKbDqC8nr6SgN3_VeZ8/getUpdates "HTTP/1.1 200 OK"
2026-01-24 16:54:50,760 - httpx - INFO - HTTP Request: POST https://api.telegram.org/bot8212814214:AAG29mEQN2EWS1wFvKbDqC8nr6SgN3_VeZ8/getUpdates "HTTP/1.1 200 OK"
2026-01-24 16:55:00,827 - httpx - INFO - HTTP Request: POST https://api.telegram.org/bot8212814214:AAG29mEQN2EWS1wFvKbDqC8nr6SgN3_VeZ8/getUpdates "HTTP/1.1 200 OK"
2026-01-24 16:55:10,936 - httpx - INFO - HTTP Request: POST https://api.telegram.org/bot8212814214:AAG29mEQN2EWS1wFvKbDqC8nr6SgN3_VeZ8/getUpdates "HTTP/1.1 200 OK"
2026-01-24 16:55:21,006 - httpx - INFO - HTTP Request: POST https://api.telegram.org/bot8212814214:AAG29mEQN2EWS1wFvKbDqC8nr6SgN3_VeZ8/getUpdates "HTTP/1.1 200 OK"
2026-01-24 16:55:31,139 - httpx - INFO - HTTP Request: POST https://api.telegram.org/bot8212814214:AAG29mEQN2EWS1wFvKbDqC8nr6SgN3_VeZ8/getUpdates "HTTP/1.1 200 OK"
2026-01-24 16:55:41,235 - httpx - INFO - HTTP Request: POST https://api.telegram.org/bot8212814214:AAG29mEQN2EWS1wFvKbDqC8nr6SgN3_VeZ8/getUpdates "HTTP/1.1 200 OK"
2026-01-24 16:55:51,380 - httpx - INFO - HTTP Request: POST https://api.telegram.org/bot8212814214:AAG29mEQN2EWS1wFvKbDqC8nr6SgN3_VeZ8/getUpdates "HTTP/1.1 200 OK"
2026-01-24 16:56:01,488 - httpx - INFO - HTTP Request: POST https://api.telegram.org/bot8212814214:AAG29mEQN2EWS1wFvKbDqC8nr6SgN3_VeZ8/getUpdates "HTTP/1.1 200 OK"
2026-01-24 16:56:11,581 - httpx - INFO - HTTP Request: POST https://api.telegram.org/bot8212814214:AAG29mEQN2EWS1wFvKbDqC8nr6SgN3_VeZ8/getUpdates "HTTP/1.1 200 OK"
2026-01-24 16:56:21,983 - httpx - INFO - HTTP Request: POST https://api.telegram.org/bot8212814214:AAG29mEQN2EWS1wFvKbDqC8nr6SgN3_VeZ8/getUpdates "HTTP/1.1 200 OK"
2026-01-24 16:56:32,121 - httpx - INFO - HTTP Request: POST https://api.telegram.org/bot8212814214:AAG29mEQN2EWS1wFvKbDqC8nr6SgN3_VeZ8/getUpdates "HTTP/1.1 200 OK"
2026-01-24 16:56:42,188 - httpx - INFO - HTTP Request: POST https://api.telegram.org/bot8212814214:AAG29mEQN2EWS1wFvKbDqC8nr6SgN3_VeZ8/getUpdates "HTTP/1.1 200 OK"
2026-01-24 16:56:52,292 - httpx - INFO - HTTP Request: POST https://api.telegram.org/bot8212814214:AAG29mEQN2EWS1wFvKbDqC8nr6SgN3_VeZ8/getUpdates "HTTP/1.1 200 OK"
2026-01-24 16:57:02,355 - httpx - INFO - HTTP Request: POST https://api.telegram.org/bot8212814214:AAG29mEQN2EWS1wFvKbDqC8nr6SgN3_VeZ8/getUpdates "HTTP/1.1 200 OK"
2026-01-24 16:57:12,451 - httpx - INFO - HTTP Request: POST https://api.telegram.org/bot8212814214:AAG29mEQN2EWS1wFvKbDqC8nr6SgN3_VeZ8/getUpdates "HTTP/1.1 200 OK"
2026-01-24 16:57:22,583 - httpx - INFO - HTTP Request: POST https://api.telegram.org/bot8212814214:AAG29mEQN2EWS1wFvKbDqC8nr6SgN3_VeZ8/getUpdates "HTTP/1.1 200 OK"
2026-01-24 16:57:32,654 - httpx - INFO - HTTP Request: POST https://api.telegram.org/bot8212814214:AAG29mEQN2EWS1wFvKbDqC8nr6SgN3_VeZ8/getUpdates "HTTP/1.1 200 OK"
2026-01-24 16:57:42,970 - httpx - INFO - HTTP Request: POST https://api.telegram.org/bot8212814214:AAG29mEQN2EWS1wFvKbDqC8nr6SgN3_VeZ8/getUpdates "HTTP/1.1 200 OK"
2026-01-24 16:58:08,430 - httpx - INFO - HTTP Request: POST https://api.telegram.org/bot8212814214:AAG29mEQN2EWS1wFvKbDqC8nr6SgN3_VeZ8/getUpdates "HTTP/1.1 200 OK"
2026-01-24 16:58:20,293 - httpx - INFO - HTTP Request: POST https://api.telegram.org/bot8212814214:AAG29mEQN2EWS1wFvKbDqC8nr6SgN3_VeZ8/getUpdates "HTTP/1.1 200 OK"
2026-01-24 16:58:30,409 - httpx - INFO - HTTP Request: POST https://api.telegram.org/bot8212814214:AAG29mEQN2EWS1wFvKbDqC8nr6SgN3_VeZ8/getUpdates "HTTP/1.1 200 OK"
2026-01-24 16:58:40,743 - httpx - INFO - HTTP Request: POST https://api.telegram.org/bot8212814214:AAG29mEQN2EWS1wFvKbDqC8nr6SgN3_VeZ8/getUpdates "HTTP/1.1 200 OK"
2026-01-24 16:58:52,018 - httpx - INFO - HTTP Request: POST https://api.telegram.org/bot8212814214:AAG29mEQN2EWS1wFvKbDqC8nr6SgN3_VeZ8/getUpdates "HTTP/1.1 200 OK"
2026-01-24 16:59:02,093 - httpx - INFO - HTTP Request: POST https://api.telegram.org/bot8212814214:AAG29mEQN2EWS1wFvKbDqC8nr6SgN3_VeZ8/getUpdates "HTTP/1.1 200 OK"
2026-01-24 16:59:12,258 - httpx - INFO - HTTP Request: POST https://api.telegram.org/bot8212814214:AAG29mEQN2EWS1wFvKbDqC8nr6SgN3_VeZ8/getUpdates "HTTP/1.1 200 OK"
2026-01-24 16:59:22,357 - httpx - INFO - HTTP Request: POST https://api.telegram.org/bot8212814214:AAG29mEQN2EWS1wFvKbDqC8nr6SgN3_VeZ8/getUpdates "HTTP/1.1 200 OK"
2026-01-24 16:59:32,443 - httpx - INFO - HTTP Request: POST https://api.telegram.org/bot8212814214:AAG29mEQN2EWS1wFvKbDqC8nr6SgN3_VeZ8/getUpdates "HTTP/1.1 200 OK"
2026-01-24 16:59:42,610 - httpx - INFO - HTTP Request: POST https://api.telegram.org/bot8212814214:AAG29mEQN2EWS1wFvKbDqC8nr6SgN3_VeZ8/getUpdates "HTTP/1.1 200 OK"
2026-01-24 16:59:52,730 - httpx - INFO - HTTP Request: POST https://api.telegram.org/bot8212814214:AAG29mEQN2EWS1wFvKbDqC8nr6SgN3_VeZ8/getUpdates "HTTP/1.1 200 OK"
2026-01-24 17:00:03,338 - httpx - INFO - HTTP Request: POST https://api.telegram.org/bot8212814214:AAG29mEQN2EWS1wFvKbDqC8nr6SgN3_VeZ8/getUpdates "HTTP/1.1 200 OK"
2026-01-24 17:00:13,409 - httpx - INFO - HTTP Request: POST https://api.telegram.org/bot8212814214:AAG29mEQN2EWS1wFvKbDqC8nr6SgN3_VeZ8/getUpdates "HTTP/1.1 200 OK"
2026-01-24 17:00:23,479 - httpx - INFO - HTTP Request: POST https://api.telegram.org/bot8212814214:AAG29mEQN2EWS1wFvKbDqC8nr6SgN3_VeZ8/getUpdates "HTTP/1.1 200 OK"
2026-01-24 17:00:33,851 - httpx - INFO - HTTP Request: POST https://api.telegram.org/bot8212814214:AAG29mEQN2EWS1wFvKbDqC8nr6SgN3_VeZ8/getUpdates "HTTP/1.1 200 OK"
2026-01-24 17:00:44,432 - httpx - INFO - HTTP Request: POST https://api.telegram.org/bot8212814214:AAG29mEQN2EWS1wFvKbDqC8nr6SgN3_VeZ8/getUpdates "HTTP/1.1 200 OK"
2026-01-24 17:00:54,550 - httpx - INFO - HTTP Request: POST https://api.telegram.org/bot8212814214:AAG29mEQN2EWS1wFvKbDqC8nr6SgN3_VeZ8/getUpdates "HTTP/1.1 200 OK"
2026-01-24 17:01:04,618 - httpx - INFO - HTTP Request: POST https://api.telegram.org/bot8212814214:AAG29mEQN2EWS1wFvKbDqC8nr6SgN3_VeZ8/getUpdates "HTTP/1.1 200 OK"
2026-01-24 17:01:14,911 - httpx - INFO - HTTP Request: POST https://api.telegram.org/bot8212814214:AAG29mEQN2EWS1wFvKbDqC8nr6SgN3_VeZ8/getUpdates "HTTP/1.1 200 OK"
2026-01-24 17:01:25,055 - httpx - INFO - HTTP Request: POST https://api.telegram.org/bot8212814214:AAG29mEQN2EWS1wFvKbDqC8nr6SgN3_VeZ8/getUpdates "HTTP/1.1 200 OK"
2026-01-24 17:01:35,124 - httpx - INFO - HTTP Request: POST https://api.telegram.org/bot8212814214:AAG29mEQN2EWS1wFvKbDqC8nr6SgN3_VeZ8/getUpdates "HTTP/1.1 200 OK"
2026-01-24 17:01:45,195 - httpx - INFO - HTTP Request: POST https://api.telegram.org/bot8212814214:AAG29mEQN2EWS1wFvKbDqC8nr6SgN3_VeZ8/getUpdates "HTTP/1.1 200 OK"
2026-01-24 17:01:55,266 - httpx - INFO - HTTP Request: POST https://api.telegram.org/bot8212814214:AAG29mEQN2EWS1wFvKbDqC8nr6SgN3_VeZ8/getUpdates "HTTP/1.1 200 OK"
2026-01-24 17:02:05,333 - httpx - INFO - HTTP Request: POST https://api.telegram.org/bot8212814214:AAG29mEQN2EWS1wFvKbDqC8nr6SgN3_VeZ8/getUpdates "HTTP/1.1 200 OK"
2026-01-24 17:02:15,404 - httpx - INFO - HTTP Request: POST https://api.telegram.org/bot8212814214:AAG29mEQN2EWS1wFvKbDqC8nr6SgN3_VeZ8/getUpdates "HTTP/1.1 200 OK"
2026-01-24 17:02:25,496 - httpx - INFO - HTTP Request: POST https://api.telegram.org/bot8212814214:AAG29mEQN2EWS1wFvKbDqC8nr6SgN3_VeZ8/getUpdates "HTTP/1.1 200 OK"
2026-01-24 17:02:35,572 - httpx - INFO - HTTP Request: POST https://api.telegram.org/bot8212814214:AAG29mEQN2EWS1wFvKbDqC8nr6SgN3_VeZ8/getUpdates "HTTP/1.1 200 OK"
2026-01-24 17:02:45,632 - httpx - INFO - HTTP Request: POST https://api.telegram.org/bot8212814214:AAG29mEQN2EWS1wFvKbDqC8nr6SgN3_VeZ8/getUpdates "HTTP/1.1 200 OK"
2026-01-24 17:02:55,706 - httpx - INFO - HTTP Request: POST https://api.telegram.org/bot8212814214:AAG29mEQN2EWS1wFvKbDqC8nr6SgN3_VeZ8/getUpdates "HTTP/1.1 200 OK"
2026-01-24 17:03:05,773 - httpx - INFO - HTTP Request: POST https://api.telegram.org/bot8212814214:AAG29mEQN2EWS1wFvKbDqC8nr6SgN3_VeZ8/getUpdates "HTTP/1.1 200 OK"
2026-01-24 17:03:15,936 - httpx - INFO - HTTP Request: POST https://api.telegram.org/bot8212814214:AAG29mEQN2EWS1wFvKbDqC8nr6SgN3_VeZ8/getUpdates "HTTP/1.1 200 OK"
2026-01-24 17:03:26,739 - httpx - INFO - HTTP Request: POST https://api.telegram.org/bot8212814214:AAG29mEQN2EWS1wFvKbDqC8nr6SgN3_VeZ8/getUpdates "HTTP/1.1 200 OK"
2026-01-24 17:06:26,889 - telegram.ext.Updater - ERROR - Error while getting Updates: httpx.ConnectError: [Errno 8] nodename nor servname provided, or not known
2026-01-24 17:06:26,890 - telegram.ext.Application - ERROR - No error handlers are registered, logging exception.
Traceback (most recent call last):
  File "/Library/Frameworks/Python.framework/Versions/3.12/lib/python3.12/site-packages/httpx/_transports/default.py", line 101, in map_httpcore_exceptions
    yield
  File "/Library/Frameworks/Python.framework/Versions/3.12/lib/python3.12/site-packages/httpx/_transports/default.py", line 394, in handle_async_request
    resp = await self._pool.handle_async_request(req)
           ^^^^^^^^^^^^^^^^^^^^^^^^^^^^^^^^^^^^^^^^^^
  File "/Library/Frameworks/Python.framework/Versions/3.12/lib/python3.12/site-packages/httpcore/_async/connection_pool.py", line 216, in handle_async_request
    raise exc from None
  File "/Library/Frameworks/Python.framework/Versions/3.12/lib/python3.12/site-packages/httpcore/_async/connection_pool.py", line 196, in handle_async_request
    response = await connection.handle_async_request(
               ^^^^^^^^^^^^^^^^^^^^^^^^^^^^^^^^^^^^^^
  File "/Library/Frameworks/Python.framework/Versions/3.12/lib/python3.12/site-packages/httpcore/_async/connection.py", line 99, in handle_async_request
    raise exc
  File "/Library/Frameworks/Python.framework/Versions/3.12/lib/python3.12/site-packages/httpcore/_async/connection.py", line 76, in handle_async_request
    stream = await self._connect(request)
             ^^^^^^^^^^^^^^^^^^^^^^^^^^^^
  File "/Library/Frameworks/Python.framework/Versions/3.12/lib/python3.12/site-packages/httpcore/_async/connection.py", line 122, in _connect
    stream = await self._network_backend.connect_tcp(**kwargs)
             ^^^^^^^^^^^^^^^^^^^^^^^^^^^^^^^^^^^^^^^^^^^^^^^^^
  File "/Library/Frameworks/Python.framework/Versions/3.12/lib/python3.12/site-packages/httpcore/_backends/auto.py", line 30, in connect_tcp
    return await self._backend.connect_tcp(
           ^^^^^^^^^^^^^^^^^^^^^^^^^^^^^^^^
  File "/Library/Frameworks/Python.framework/Versions/3.12/lib/python3.12/site-packages/httpcore/_backends/anyio.py", line 114, in connect_tcp
    with map_exceptions(exc_map):
  File "/Library/Frameworks/Python.framework/Versions/3.12/lib/python3.12/contextlib.py", line 158, in __exit__
    self.gen.throw(value)
  File "/Library/Frameworks/Python.framework/Versions/3.12/lib/python3.12/site-packages/httpcore/_exceptions.py", line 14, in map_exceptions
    raise to_exc(exc) from exc
httpcore.ConnectError: [Errno 8] nodename nor servname provided, or not known

The above exception was the direct cause of the following exception:

Traceback (most recent call last):
  File "/Library/Frameworks/Python.framework/Versions/3.12/lib/python3.12/site-packages/telegram/request/_httpxrequest.py", line 276, in do_request
    res = await self._client.request(
          ^^^^^^^^^^^^^^^^^^^^^^^^^^^
  File "/Library/Frameworks/Python.framework/Versions/3.12/lib/python3.12/site-packages/httpx/_client.py", line 1540, in request
    return await self.send(request, auth=auth, follow_redirects=follow_redirects)
           ^^^^^^^^^^^^^^^^^^^^^^^^^^^^^^^^^^^^^^^^^^^^^^^^^^^^^^^^^^^^^^^^^^^^^^
  File "/Library/Frameworks/Python.framework/Versions/3.12/lib/python3.12/site-packages/httpx/_client.py", line 1629, in send
    response = await self._send_handling_auth(
               ^^^^^^^^^^^^^^^^^^^^^^^^^^^^^^^
  File "/Library/Frameworks/Python.framework/Versions/3.12/lib/python3.12/site-packages/httpx/_client.py", line 1657, in _send_handling_auth
    response = await self._send_handling_redirects(
               ^^^^^^^^^^^^^^^^^^^^^^^^^^^^^^^^^^^^
  File "/Library/Frameworks/Python.framework/Versions/3.12/lib/python3.12/site-packages/httpx/_client.py", line 1694, in _send_handling_redirects
    response = await self._send_single_request(request)
               ^^^^^^^^^^^^^^^^^^^^^^^^^^^^^^^^^^^^^^^^
  File "/Library/Frameworks/Python.framework/Versions/3.12/lib/python3.12/site-packages/httpx/_client.py", line 1730, in _send_single_request
    response = await transport.handle_async_request(request)
               ^^^^^^^^^^^^^^^^^^^^^^^^^^^^^^^^^^^^^^^^^^^^^
  File "/Library/Frameworks/Python.framework/Versions/3.12/lib/python3.12/site-packages/httpx/_transports/default.py", line 393, in handle_async_request
    with map_httpcore_exceptions():
  File "/Library/Frameworks/Python.framework/Versions/3.12/lib/python3.12/contextlib.py", line 158, in __exit__
    self.gen.throw(value)
  File "/Library/Frameworks/Python.framework/Versions/3.12/lib/python3.12/site-packages/httpx/_transports/default.py", line 118, in map_httpcore_exceptions
    raise mapped_exc(message) from exc
httpx.ConnectError: [Errno 8] nodename nor servname provided, or not known

The above exception was the direct cause of the following exception:

Traceback (most recent call last):
  File "/Library/Frameworks/Python.framework/Versions/3.12/lib/python3.12/site-packages/telegram/ext/_updater.py", line 742, in _network_loop_retry
    if not await do_action():
           ^^^^^^^^^^^^^^^^^
  File "/Library/Frameworks/Python.framework/Versions/3.12/lib/python3.12/site-packages/telegram/ext/_updater.py", line 736, in do_action
    return action_cb_task.result()
           ^^^^^^^^^^^^^^^^^^^^^^^
  File "/Library/Frameworks/Python.framework/Versions/3.12/lib/python3.12/site-packages/telegram/ext/_updater.py", line 387, in polling_action_cb
    raise exc
  File "/Library/Frameworks/Python.framework/Versions/3.12/lib/python3.12/site-packages/telegram/ext/_updater.py", line 376, in polling_action_cb
    updates = await self.bot.get_updates(
              ^^^^^^^^^^^^^^^^^^^^^^^^^^^
  File "/Library/Frameworks/Python.framework/Versions/3.12/lib/python3.12/site-packages/telegram/ext/_extbot.py", line 618, in get_updates
    updates = await super().get_updates(
              ^^^^^^^^^^^^^^^^^^^^^^^^^^
  File "/Library/Frameworks/Python.framework/Versions/3.12/lib/python3.12/site-packages/telegram/_bot.py", line 541, in decorator
    result = await func(self, *args, **kwargs)
             ^^^^^^^^^^^^^^^^^^^^^^^^^^^^^^^^^
  File "/Library/Frameworks/Python.framework/Versions/3.12/lib/python3.12/site-packages/telegram/_bot.py", line 4177, in get_updates
    await self._post(
  File "/Library/Frameworks/Python.framework/Versions/3.12/lib/python3.12/site-packages/telegram/_bot.py", line 629, in _post
    return await self._do_post(
           ^^^^^^^^^^^^^^^^^^^^
  File "/Library/Frameworks/Python.framework/Versions/3.12/lib/python3.12/site-packages/telegram/ext/_extbot.py", line 347, in _do_post
    return await super()._do_post(
           ^^^^^^^^^^^^^^^^^^^^^^^
  File "/Library/Frameworks/Python.framework/Versions/3.12/lib/python3.12/site-packages/telegram/_bot.py", line 657, in _do_post
    return await request.post(
           ^^^^^^^^^^^^^^^^^^^
  File "/Library/Frameworks/Python.framework/Versions/3.12/lib/python3.12/site-packages/telegram/request/_baserequest.py", line 200, in post
    result = await self._request_wrapper(
             ^^^^^^^^^^^^^^^^^^^^^^^^^^^^
  File "/Library/Frameworks/Python.framework/Versions/3.12/lib/python3.12/site-packages/telegram/request/_baserequest.py", line 340, in _request_wrapper
    raise exc
  File "/Library/Frameworks/Python.framework/Versions/3.12/lib/python3.12/site-packages/telegram/request/_baserequest.py", line 330, in _request_wrapper
    code, payload = await self.do_request(
                    ^^^^^^^^^^^^^^^^^^^^^^
  File "/Library/Frameworks/Python.framework/Versions/3.12/lib/python3.12/site-packages/telegram/request/_httpxrequest.py", line 300, in do_request
    raise NetworkError(f"httpx.{err.__class__.__name__}: {err}") from err
telegram.error.NetworkError: httpx.ConnectError: [Errno 8] nodename nor servname provided, or not known
2026-01-24 17:06:27,895 - telegram.ext.Updater - ERROR - Error while getting Updates: httpx.ConnectError: [Errno 8] nodename nor servname provided, or not known
2026-01-24 17:06:27,895 - telegram.ext.Application - ERROR - No error handlers are registered, logging exception.
Traceback (most recent call last):
  File "/Library/Frameworks/Python.framework/Versions/3.12/lib/python3.12/site-packages/httpx/_transports/default.py", line 101, in map_httpcore_exceptions
    yield
  File "/Library/Frameworks/Python.framework/Versions/3.12/lib/python3.12/site-packages/httpx/_transports/default.py", line 394, in handle_async_request
    resp = await self._pool.handle_async_request(req)
           ^^^^^^^^^^^^^^^^^^^^^^^^^^^^^^^^^^^^^^^^^^
  File "/Library/Frameworks/Python.framework/Versions/3.12/lib/python3.12/site-packages/httpcore/_async/connection_pool.py", line 216, in handle_async_request
    raise exc from None
  File "/Library/Frameworks/Python.framework/Versions/3.12/lib/python3.12/site-packages/httpcore/_async/connection_pool.py", line 196, in handle_async_request
    response = await connection.handle_async_request(
               ^^^^^^^^^^^^^^^^^^^^^^^^^^^^^^^^^^^^^^
  File "/Library/Frameworks/Python.framework/Versions/3.12/lib/python3.12/site-packages/httpcore/_async/connection.py", line 99, in handle_async_request
    raise exc
  File "/Library/Frameworks/Python.framework/Versions/3.12/lib/python3.12/site-packages/httpcore/_async/connection.py", line 76, in handle_async_request
    stream = await self._connect(request)
             ^^^^^^^^^^^^^^^^^^^^^^^^^^^^
  File "/Library/Frameworks/Python.framework/Versions/3.12/lib/python3.12/site-packages/httpcore/_async/connection.py", line 122, in _connect
    stream = await self._network_backend.connect_tcp(**kwargs)
             ^^^^^^^^^^^^^^^^^^^^^^^^^^^^^^^^^^^^^^^^^^^^^^^^^
  File "/Library/Frameworks/Python.framework/Versions/3.12/lib/python3.12/site-packages/httpcore/_backends/auto.py", line 30, in connect_tcp
    return await self._backend.connect_tcp(
           ^^^^^^^^^^^^^^^^^^^^^^^^^^^^^^^^
  File "/Library/Frameworks/Python.framework/Versions/3.12/lib/python3.12/site-packages/httpcore/_backends/anyio.py", line 114, in connect_tcp
    with map_exceptions(exc_map):
  File "/Library/Frameworks/Python.framework/Versions/3.12/lib/python3.12/contextlib.py", line 158, in __exit__
    self.gen.throw(value)
  File "/Library/Frameworks/Python.framework/Versions/3.12/lib/python3.12/site-packages/httpcore/_exceptions.py", line 14, in map_exceptions
    raise to_exc(exc) from exc
httpcore.ConnectError: [Errno 8] nodename nor servname provided, or not known

The above exception was the direct cause of the following exception:

Traceback (most recent call last):
  File "/Library/Frameworks/Python.framework/Versions/3.12/lib/python3.12/site-packages/telegram/request/_httpxrequest.py", line 276, in do_request
    res = await self._client.request(
          ^^^^^^^^^^^^^^^^^^^^^^^^^^^
  File "/Library/Frameworks/Python.framework/Versions/3.12/lib/python3.12/site-packages/httpx/_client.py", line 1540, in request
    return await self.send(request, auth=auth, follow_redirects=follow_redirects)
           ^^^^^^^^^^^^^^^^^^^^^^^^^^^^^^^^^^^^^^^^^^^^^^^^^^^^^^^^^^^^^^^^^^^^^^
  File "/Library/Frameworks/Python.framework/Versions/3.12/lib/python3.12/site-packages/httpx/_client.py", line 1629, in send
    response = await self._send_handling_auth(
               ^^^^^^^^^^^^^^^^^^^^^^^^^^^^^^^
  File "/Library/Frameworks/Python.framework/Versions/3.12/lib/python3.12/site-packages/httpx/_client.py", line 1657, in _send_handling_auth
    response = await self._send_handling_redirects(
               ^^^^^^^^^^^^^^^^^^^^^^^^^^^^^^^^^^^^
  File "/Library/Frameworks/Python.framework/Versions/3.12/lib/python3.12/site-packages/httpx/_client.py", line 1694, in _send_handling_redirects
    response = await self._send_single_request(request)
               ^^^^^^^^^^^^^^^^^^^^^^^^^^^^^^^^^^^^^^^^
  File "/Library/Frameworks/Python.framework/Versions/3.12/lib/python3.12/site-packages/httpx/_client.py", line 1730, in _send_single_request
    response = await transport.handle_async_request(request)
               ^^^^^^^^^^^^^^^^^^^^^^^^^^^^^^^^^^^^^^^^^^^^^
  File "/Library/Frameworks/Python.framework/Versions/3.12/lib/python3.12/site-packages/httpx/_transports/default.py", line 393, in handle_async_request
    with map_httpcore_exceptions():
  File "/Library/Frameworks/Python.framework/Versions/3.12/lib/python3.12/contextlib.py", line 158, in __exit__
    self.gen.throw(value)
  File "/Library/Frameworks/Python.framework/Versions/3.12/lib/python3.12/site-packages/httpx/_transports/default.py", line 118, in map_httpcore_exceptions
    raise mapped_exc(message) from exc
httpx.ConnectError: [Errno 8] nodename nor servname provided, or not known

The above exception was the direct cause of the following exception:

Traceback (most recent call last):
  File "/Library/Frameworks/Python.framework/Versions/3.12/lib/python3.12/site-packages/telegram/ext/_updater.py", line 742, in _network_loop_retry
    if not await do_action():
           ^^^^^^^^^^^^^^^^^
  File "/Library/Frameworks/Python.framework/Versions/3.12/lib/python3.12/site-packages/telegram/ext/_updater.py", line 736, in do_action
    return action_cb_task.result()
           ^^^^^^^^^^^^^^^^^^^^^^^
  File "/Library/Frameworks/Python.framework/Versions/3.12/lib/python3.12/site-packages/telegram/ext/_updater.py", line 387, in polling_action_cb
    raise exc
  File "/Library/Frameworks/Python.framework/Versions/3.12/lib/python3.12/site-packages/telegram/ext/_updater.py", line 376, in polling_action_cb
    updates = await self.bot.get_updates(
              ^^^^^^^^^^^^^^^^^^^^^^^^^^^
  File "/Library/Frameworks/Python.framework/Versions/3.12/lib/python3.12/site-packages/telegram/ext/_extbot.py", line 618, in get_updates
    updates = await super().get_updates(
              ^^^^^^^^^^^^^^^^^^^^^^^^^^
  File "/Library/Frameworks/Python.framework/Versions/3.12/lib/python3.12/site-packages/telegram/_bot.py", line 541, in decorator
    result = await func(self, *args, **kwargs)
             ^^^^^^^^^^^^^^^^^^^^^^^^^^^^^^^^^
  File "/Library/Frameworks/Python.framework/Versions/3.12/lib/python3.12/site-packages/telegram/_bot.py", line 4177, in get_updates
    await self._post(
  File "/Library/Frameworks/Python.framework/Versions/3.12/lib/python3.12/site-packages/telegram/_bot.py", line 629, in _post
    return await self._do_post(
           ^^^^^^^^^^^^^^^^^^^^
  File "/Library/Frameworks/Python.framework/Versions/3.12/lib/python3.12/site-packages/telegram/ext/_extbot.py", line 347, in _do_post
    return await super()._do_post(
           ^^^^^^^^^^^^^^^^^^^^^^^
  File "/Library/Frameworks/Python.framework/Versions/3.12/lib/python3.12/site-packages/telegram/_bot.py", line 657, in _do_post
    return await request.post(
           ^^^^^^^^^^^^^^^^^^^
  File "/Library/Frameworks/Python.framework/Versions/3.12/lib/python3.12/site-packages/telegram/request/_baserequest.py", line 200, in post
    result = await self._request_wrapper(
             ^^^^^^^^^^^^^^^^^^^^^^^^^^^^
  File "/Library/Frameworks/Python.framework/Versions/3.12/lib/python3.12/site-packages/telegram/request/_baserequest.py", line 340, in _request_wrapper
    raise exc
  File "/Library/Frameworks/Python.framework/Versions/3.12/lib/python3.12/site-packages/telegram/request/_baserequest.py", line 330, in _request_wrapper
    code, payload = await self.do_request(
                    ^^^^^^^^^^^^^^^^^^^^^^
  File "/Library/Frameworks/Python.framework/Versions/3.12/lib/python3.12/site-packages/telegram/request/_httpxrequest.py", line 300, in do_request
    raise NetworkError(f"httpx.{err.__class__.__name__}: {err}") from err
telegram.error.NetworkError: httpx.ConnectError: [Errno 8] nodename nor servname provided, or not known
2026-01-24 17:06:29,399 - telegram.ext.Updater - ERROR - Error while getting Updates: httpx.ConnectError: [Errno 8] nodename nor servname provided, or not known
2026-01-24 17:06:29,399 - telegram.ext.Application - ERROR - No error handlers are registered, logging exception.
Traceback (most recent call last):
  File "/Library/Frameworks/Python.framework/Versions/3.12/lib/python3.12/site-packages/httpx/_transports/default.py", line 101, in map_httpcore_exceptions
    yield
  File "/Library/Frameworks/Python.framework/Versions/3.12/lib/python3.12/site-packages/httpx/_transports/default.py", line 394, in handle_async_request
    resp = await self._pool.handle_async_request(req)
           ^^^^^^^^^^^^^^^^^^^^^^^^^^^^^^^^^^^^^^^^^^
  File "/Library/Frameworks/Python.framework/Versions/3.12/lib/python3.12/site-packages/httpcore/_async/connection_pool.py", line 216, in handle_async_request
    raise exc from None
  File "/Library/Frameworks/Python.framework/Versions/3.12/lib/python3.12/site-packages/httpcore/_async/connection_pool.py", line 196, in handle_async_request
    response = await connection.handle_async_request(
               ^^^^^^^^^^^^^^^^^^^^^^^^^^^^^^^^^^^^^^
  File "/Library/Frameworks/Python.framework/Versions/3.12/lib/python3.12/site-packages/httpcore/_async/connection.py", line 99, in handle_async_request
    raise exc
  File "/Library/Frameworks/Python.framework/Versions/3.12/lib/python3.12/site-packages/httpcore/_async/connection.py", line 76, in handle_async_request
    stream = await self._connect(request)
             ^^^^^^^^^^^^^^^^^^^^^^^^^^^^
  File "/Library/Frameworks/Python.framework/Versions/3.12/lib/python3.12/site-packages/httpcore/_async/connection.py", line 122, in _connect
    stream = await self._network_backend.connect_tcp(**kwargs)
             ^^^^^^^^^^^^^^^^^^^^^^^^^^^^^^^^^^^^^^^^^^^^^^^^^
  File "/Library/Frameworks/Python.framework/Versions/3.12/lib/python3.12/site-packages/httpcore/_backends/auto.py", line 30, in connect_tcp
    return await self._backend.connect_tcp(
           ^^^^^^^^^^^^^^^^^^^^^^^^^^^^^^^^
  File "/Library/Frameworks/Python.framework/Versions/3.12/lib/python3.12/site-packages/httpcore/_backends/anyio.py", line 114, in connect_tcp
    with map_exceptions(exc_map):
  File "/Library/Frameworks/Python.framework/Versions/3.12/lib/python3.12/contextlib.py", line 158, in __exit__
    self.gen.throw(value)
  File "/Library/Frameworks/Python.framework/Versions/3.12/lib/python3.12/site-packages/httpcore/_exceptions.py", line 14, in map_exceptions
    raise to_exc(exc) from exc
httpcore.ConnectError: [Errno 8] nodename nor servname provided, or not known

The above exception was the direct cause of the following exception:

Traceback (most recent call last):
  File "/Library/Frameworks/Python.framework/Versions/3.12/lib/python3.12/site-packages/telegram/request/_httpxrequest.py", line 276, in do_request
    res = await self._client.request(
          ^^^^^^^^^^^^^^^^^^^^^^^^^^^
  File "/Library/Frameworks/Python.framework/Versions/3.12/lib/python3.12/site-packages/httpx/_client.py", line 1540, in request
    return await self.send(request, auth=auth, follow_redirects=follow_redirects)
           ^^^^^^^^^^^^^^^^^^^^^^^^^^^^^^^^^^^^^^^^^^^^^^^^^^^^^^^^^^^^^^^^^^^^^^
  File "/Library/Frameworks/Python.framework/Versions/3.12/lib/python3.12/site-packages/httpx/_client.py", line 1629, in send
    response = await self._send_handling_auth(
               ^^^^^^^^^^^^^^^^^^^^^^^^^^^^^^^
  File "/Library/Frameworks/Python.framework/Versions/3.12/lib/python3.12/site-packages/httpx/_client.py", line 1657, in _send_handling_auth
    response = await self._send_handling_redirects(
               ^^^^^^^^^^^^^^^^^^^^^^^^^^^^^^^^^^^^
  File "/Library/Frameworks/Python.framework/Versions/3.12/lib/python3.12/site-packages/httpx/_client.py", line 1694, in _send_handling_redirects
    response = await self._send_single_request(request)
               ^^^^^^^^^^^^^^^^^^^^^^^^^^^^^^^^^^^^^^^^
  File "/Library/Frameworks/Python.framework/Versions/3.12/lib/python3.12/site-packages/httpx/_client.py", line 1730, in _send_single_request
    response = await transport.handle_async_request(request)
               ^^^^^^^^^^^^^^^^^^^^^^^^^^^^^^^^^^^^^^^^^^^^^
  File "/Library/Frameworks/Python.framework/Versions/3.12/lib/python3.12/site-packages/httpx/_transports/default.py", line 393, in handle_async_request
    with map_httpcore_exceptions():
  File "/Library/Frameworks/Python.framework/Versions/3.12/lib/python3.12/contextlib.py", line 158, in __exit__
    self.gen.throw(value)
  File "/Library/Frameworks/Python.framework/Versions/3.12/lib/python3.12/site-packages/httpx/_transports/default.py", line 118, in map_httpcore_exceptions
    raise mapped_exc(message) from exc
httpx.ConnectError: [Errno 8] nodename nor servname provided, or not known

The above exception was the direct cause of the following exception:

Traceback (most recent call last):
  File "/Library/Frameworks/Python.framework/Versions/3.12/lib/python3.12/site-packages/telegram/ext/_updater.py", line 742, in _network_loop_retry
    if not await do_action():
           ^^^^^^^^^^^^^^^^^
  File "/Library/Frameworks/Python.framework/Versions/3.12/lib/python3.12/site-packages/telegram/ext/_updater.py", line 736, in do_action
    return action_cb_task.result()
           ^^^^^^^^^^^^^^^^^^^^^^^
  File "/Library/Frameworks/Python.framework/Versions/3.12/lib/python3.12/site-packages/telegram/ext/_updater.py", line 387, in polling_action_cb
    raise exc
  File "/Library/Frameworks/Python.framework/Versions/3.12/lib/python3.12/site-packages/telegram/ext/_updater.py", line 376, in polling_action_cb
    updates = await self.bot.get_updates(
              ^^^^^^^^^^^^^^^^^^^^^^^^^^^
  File "/Library/Frameworks/Python.framework/Versions/3.12/lib/python3.12/site-packages/telegram/ext/_extbot.py", line 618, in get_updates
    updates = await super().get_updates(
              ^^^^^^^^^^^^^^^^^^^^^^^^^^
  File "/Library/Frameworks/Python.framework/Versions/3.12/lib/python3.12/site-packages/telegram/_bot.py", line 541, in decorator
    result = await func(self, *args, **kwargs)
             ^^^^^^^^^^^^^^^^^^^^^^^^^^^^^^^^^
  File "/Library/Frameworks/Python.framework/Versions/3.12/lib/python3.12/site-packages/telegram/_bot.py", line 4177, in get_updates
    await self._post(
  File "/Library/Frameworks/Python.framework/Versions/3.12/lib/python3.12/site-packages/telegram/_bot.py", line 629, in _post
    return await self._do_post(
           ^^^^^^^^^^^^^^^^^^^^
  File "/Library/Frameworks/Python.framework/Versions/3.12/lib/python3.12/site-packages/telegram/ext/_extbot.py", line 347, in _do_post
    return await super()._do_post(
           ^^^^^^^^^^^^^^^^^^^^^^^
  File "/Library/Frameworks/Python.framework/Versions/3.12/lib/python3.12/site-packages/telegram/_bot.py", line 657, in _do_post
    return await request.post(
           ^^^^^^^^^^^^^^^^^^^
  File "/Library/Frameworks/Python.framework/Versions/3.12/lib/python3.12/site-packages/telegram/request/_baserequest.py", line 200, in post
    result = await self._request_wrapper(
             ^^^^^^^^^^^^^^^^^^^^^^^^^^^^
  File "/Library/Frameworks/Python.framework/Versions/3.12/lib/python3.12/site-packages/telegram/request/_baserequest.py", line 340, in _request_wrapper
    raise exc
  File "/Library/Frameworks/Python.framework/Versions/3.12/lib/python3.12/site-packages/telegram/request/_baserequest.py", line 330, in _request_wrapper
    code, payload = await self.do_request(
                    ^^^^^^^^^^^^^^^^^^^^^^
  File "/Library/Frameworks/Python.framework/Versions/3.12/lib/python3.12/site-packages/telegram/request/_httpxrequest.py", line 300, in do_request
    raise NetworkError(f"httpx.{err.__class__.__name__}: {err}") from err
telegram.error.NetworkError: httpx.ConnectError: [Errno 8] nodename nor servname provided, or not known
2026-01-24 17:06:31,656 - telegram.ext.Updater - ERROR - Error while getting Updates: httpx.ConnectError: [Errno 8] nodename nor servname provided, or not known
2026-01-24 17:06:31,657 - telegram.ext.Application - ERROR - No error handlers are registered, logging exception.
Traceback (most recent call last):
  File "/Library/Frameworks/Python.framework/Versions/3.12/lib/python3.12/site-packages/httpx/_transports/default.py", line 101, in map_httpcore_exceptions
    yield
  File "/Library/Frameworks/Python.framework/Versions/3.12/lib/python3.12/site-packages/httpx/_transports/default.py", line 394, in handle_async_request
    resp = await self._pool.handle_async_request(req)
           ^^^^^^^^^^^^^^^^^^^^^^^^^^^^^^^^^^^^^^^^^^
  File "/Library/Frameworks/Python.framework/Versions/3.12/lib/python3.12/site-packages/httpcore/_async/connection_pool.py", line 216, in handle_async_request
    raise exc from None
  File "/Library/Frameworks/Python.framework/Versions/3.12/lib/python3.12/site-packages/httpcore/_async/connection_pool.py", line 196, in handle_async_request
    response = await connection.handle_async_request(
               ^^^^^^^^^^^^^^^^^^^^^^^^^^^^^^^^^^^^^^
  File "/Library/Frameworks/Python.framework/Versions/3.12/lib/python3.12/site-packages/httpcore/_async/connection.py", line 99, in handle_async_request
    raise exc
  File "/Library/Frameworks/Python.framework/Versions/3.12/lib/python3.12/site-packages/httpcore/_async/connection.py", line 76, in handle_async_request
    stream = await self._connect(request)
             ^^^^^^^^^^^^^^^^^^^^^^^^^^^^
  File "/Library/Frameworks/Python.framework/Versions/3.12/lib/python3.12/site-packages/httpcore/_async/connection.py", line 122, in _connect
    stream = await self._network_backend.connect_tcp(**kwargs)
             ^^^^^^^^^^^^^^^^^^^^^^^^^^^^^^^^^^^^^^^^^^^^^^^^^
  File "/Library/Frameworks/Python.framework/Versions/3.12/lib/python3.12/site-packages/httpcore/_backends/auto.py", line 30, in connect_tcp
    return await self._backend.connect_tcp(
           ^^^^^^^^^^^^^^^^^^^^^^^^^^^^^^^^
  File "/Library/Frameworks/Python.framework/Versions/3.12/lib/python3.12/site-packages/httpcore/_backends/anyio.py", line 114, in connect_tcp
    with map_exceptions(exc_map):
  File "/Library/Frameworks/Python.framework/Versions/3.12/lib/python3.12/contextlib.py", line 158, in __exit__
    self.gen.throw(value)
  File "/Library/Frameworks/Python.framework/Versions/3.12/lib/python3.12/site-packages/httpcore/_exceptions.py", line 14, in map_exceptions
    raise to_exc(exc) from exc
httpcore.ConnectError: [Errno 8] nodename nor servname provided, or not known

The above exception was the direct cause of the following exception:

Traceback (most recent call last):
  File "/Library/Frameworks/Python.framework/Versions/3.12/lib/python3.12/site-packages/telegram/request/_httpxrequest.py", line 276, in do_request
    res = await self._client.request(
          ^^^^^^^^^^^^^^^^^^^^^^^^^^^
  File "/Library/Frameworks/Python.framework/Versions/3.12/lib/python3.12/site-packages/httpx/_client.py", line 1540, in request
    return await self.send(request, auth=auth, follow_redirects=follow_redirects)
           ^^^^^^^^^^^^^^^^^^^^^^^^^^^^^^^^^^^^^^^^^^^^^^^^^^^^^^^^^^^^^^^^^^^^^^
  File "/Library/Frameworks/Python.framework/Versions/3.12/lib/python3.12/site-packages/httpx/_client.py", line 1629, in send
    response = await self._send_handling_auth(
               ^^^^^^^^^^^^^^^^^^^^^^^^^^^^^^^
  File "/Library/Frameworks/Python.framework/Versions/3.12/lib/python3.12/site-packages/httpx/_client.py", line 1657, in _send_handling_auth
    response = await self._send_handling_redirects(
               ^^^^^^^^^^^^^^^^^^^^^^^^^^^^^^^^^^^^
  File "/Library/Frameworks/Python.framework/Versions/3.12/lib/python3.12/site-packages/httpx/_client.py", line 1694, in _send_handling_redirects
    response = await self._send_single_request(request)
               ^^^^^^^^^^^^^^^^^^^^^^^^^^^^^^^^^^^^^^^^
  File "/Library/Frameworks/Python.framework/Versions/3.12/lib/python3.12/site-packages/httpx/_client.py", line 1730, in _send_single_request
    response = await transport.handle_async_request(request)
               ^^^^^^^^^^^^^^^^^^^^^^^^^^^^^^^^^^^^^^^^^^^^^
  File "/Library/Frameworks/Python.framework/Versions/3.12/lib/python3.12/site-packages/httpx/_transports/default.py", line 393, in handle_async_request
    with map_httpcore_exceptions():
  File "/Library/Frameworks/Python.framework/Versions/3.12/lib/python3.12/contextlib.py", line 158, in __exit__
    self.gen.throw(value)
  File "/Library/Frameworks/Python.framework/Versions/3.12/lib/python3.12/site-packages/httpx/_transports/default.py", line 118, in map_httpcore_exceptions
    raise mapped_exc(message) from exc
httpx.ConnectError: [Errno 8] nodename nor servname provided, or not known

The above exception was the direct cause of the following exception:

Traceback (most recent call last):
  File "/Library/Frameworks/Python.framework/Versions/3.12/lib/python3.12/site-packages/telegram/ext/_updater.py", line 742, in _network_loop_retry
    if not await do_action():
           ^^^^^^^^^^^^^^^^^
  File "/Library/Frameworks/Python.framework/Versions/3.12/lib/python3.12/site-packages/telegram/ext/_updater.py", line 736, in do_action
    return action_cb_task.result()
           ^^^^^^^^^^^^^^^^^^^^^^^
  File "/Library/Frameworks/Python.framework/Versions/3.12/lib/python3.12/site-packages/telegram/ext/_updater.py", line 387, in polling_action_cb
    raise exc
  File "/Library/Frameworks/Python.framework/Versions/3.12/lib/python3.12/site-packages/telegram/ext/_updater.py", line 376, in polling_action_cb
    updates = await self.bot.get_updates(
              ^^^^^^^^^^^^^^^^^^^^^^^^^^^
  File "/Library/Frameworks/Python.framework/Versions/3.12/lib/python3.12/site-packages/telegram/ext/_extbot.py", line 618, in get_updates
    updates = await super().get_updates(
              ^^^^^^^^^^^^^^^^^^^^^^^^^^
  File "/Library/Frameworks/Python.framework/Versions/3.12/lib/python3.12/site-packages/telegram/_bot.py", line 541, in decorator
    result = await func(self, *args, **kwargs)
             ^^^^^^^^^^^^^^^^^^^^^^^^^^^^^^^^^
  File "/Library/Frameworks/Python.framework/Versions/3.12/lib/python3.12/site-packages/telegram/_bot.py", line 4177, in get_updates
    await self._post(
  File "/Library/Frameworks/Python.framework/Versions/3.12/lib/python3.12/site-packages/telegram/_bot.py", line 629, in _post
    return await self._do_post(
           ^^^^^^^^^^^^^^^^^^^^
  File "/Library/Frameworks/Python.framework/Versions/3.12/lib/python3.12/site-packages/telegram/ext/_extbot.py", line 347, in _do_post
    return await super()._do_post(
           ^^^^^^^^^^^^^^^^^^^^^^^
  File "/Library/Frameworks/Python.framework/Versions/3.12/lib/python3.12/site-packages/telegram/_bot.py", line 657, in _do_post
    return await request.post(
           ^^^^^^^^^^^^^^^^^^^
  File "/Library/Frameworks/Python.framework/Versions/3.12/lib/python3.12/site-packages/telegram/request/_baserequest.py", line 200, in post
    result = await self._request_wrapper(
             ^^^^^^^^^^^^^^^^^^^^^^^^^^^^
  File "/Library/Frameworks/Python.framework/Versions/3.12/lib/python3.12/site-packages/telegram/request/_baserequest.py", line 340, in _request_wrapper
    raise exc
  File "/Library/Frameworks/Python.framework/Versions/3.12/lib/python3.12/site-packages/telegram/request/_baserequest.py", line 330, in _request_wrapper
    code, payload = await self.do_request(
                    ^^^^^^^^^^^^^^^^^^^^^^
  File "/Library/Frameworks/Python.framework/Versions/3.12/lib/python3.12/site-packages/telegram/request/_httpxrequest.py", line 300, in do_request
    raise NetworkError(f"httpx.{err.__class__.__name__}: {err}") from err
telegram.error.NetworkError: httpx.ConnectError: [Errno 8] nodename nor servname provided, or not known
2026-01-24 17:08:16,351 - httpx - INFO - HTTP Request: POST https://api.telegram.org/bot8212814214:AAG29mEQN2EWS1wFvKbDqC8nr6SgN3_VeZ8/getUpdates "HTTP/1.1 200 OK"
2026-01-24 17:08:31,360 - telegram.ext.Updater - ERROR - Error while getting Updates: httpx.ConnectError: [Errno 8] nodename nor servname provided, or not known
2026-01-24 17:08:31,362 - telegram.ext.Application - ERROR - No error handlers are registered, logging exception.
Traceback (most recent call last):
  File "/Library/Frameworks/Python.framework/Versions/3.12/lib/python3.12/site-packages/httpx/_transports/default.py", line 101, in map_httpcore_exceptions
    yield
  File "/Library/Frameworks/Python.framework/Versions/3.12/lib/python3.12/site-packages/httpx/_transports/default.py", line 394, in handle_async_request
    resp = await self._pool.handle_async_request(req)
           ^^^^^^^^^^^^^^^^^^^^^^^^^^^^^^^^^^^^^^^^^^
  File "/Library/Frameworks/Python.framework/Versions/3.12/lib/python3.12/site-packages/httpcore/_async/connection_pool.py", line 216, in handle_async_request
    raise exc from None
  File "/Library/Frameworks/Python.framework/Versions/3.12/lib/python3.12/site-packages/httpcore/_async/connection_pool.py", line 196, in handle_async_request
    response = await connection.handle_async_request(
               ^^^^^^^^^^^^^^^^^^^^^^^^^^^^^^^^^^^^^^
  File "/Library/Frameworks/Python.framework/Versions/3.12/lib/python3.12/site-packages/httpcore/_async/connection.py", line 99, in handle_async_request
    raise exc
  File "/Library/Frameworks/Python.framework/Versions/3.12/lib/python3.12/site-packages/httpcore/_async/connection.py", line 76, in handle_async_request
    stream = await self._connect(request)
             ^^^^^^^^^^^^^^^^^^^^^^^^^^^^
  File "/Library/Frameworks/Python.framework/Versions/3.12/lib/python3.12/site-packages/httpcore/_async/connection.py", line 122, in _connect
    stream = await self._network_backend.connect_tcp(**kwargs)
             ^^^^^^^^^^^^^^^^^^^^^^^^^^^^^^^^^^^^^^^^^^^^^^^^^
  File "/Library/Frameworks/Python.framework/Versions/3.12/lib/python3.12/site-packages/httpcore/_backends/auto.py", line 30, in connect_tcp
    return await self._backend.connect_tcp(
           ^^^^^^^^^^^^^^^^^^^^^^^^^^^^^^^^
  File "/Library/Frameworks/Python.framework/Versions/3.12/lib/python3.12/site-packages/httpcore/_backends/anyio.py", line 114, in connect_tcp
    with map_exceptions(exc_map):
  File "/Library/Frameworks/Python.framework/Versions/3.12/lib/python3.12/contextlib.py", line 158, in __exit__
    self.gen.throw(value)
  File "/Library/Frameworks/Python.framework/Versions/3.12/lib/python3.12/site-packages/httpcore/_exceptions.py", line 14, in map_exceptions
    raise to_exc(exc) from exc
httpcore.ConnectError: [Errno 8] nodename nor servname provided, or not known

The above exception was the direct cause of the following exception:

Traceback (most recent call last):
  File "/Library/Frameworks/Python.framework/Versions/3.12/lib/python3.12/site-packages/telegram/request/_httpxrequest.py", line 276, in do_request
    res = await self._client.request(
          ^^^^^^^^^^^^^^^^^^^^^^^^^^^
  File "/Library/Frameworks/Python.framework/Versions/3.12/lib/python3.12/site-packages/httpx/_client.py", line 1540, in request
    return await self.send(request, auth=auth, follow_redirects=follow_redirects)
           ^^^^^^^^^^^^^^^^^^^^^^^^^^^^^^^^^^^^^^^^^^^^^^^^^^^^^^^^^^^^^^^^^^^^^^
  File "/Library/Frameworks/Python.framework/Versions/3.12/lib/python3.12/site-packages/httpx/_client.py", line 1629, in send
    response = await self._send_handling_auth(
               ^^^^^^^^^^^^^^^^^^^^^^^^^^^^^^^
  File "/Library/Frameworks/Python.framework/Versions/3.12/lib/python3.12/site-packages/httpx/_client.py", line 1657, in _send_handling_auth
    response = await self._send_handling_redirects(
               ^^^^^^^^^^^^^^^^^^^^^^^^^^^^^^^^^^^^
  File "/Library/Frameworks/Python.framework/Versions/3.12/lib/python3.12/site-packages/httpx/_client.py", line 1694, in _send_handling_redirects
    response = await self._send_single_request(request)
               ^^^^^^^^^^^^^^^^^^^^^^^^^^^^^^^^^^^^^^^^
  File "/Library/Frameworks/Python.framework/Versions/3.12/lib/python3.12/site-packages/httpx/_client.py", line 1730, in _send_single_request
    response = await transport.handle_async_request(request)
               ^^^^^^^^^^^^^^^^^^^^^^^^^^^^^^^^^^^^^^^^^^^^^
  File "/Library/Frameworks/Python.framework/Versions/3.12/lib/python3.12/site-packages/httpx/_transports/default.py", line 393, in handle_async_request
    with map_httpcore_exceptions():
  File "/Library/Frameworks/Python.framework/Versions/3.12/lib/python3.12/contextlib.py", line 158, in __exit__
    self.gen.throw(value)
  File "/Library/Frameworks/Python.framework/Versions/3.12/lib/python3.12/site-packages/httpx/_transports/default.py", line 118, in map_httpcore_exceptions
    raise mapped_exc(message) from exc
httpx.ConnectError: [Errno 8] nodename nor servname provided, or not known

The above exception was the direct cause of the following exception:

Traceback (most recent call last):
  File "/Library/Frameworks/Python.framework/Versions/3.12/lib/python3.12/site-packages/telegram/ext/_updater.py", line 742, in _network_loop_retry
    if not await do_action():
           ^^^^^^^^^^^^^^^^^
  File "/Library/Frameworks/Python.framework/Versions/3.12/lib/python3.12/site-packages/telegram/ext/_updater.py", line 736, in do_action
    return action_cb_task.result()
           ^^^^^^^^^^^^^^^^^^^^^^^
  File "/Library/Frameworks/Python.framework/Versions/3.12/lib/python3.12/site-packages/telegram/ext/_updater.py", line 387, in polling_action_cb
    raise exc
  File "/Library/Frameworks/Python.framework/Versions/3.12/lib/python3.12/site-packages/telegram/ext/_updater.py", line 376, in polling_action_cb
    updates = await self.bot.get_updates(
              ^^^^^^^^^^^^^^^^^^^^^^^^^^^
  File "/Library/Frameworks/Python.framework/Versions/3.12/lib/python3.12/site-packages/telegram/ext/_extbot.py", line 618, in get_updates
    updates = await super().get_updates(
              ^^^^^^^^^^^^^^^^^^^^^^^^^^
  File "/Library/Frameworks/Python.framework/Versions/3.12/lib/python3.12/site-packages/telegram/_bot.py", line 541, in decorator
    result = await func(self, *args, **kwargs)
             ^^^^^^^^^^^^^^^^^^^^^^^^^^^^^^^^^
  File "/Library/Frameworks/Python.framework/Versions/3.12/lib/python3.12/site-packages/telegram/_bot.py", line 4177, in get_updates
    await self._post(
  File "/Library/Frameworks/Python.framework/Versions/3.12/lib/python3.12/site-packages/telegram/_bot.py", line 629, in _post
    return await self._do_post(
           ^^^^^^^^^^^^^^^^^^^^
  File "/Library/Frameworks/Python.framework/Versions/3.12/lib/python3.12/site-packages/telegram/ext/_extbot.py", line 347, in _do_post
    return await super()._do_post(
           ^^^^^^^^^^^^^^^^^^^^^^^
  File "/Library/Frameworks/Python.framework/Versions/3.12/lib/python3.12/site-packages/telegram/_bot.py", line 657, in _do_post
    return await request.post(
           ^^^^^^^^^^^^^^^^^^^
  File "/Library/Frameworks/Python.framework/Versions/3.12/lib/python3.12/site-packages/telegram/request/_baserequest.py", line 200, in post
    result = await self._request_wrapper(
             ^^^^^^^^^^^^^^^^^^^^^^^^^^^^
  File "/Library/Frameworks/Python.framework/Versions/3.12/lib/python3.12/site-packages/telegram/request/_baserequest.py", line 340, in _request_wrapper
    raise exc
  File "/Library/Frameworks/Python.framework/Versions/3.12/lib/python3.12/site-packages/telegram/request/_baserequest.py", line 330, in _request_wrapper
    code, payload = await self.do_request(
                    ^^^^^^^^^^^^^^^^^^^^^^
  File "/Library/Frameworks/Python.framework/Versions/3.12/lib/python3.12/site-packages/telegram/request/_httpxrequest.py", line 300, in do_request
    raise NetworkError(f"httpx.{err.__class__.__name__}: {err}") from err
telegram.error.NetworkError: httpx.ConnectError: [Errno 8] nodename nor servname provided, or not known
2026-01-24 17:08:32,367 - telegram.ext.Updater - ERROR - Error while getting Updates: httpx.ConnectError: [Errno 8] nodename nor servname provided, or not known
2026-01-24 17:08:32,367 - telegram.ext.Application - ERROR - No error handlers are registered, logging exception.
Traceback (most recent call last):
  File "/Library/Frameworks/Python.framework/Versions/3.12/lib/python3.12/site-packages/httpx/_transports/default.py", line 101, in map_httpcore_exceptions
    yield
  File "/Library/Frameworks/Python.framework/Versions/3.12/lib/python3.12/site-packages/httpx/_transports/default.py", line 394, in handle_async_request
    resp = await self._pool.handle_async_request(req)
           ^^^^^^^^^^^^^^^^^^^^^^^^^^^^^^^^^^^^^^^^^^
  File "/Library/Frameworks/Python.framework/Versions/3.12/lib/python3.12/site-packages/httpcore/_async/connection_pool.py", line 216, in handle_async_request
    raise exc from None
  File "/Library/Frameworks/Python.framework/Versions/3.12/lib/python3.12/site-packages/httpcore/_async/connection_pool.py", line 196, in handle_async_request
    response = await connection.handle_async_request(
               ^^^^^^^^^^^^^^^^^^^^^^^^^^^^^^^^^^^^^^
  File "/Library/Frameworks/Python.framework/Versions/3.12/lib/python3.12/site-packages/httpcore/_async/connection.py", line 99, in handle_async_request
    raise exc
  File "/Library/Frameworks/Python.framework/Versions/3.12/lib/python3.12/site-packages/httpcore/_async/connection.py", line 76, in handle_async_request
    stream = await self._connect(request)
             ^^^^^^^^^^^^^^^^^^^^^^^^^^^^
  File "/Library/Frameworks/Python.framework/Versions/3.12/lib/python3.12/site-packages/httpcore/_async/connection.py", line 122, in _connect
    stream = await self._network_backend.connect_tcp(**kwargs)
             ^^^^^^^^^^^^^^^^^^^^^^^^^^^^^^^^^^^^^^^^^^^^^^^^^
  File "/Library/Frameworks/Python.framework/Versions/3.12/lib/python3.12/site-packages/httpcore/_backends/auto.py", line 30, in connect_tcp
    return await self._backend.connect_tcp(
           ^^^^^^^^^^^^^^^^^^^^^^^^^^^^^^^^
  File "/Library/Frameworks/Python.framework/Versions/3.12/lib/python3.12/site-packages/httpcore/_backends/anyio.py", line 114, in connect_tcp
    with map_exceptions(exc_map):
  File "/Library/Frameworks/Python.framework/Versions/3.12/lib/python3.12/contextlib.py", line 158, in __exit__
    self.gen.throw(value)
  File "/Library/Frameworks/Python.framework/Versions/3.12/lib/python3.12/site-packages/httpcore/_exceptions.py", line 14, in map_exceptions
    raise to_exc(exc) from exc
httpcore.ConnectError: [Errno 8] nodename nor servname provided, or not known

The above exception was the direct cause of the following exception:

Traceback (most recent call last):
  File "/Library/Frameworks/Python.framework/Versions/3.12/lib/python3.12/site-packages/telegram/request/_httpxrequest.py", line 276, in do_request
    res = await self._client.request(
          ^^^^^^^^^^^^^^^^^^^^^^^^^^^
  File "/Library/Frameworks/Python.framework/Versions/3.12/lib/python3.12/site-packages/httpx/_client.py", line 1540, in request
    return await self.send(request, auth=auth, follow_redirects=follow_redirects)
           ^^^^^^^^^^^^^^^^^^^^^^^^^^^^^^^^^^^^^^^^^^^^^^^^^^^^^^^^^^^^^^^^^^^^^^
  File "/Library/Frameworks/Python.framework/Versions/3.12/lib/python3.12/site-packages/httpx/_client.py", line 1629, in send
    response = await self._send_handling_auth(
               ^^^^^^^^^^^^^^^^^^^^^^^^^^^^^^^
  File "/Library/Frameworks/Python.framework/Versions/3.12/lib/python3.12/site-packages/httpx/_client.py", line 1657, in _send_handling_auth
    response = await self._send_handling_redirects(
               ^^^^^^^^^^^^^^^^^^^^^^^^^^^^^^^^^^^^
  File "/Library/Frameworks/Python.framework/Versions/3.12/lib/python3.12/site-packages/httpx/_client.py", line 1694, in _send_handling_redirects
    response = await self._send_single_request(request)
               ^^^^^^^^^^^^^^^^^^^^^^^^^^^^^^^^^^^^^^^^
  File "/Library/Frameworks/Python.framework/Versions/3.12/lib/python3.12/site-packages/httpx/_client.py", line 1730, in _send_single_request
    response = await transport.handle_async_request(request)
               ^^^^^^^^^^^^^^^^^^^^^^^^^^^^^^^^^^^^^^^^^^^^^
  File "/Library/Frameworks/Python.framework/Versions/3.12/lib/python3.12/site-packages/httpx/_transports/default.py", line 393, in handle_async_request
    with map_httpcore_exceptions():
  File "/Library/Frameworks/Python.framework/Versions/3.12/lib/python3.12/contextlib.py", line 158, in __exit__
    self.gen.throw(value)
  File "/Library/Frameworks/Python.framework/Versions/3.12/lib/python3.12/site-packages/httpx/_transports/default.py", line 118, in map_httpcore_exceptions
    raise mapped_exc(message) from exc
httpx.ConnectError: [Errno 8] nodename nor servname provided, or not known

The above exception was the direct cause of the following exception:

Traceback (most recent call last):
  File "/Library/Frameworks/Python.framework/Versions/3.12/lib/python3.12/site-packages/telegram/ext/_updater.py", line 742, in _network_loop_retry
    if not await do_action():
           ^^^^^^^^^^^^^^^^^
  File "/Library/Frameworks/Python.framework/Versions/3.12/lib/python3.12/site-packages/telegram/ext/_updater.py", line 736, in do_action
    return action_cb_task.result()
           ^^^^^^^^^^^^^^^^^^^^^^^
  File "/Library/Frameworks/Python.framework/Versions/3.12/lib/python3.12/site-packages/telegram/ext/_updater.py", line 387, in polling_action_cb
    raise exc
  File "/Library/Frameworks/Python.framework/Versions/3.12/lib/python3.12/site-packages/telegram/ext/_updater.py", line 376, in polling_action_cb
    updates = await self.bot.get_updates(
              ^^^^^^^^^^^^^^^^^^^^^^^^^^^
  File "/Library/Frameworks/Python.framework/Versions/3.12/lib/python3.12/site-packages/telegram/ext/_extbot.py", line 618, in get_updates
    updates = await super().get_updates(
              ^^^^^^^^^^^^^^^^^^^^^^^^^^
  File "/Library/Frameworks/Python.framework/Versions/3.12/lib/python3.12/site-packages/telegram/_bot.py", line 541, in decorator
    result = await func(self, *args, **kwargs)
             ^^^^^^^^^^^^^^^^^^^^^^^^^^^^^^^^^
  File "/Library/Frameworks/Python.framework/Versions/3.12/lib/python3.12/site-packages/telegram/_bot.py", line 4177, in get_updates
    await self._post(
  File "/Library/Frameworks/Python.framework/Versions/3.12/lib/python3.12/site-packages/telegram/_bot.py", line 629, in _post
    return await self._do_post(
           ^^^^^^^^^^^^^^^^^^^^
  File "/Library/Frameworks/Python.framework/Versions/3.12/lib/python3.12/site-packages/telegram/ext/_extbot.py", line 347, in _do_post
    return await super()._do_post(
           ^^^^^^^^^^^^^^^^^^^^^^^
  File "/Library/Frameworks/Python.framework/Versions/3.12/lib/python3.12/site-packages/telegram/_bot.py", line 657, in _do_post
    return await request.post(
           ^^^^^^^^^^^^^^^^^^^
  File "/Library/Frameworks/Python.framework/Versions/3.12/lib/python3.12/site-packages/telegram/request/_baserequest.py", line 200, in post
    result = await self._request_wrapper(
             ^^^^^^^^^^^^^^^^^^^^^^^^^^^^
  File "/Library/Frameworks/Python.framework/Versions/3.12/lib/python3.12/site-packages/telegram/request/_baserequest.py", line 340, in _request_wrapper
    raise exc
  File "/Library/Frameworks/Python.framework/Versions/3.12/lib/python3.12/site-packages/telegram/request/_baserequest.py", line 330, in _request_wrapper
    code, payload = await self.do_request(
                    ^^^^^^^^^^^^^^^^^^^^^^
  File "/Library/Frameworks/Python.framework/Versions/3.12/lib/python3.12/site-packages/telegram/request/_httpxrequest.py", line 300, in do_request
    raise NetworkError(f"httpx.{err.__class__.__name__}: {err}") from err
telegram.error.NetworkError: httpx.ConnectError: [Errno 8] nodename nor servname provided, or not known
2026-01-24 17:08:44,282 - httpx - INFO - HTTP Request: POST https://api.telegram.org/bot8212814214:AAG29mEQN2EWS1wFvKbDqC8nr6SgN3_VeZ8/getUpdates "HTTP/1.1 200 OK"
2026-01-24 17:08:54,431 - httpx - INFO - HTTP Request: POST https://api.telegram.org/bot8212814214:AAG29mEQN2EWS1wFvKbDqC8nr6SgN3_VeZ8/getUpdates "HTTP/1.1 200 OK"
2026-01-24 17:09:04,510 - httpx - INFO - HTTP Request: POST https://api.telegram.org/bot8212814214:AAG29mEQN2EWS1wFvKbDqC8nr6SgN3_VeZ8/getUpdates "HTTP/1.1 200 OK"
2026-01-24 17:09:14,588 - httpx - INFO - HTTP Request: POST https://api.telegram.org/bot8212814214:AAG29mEQN2EWS1wFvKbDqC8nr6SgN3_VeZ8/getUpdates "HTTP/1.1 200 OK"
2026-01-24 17:09:24,729 - httpx - INFO - HTTP Request: POST https://api.telegram.org/bot8212814214:AAG29mEQN2EWS1wFvKbDqC8nr6SgN3_VeZ8/getUpdates "HTTP/1.1 200 OK"
2026-01-24 17:09:34,798 - httpx - INFO - HTTP Request: POST https://api.telegram.org/bot8212814214:AAG29mEQN2EWS1wFvKbDqC8nr6SgN3_VeZ8/getUpdates "HTTP/1.1 200 OK"
2026-01-24 17:09:44,892 - httpx - INFO - HTTP Request: POST https://api.telegram.org/bot8212814214:AAG29mEQN2EWS1wFvKbDqC8nr6SgN3_VeZ8/getUpdates "HTTP/1.1 200 OK"
2026-01-24 17:09:54,973 - httpx - INFO - HTTP Request: POST https://api.telegram.org/bot8212814214:AAG29mEQN2EWS1wFvKbDqC8nr6SgN3_VeZ8/getUpdates "HTTP/1.1 200 OK"
2026-01-24 17:10:05,051 - httpx - INFO - HTTP Request: POST https://api.telegram.org/bot8212814214:AAG29mEQN2EWS1wFvKbDqC8nr6SgN3_VeZ8/getUpdates "HTTP/1.1 200 OK"
2026-01-24 17:10:15,246 - httpx - INFO - HTTP Request: POST https://api.telegram.org/bot8212814214:AAG29mEQN2EWS1wFvKbDqC8nr6SgN3_VeZ8/getUpdates "HTTP/1.1 200 OK"
2026-01-24 17:10:25,375 - httpx - INFO - HTTP Request: POST https://api.telegram.org/bot8212814214:AAG29mEQN2EWS1wFvKbDqC8nr6SgN3_VeZ8/getUpdates "HTTP/1.1 200 OK"
2026-01-24 17:10:35,484 - httpx - INFO - HTTP Request: POST https://api.telegram.org/bot8212814214:AAG29mEQN2EWS1wFvKbDqC8nr6SgN3_VeZ8/getUpdates "HTTP/1.1 200 OK"
2026-01-24 17:10:45,659 - httpx - INFO - HTTP Request: POST https://api.telegram.org/bot8212814214:AAG29mEQN2EWS1wFvKbDqC8nr6SgN3_VeZ8/getUpdates "HTTP/1.1 200 OK"
2026-01-24 17:10:55,801 - httpx - INFO - HTTP Request: POST https://api.telegram.org/bot8212814214:AAG29mEQN2EWS1wFvKbDqC8nr6SgN3_VeZ8/getUpdates "HTTP/1.1 200 OK"
2026-01-24 17:11:05,878 - httpx - INFO - HTTP Request: POST https://api.telegram.org/bot8212814214:AAG29mEQN2EWS1wFvKbDqC8nr6SgN3_VeZ8/getUpdates "HTTP/1.1 200 OK"
2026-01-24 17:11:15,947 - httpx - INFO - HTTP Request: POST https://api.telegram.org/bot8212814214:AAG29mEQN2EWS1wFvKbDqC8nr6SgN3_VeZ8/getUpdates "HTTP/1.1 200 OK"
2026-01-24 17:11:26,017 - httpx - INFO - HTTP Request: POST https://api.telegram.org/bot8212814214:AAG29mEQN2EWS1wFvKbDqC8nr6SgN3_VeZ8/getUpdates "HTTP/1.1 200 OK"
2026-01-24 17:11:36,129 - httpx - INFO - HTTP Request: POST https://api.telegram.org/bot8212814214:AAG29mEQN2EWS1wFvKbDqC8nr6SgN3_VeZ8/getUpdates "HTTP/1.1 200 OK"
2026-01-24 17:11:46,204 - httpx - INFO - HTTP Request: POST https://api.telegram.org/bot8212814214:AAG29mEQN2EWS1wFvKbDqC8nr6SgN3_VeZ8/getUpdates "HTTP/1.1 200 OK"
2026-01-24 17:11:56,283 - httpx - INFO - HTTP Request: POST https://api.telegram.org/bot8212814214:AAG29mEQN2EWS1wFvKbDqC8nr6SgN3_VeZ8/getUpdates "HTTP/1.1 200 OK"
2026-01-24 17:12:06,344 - httpx - INFO - HTTP Request: POST https://api.telegram.org/bot8212814214:AAG29mEQN2EWS1wFvKbDqC8nr6SgN3_VeZ8/getUpdates "HTTP/1.1 200 OK"
2026-01-24 17:12:16,420 - httpx - INFO - HTTP Request: POST https://api.telegram.org/bot8212814214:AAG29mEQN2EWS1wFvKbDqC8nr6SgN3_VeZ8/getUpdates "HTTP/1.1 200 OK"
2026-01-24 17:12:26,502 - httpx - INFO - HTTP Request: POST https://api.telegram.org/bot8212814214:AAG29mEQN2EWS1wFvKbDqC8nr6SgN3_VeZ8/getUpdates "HTTP/1.1 200 OK"
2026-01-24 17:12:36,603 - httpx - INFO - HTTP Request: POST https://api.telegram.org/bot8212814214:AAG29mEQN2EWS1wFvKbDqC8nr6SgN3_VeZ8/getUpdates "HTTP/1.1 200 OK"
2026-01-24 17:12:46,709 - httpx - INFO - HTTP Request: POST https://api.telegram.org/bot8212814214:AAG29mEQN2EWS1wFvKbDqC8nr6SgN3_VeZ8/getUpdates "HTTP/1.1 200 OK"
2026-01-24 17:12:56,868 - httpx - INFO - HTTP Request: POST https://api.telegram.org/bot8212814214:AAG29mEQN2EWS1wFvKbDqC8nr6SgN3_VeZ8/getUpdates "HTTP/1.1 200 OK"
2026-01-24 17:13:06,932 - httpx - INFO - HTTP Request: POST https://api.telegram.org/bot8212814214:AAG29mEQN2EWS1wFvKbDqC8nr6SgN3_VeZ8/getUpdates "HTTP/1.1 200 OK"
2026-01-24 17:13:17,001 - httpx - INFO - HTTP Request: POST https://api.telegram.org/bot8212814214:AAG29mEQN2EWS1wFvKbDqC8nr6SgN3_VeZ8/getUpdates "HTTP/1.1 200 OK"
2026-01-24 17:13:27,188 - httpx - INFO - HTTP Request: POST https://api.telegram.org/bot8212814214:AAG29mEQN2EWS1wFvKbDqC8nr6SgN3_VeZ8/getUpdates "HTTP/1.1 200 OK"
2026-01-24 17:13:37,259 - httpx - INFO - HTTP Request: POST https://api.telegram.org/bot8212814214:AAG29mEQN2EWS1wFvKbDqC8nr6SgN3_VeZ8/getUpdates "HTTP/1.1 200 OK"
2026-01-24 17:13:47,419 - httpx - INFO - HTTP Request: POST https://api.telegram.org/bot8212814214:AAG29mEQN2EWS1wFvKbDqC8nr6SgN3_VeZ8/getUpdates "HTTP/1.1 200 OK"
2026-01-24 17:13:57,688 - httpx - INFO - HTTP Request: POST https://api.telegram.org/bot8212814214:AAG29mEQN2EWS1wFvKbDqC8nr6SgN3_VeZ8/getUpdates "HTTP/1.1 200 OK"
2026-01-24 17:14:07,762 - httpx - INFO - HTTP Request: POST https://api.telegram.org/bot8212814214:AAG29mEQN2EWS1wFvKbDqC8nr6SgN3_VeZ8/getUpdates "HTTP/1.1 200 OK"
2026-01-24 17:14:17,834 - httpx - INFO - HTTP Request: POST https://api.telegram.org/bot8212814214:AAG29mEQN2EWS1wFvKbDqC8nr6SgN3_VeZ8/getUpdates "HTTP/1.1 200 OK"
2026-01-24 17:14:27,898 - httpx - INFO - HTTP Request: POST https://api.telegram.org/bot8212814214:AAG29mEQN2EWS1wFvKbDqC8nr6SgN3_VeZ8/getUpdates "HTTP/1.1 200 OK"
2026-01-24 17:14:38,072 - httpx - INFO - HTTP Request: POST https://api.telegram.org/bot8212814214:AAG29mEQN2EWS1wFvKbDqC8nr6SgN3_VeZ8/getUpdates "HTTP/1.1 200 OK"
2026-01-24 17:14:48,147 - httpx - INFO - HTTP Request: POST https://api.telegram.org/bot8212814214:AAG29mEQN2EWS1wFvKbDqC8nr6SgN3_VeZ8/getUpdates "HTTP/1.1 200 OK"
2026-01-24 17:14:59,128 - httpx - INFO - HTTP Request: POST https://api.telegram.org/bot8212814214:AAG29mEQN2EWS1wFvKbDqC8nr6SgN3_VeZ8/getUpdates "HTTP/1.1 200 OK"
2026-01-24 17:15:11,734 - httpx - INFO - HTTP Request: POST https://api.telegram.org/bot8212814214:AAG29mEQN2EWS1wFvKbDqC8nr6SgN3_VeZ8/getUpdates "HTTP/1.1 200 OK"
2026-01-24 17:15:23,736 - httpx - INFO - HTTP Request: POST https://api.telegram.org/bot8212814214:AAG29mEQN2EWS1wFvKbDqC8nr6SgN3_VeZ8/getUpdates "HTTP/1.1 200 OK"
2026-01-24 17:15:33,812 - httpx - INFO - HTTP Request: POST https://api.telegram.org/bot8212814214:AAG29mEQN2EWS1wFvKbDqC8nr6SgN3_VeZ8/getUpdates "HTTP/1.1 200 OK"
2026-01-24 17:15:43,927 - httpx - INFO - HTTP Request: POST https://api.telegram.org/bot8212814214:AAG29mEQN2EWS1wFvKbDqC8nr6SgN3_VeZ8/getUpdates "HTTP/1.1 200 OK"
2026-01-24 17:15:53,992 - httpx - INFO - HTTP Request: POST https://api.telegram.org/bot8212814214:AAG29mEQN2EWS1wFvKbDqC8nr6SgN3_VeZ8/getUpdates "HTTP/1.1 200 OK"
2026-01-24 17:16:04,069 - httpx - INFO - HTTP Request: POST https://api.telegram.org/bot8212814214:AAG29mEQN2EWS1wFvKbDqC8nr6SgN3_VeZ8/getUpdates "HTTP/1.1 200 OK"
2026-01-24 17:16:14,144 - httpx - INFO - HTTP Request: POST https://api.telegram.org/bot8212814214:AAG29mEQN2EWS1wFvKbDqC8nr6SgN3_VeZ8/getUpdates "HTTP/1.1 200 OK"
2026-01-24 17:16:24,390 - httpx - INFO - HTTP Request: POST https://api.telegram.org/bot8212814214:AAG29mEQN2EWS1wFvKbDqC8nr6SgN3_VeZ8/getUpdates "HTTP/1.1 200 OK"
2026-01-24 17:16:34,475 - httpx - INFO - HTTP Request: POST https://api.telegram.org/bot8212814214:AAG29mEQN2EWS1wFvKbDqC8nr6SgN3_VeZ8/getUpdates "HTTP/1.1 200 OK"
2026-01-24 17:16:44,549 - httpx - INFO - HTTP Request: POST https://api.telegram.org/bot8212814214:AAG29mEQN2EWS1wFvKbDqC8nr6SgN3_VeZ8/getUpdates "HTTP/1.1 200 OK"
2026-01-24 17:16:54,620 - httpx - INFO - HTTP Request: POST https://api.telegram.org/bot8212814214:AAG29mEQN2EWS1wFvKbDqC8nr6SgN3_VeZ8/getUpdates "HTTP/1.1 200 OK"
2026-01-24 17:17:04,715 - httpx - INFO - HTTP Request: POST https://api.telegram.org/bot8212814214:AAG29mEQN2EWS1wFvKbDqC8nr6SgN3_VeZ8/getUpdates "HTTP/1.1 200 OK"
2026-01-24 17:17:14,805 - httpx - INFO - HTTP Request: POST https://api.telegram.org/bot8212814214:AAG29mEQN2EWS1wFvKbDqC8nr6SgN3_VeZ8/getUpdates "HTTP/1.1 200 OK"
2026-01-24 17:17:24,881 - httpx - INFO - HTTP Request: POST https://api.telegram.org/bot8212814214:AAG29mEQN2EWS1wFvKbDqC8nr6SgN3_VeZ8/getUpdates "HTTP/1.1 200 OK"
2026-01-24 17:17:34,944 - httpx - INFO - HTTP Request: POST https://api.telegram.org/bot8212814214:AAG29mEQN2EWS1wFvKbDqC8nr6SgN3_VeZ8/getUpdates "HTTP/1.1 200 OK"
2026-01-24 17:17:45,021 - httpx - INFO - HTTP Request: POST https://api.telegram.org/bot8212814214:AAG29mEQN2EWS1wFvKbDqC8nr6SgN3_VeZ8/getUpdates "HTTP/1.1 200 OK"
2026-01-24 17:17:55,091 - httpx - INFO - HTTP Request: POST https://api.telegram.org/bot8212814214:AAG29mEQN2EWS1wFvKbDqC8nr6SgN3_VeZ8/getUpdates "HTTP/1.1 200 OK"
2026-01-24 17:18:05,186 - httpx - INFO - HTTP Request: POST https://api.telegram.org/bot8212814214:AAG29mEQN2EWS1wFvKbDqC8nr6SgN3_VeZ8/getUpdates "HTTP/1.1 200 OK"
2026-01-24 17:18:15,259 - httpx - INFO - HTTP Request: POST https://api.telegram.org/bot8212814214:AAG29mEQN2EWS1wFvKbDqC8nr6SgN3_VeZ8/getUpdates "HTTP/1.1 200 OK"
2026-01-24 17:18:25,469 - httpx - INFO - HTTP Request: POST https://api.telegram.org/bot8212814214:AAG29mEQN2EWS1wFvKbDqC8nr6SgN3_VeZ8/getUpdates "HTTP/1.1 200 OK"
2026-01-24 17:18:35,544 - httpx - INFO - HTTP Request: POST https://api.telegram.org/bot8212814214:AAG29mEQN2EWS1wFvKbDqC8nr6SgN3_VeZ8/getUpdates "HTTP/1.1 200 OK"
2026-01-24 17:18:45,643 - httpx - INFO - HTTP Request: POST https://api.telegram.org/bot8212814214:AAG29mEQN2EWS1wFvKbDqC8nr6SgN3_VeZ8/getUpdates "HTTP/1.1 200 OK"
2026-01-24 17:18:55,707 - httpx - INFO - HTTP Request: POST https://api.telegram.org/bot8212814214:AAG29mEQN2EWS1wFvKbDqC8nr6SgN3_VeZ8/getUpdates "HTTP/1.1 200 OK"
2026-01-24 17:19:05,831 - httpx - INFO - HTTP Request: POST https://api.telegram.org/bot8212814214:AAG29mEQN2EWS1wFvKbDqC8nr6SgN3_VeZ8/getUpdates "HTTP/1.1 200 OK"
2026-01-24 17:19:15,903 - httpx - INFO - HTTP Request: POST https://api.telegram.org/bot8212814214:AAG29mEQN2EWS1wFvKbDqC8nr6SgN3_VeZ8/getUpdates "HTTP/1.1 200 OK"
2026-01-24 17:19:25,977 - httpx - INFO - HTTP Request: POST https://api.telegram.org/bot8212814214:AAG29mEQN2EWS1wFvKbDqC8nr6SgN3_VeZ8/getUpdates "HTTP/1.1 200 OK"
2026-01-24 17:19:36,045 - httpx - INFO - HTTP Request: POST https://api.telegram.org/bot8212814214:AAG29mEQN2EWS1wFvKbDqC8nr6SgN3_VeZ8/getUpdates "HTTP/1.1 200 OK"
2026-01-24 17:19:46,158 - httpx - INFO - HTTP Request: POST https://api.telegram.org/bot8212814214:AAG29mEQN2EWS1wFvKbDqC8nr6SgN3_VeZ8/getUpdates "HTTP/1.1 200 OK"
2026-01-24 17:19:56,280 - httpx - INFO - HTTP Request: POST https://api.telegram.org/bot8212814214:AAG29mEQN2EWS1wFvKbDqC8nr6SgN3_VeZ8/getUpdates "HTTP/1.1 200 OK"
2026-01-24 17:20:06,383 - httpx - INFO - HTTP Request: POST https://api.telegram.org/bot8212814214:AAG29mEQN2EWS1wFvKbDqC8nr6SgN3_VeZ8/getUpdates "HTTP/1.1 200 OK"
2026-01-24 17:20:16,472 - httpx - INFO - HTTP Request: POST https://api.telegram.org/bot8212814214:AAG29mEQN2EWS1wFvKbDqC8nr6SgN3_VeZ8/getUpdates "HTTP/1.1 200 OK"
2026-01-24 17:20:26,536 - httpx - INFO - HTTP Request: POST https://api.telegram.org/bot8212814214:AAG29mEQN2EWS1wFvKbDqC8nr6SgN3_VeZ8/getUpdates "HTTP/1.1 200 OK"
2026-01-24 17:20:36,621 - httpx - INFO - HTTP Request: POST https://api.telegram.org/bot8212814214:AAG29mEQN2EWS1wFvKbDqC8nr6SgN3_VeZ8/getUpdates "HTTP/1.1 200 OK"
2026-01-24 17:20:46,693 - httpx - INFO - HTTP Request: POST https://api.telegram.org/bot8212814214:AAG29mEQN2EWS1wFvKbDqC8nr6SgN3_VeZ8/getUpdates "HTTP/1.1 200 OK"
2026-01-24 17:20:56,764 - httpx - INFO - HTTP Request: POST https://api.telegram.org/bot8212814214:AAG29mEQN2EWS1wFvKbDqC8nr6SgN3_VeZ8/getUpdates "HTTP/1.1 200 OK"
2026-01-24 17:21:06,845 - httpx - INFO - HTTP Request: POST https://api.telegram.org/bot8212814214:AAG29mEQN2EWS1wFvKbDqC8nr6SgN3_VeZ8/getUpdates "HTTP/1.1 200 OK"
2026-01-24 17:21:16,918 - httpx - INFO - HTTP Request: POST https://api.telegram.org/bot8212814214:AAG29mEQN2EWS1wFvKbDqC8nr6SgN3_VeZ8/getUpdates "HTTP/1.1 200 OK"
2026-01-24 17:21:27,096 - httpx - INFO - HTTP Request: POST https://api.telegram.org/bot8212814214:AAG29mEQN2EWS1wFvKbDqC8nr6SgN3_VeZ8/getUpdates "HTTP/1.1 200 OK"
2026-01-24 17:21:37,166 - httpx - INFO - HTTP Request: POST https://api.telegram.org/bot8212814214:AAG29mEQN2EWS1wFvKbDqC8nr6SgN3_VeZ8/getUpdates "HTTP/1.1 200 OK"
2026-01-24 17:21:47,242 - httpx - INFO - HTTP Request: POST https://api.telegram.org/bot8212814214:AAG29mEQN2EWS1wFvKbDqC8nr6SgN3_VeZ8/getUpdates "HTTP/1.1 200 OK"
2026-01-24 17:21:57,314 - httpx - INFO - HTTP Request: POST https://api.telegram.org/bot8212814214:AAG29mEQN2EWS1wFvKbDqC8nr6SgN3_VeZ8/getUpdates "HTTP/1.1 200 OK"
2026-01-24 17:22:07,394 - httpx - INFO - HTTP Request: POST https://api.telegram.org/bot8212814214:AAG29mEQN2EWS1wFvKbDqC8nr6SgN3_VeZ8/getUpdates "HTTP/1.1 200 OK"
2026-01-24 17:22:17,491 - httpx - INFO - HTTP Request: POST https://api.telegram.org/bot8212814214:AAG29mEQN2EWS1wFvKbDqC8nr6SgN3_VeZ8/getUpdates "HTTP/1.1 200 OK"
2026-01-24 17:22:27,608 - httpx - INFO - HTTP Request: POST https://api.telegram.org/bot8212814214:AAG29mEQN2EWS1wFvKbDqC8nr6SgN3_VeZ8/getUpdates "HTTP/1.1 200 OK"
2026-01-24 17:22:37,679 - httpx - INFO - HTTP Request: POST https://api.telegram.org/bot8212814214:AAG29mEQN2EWS1wFvKbDqC8nr6SgN3_VeZ8/getUpdates "HTTP/1.1 200 OK"
2026-01-24 17:22:47,753 - httpx - INFO - HTTP Request: POST https://api.telegram.org/bot8212814214:AAG29mEQN2EWS1wFvKbDqC8nr6SgN3_VeZ8/getUpdates "HTTP/1.1 200 OK"
2026-01-24 17:22:57,830 - httpx - INFO - HTTP Request: POST https://api.telegram.org/bot8212814214:AAG29mEQN2EWS1wFvKbDqC8nr6SgN3_VeZ8/getUpdates "HTTP/1.1 200 OK"
2026-01-24 17:23:07,908 - httpx - INFO - HTTP Request: POST https://api.telegram.org/bot8212814214:AAG29mEQN2EWS1wFvKbDqC8nr6SgN3_VeZ8/getUpdates "HTTP/1.1 200 OK"
2026-01-24 17:23:17,980 - httpx - INFO - HTTP Request: POST https://api.telegram.org/bot8212814214:AAG29mEQN2EWS1wFvKbDqC8nr6SgN3_VeZ8/getUpdates "HTTP/1.1 200 OK"
2026-01-24 17:23:28,049 - httpx - INFO - HTTP Request: POST https://api.telegram.org/bot8212814214:AAG29mEQN2EWS1wFvKbDqC8nr6SgN3_VeZ8/getUpdates "HTTP/1.1 200 OK"
2026-01-24 17:23:38,119 - httpx - INFO - HTTP Request: POST https://api.telegram.org/bot8212814214:AAG29mEQN2EWS1wFvKbDqC8nr6SgN3_VeZ8/getUpdates "HTTP/1.1 200 OK"
2026-01-24 17:23:48,187 - httpx - INFO - HTTP Request: POST https://api.telegram.org/bot8212814214:AAG29mEQN2EWS1wFvKbDqC8nr6SgN3_VeZ8/getUpdates "HTTP/1.1 200 OK"
2026-01-24 17:23:58,256 - httpx - INFO - HTTP Request: POST https://api.telegram.org/bot8212814214:AAG29mEQN2EWS1wFvKbDqC8nr6SgN3_VeZ8/getUpdates "HTTP/1.1 200 OK"
2026-01-24 17:24:08,326 - httpx - INFO - HTTP Request: POST https://api.telegram.org/bot8212814214:AAG29mEQN2EWS1wFvKbDqC8nr6SgN3_VeZ8/getUpdates "HTTP/1.1 200 OK"
2026-01-24 17:24:18,396 - httpx - INFO - HTTP Request: POST https://api.telegram.org/bot8212814214:AAG29mEQN2EWS1wFvKbDqC8nr6SgN3_VeZ8/getUpdates "HTTP/1.1 200 OK"
2026-01-24 17:24:28,466 - httpx - INFO - HTTP Request: POST https://api.telegram.org/bot8212814214:AAG29mEQN2EWS1wFvKbDqC8nr6SgN3_VeZ8/getUpdates "HTTP/1.1 200 OK"
2026-01-24 17:24:38,537 - httpx - INFO - HTTP Request: POST https://api.telegram.org/bot8212814214:AAG29mEQN2EWS1wFvKbDqC8nr6SgN3_VeZ8/getUpdates "HTTP/1.1 200 OK"
2026-01-24 17:24:48,608 - httpx - INFO - HTTP Request: POST https://api.telegram.org/bot8212814214:AAG29mEQN2EWS1wFvKbDqC8nr6SgN3_VeZ8/getUpdates "HTTP/1.1 200 OK"
2026-01-24 17:24:58,675 - httpx - INFO - HTTP Request: POST https://api.telegram.org/bot8212814214:AAG29mEQN2EWS1wFvKbDqC8nr6SgN3_VeZ8/getUpdates "HTTP/1.1 200 OK"
2026-01-24 17:25:08,745 - httpx - INFO - HTTP Request: POST https://api.telegram.org/bot8212814214:AAG29mEQN2EWS1wFvKbDqC8nr6SgN3_VeZ8/getUpdates "HTTP/1.1 200 OK"
2026-01-24 17:25:18,815 - httpx - INFO - HTTP Request: POST https://api.telegram.org/bot8212814214:AAG29mEQN2EWS1wFvKbDqC8nr6SgN3_VeZ8/getUpdates "HTTP/1.1 200 OK"
2026-01-24 17:25:28,883 - httpx - INFO - HTTP Request: POST https://api.telegram.org/bot8212814214:AAG29mEQN2EWS1wFvKbDqC8nr6SgN3_VeZ8/getUpdates "HTTP/1.1 200 OK"
2026-01-24 17:25:39,197 - httpx - INFO - HTTP Request: POST https://api.telegram.org/bot8212814214:AAG29mEQN2EWS1wFvKbDqC8nr6SgN3_VeZ8/getUpdates "HTTP/1.1 200 OK"
2026-01-24 17:25:49,284 - httpx - INFO - HTTP Request: POST https://api.telegram.org/bot8212814214:AAG29mEQN2EWS1wFvKbDqC8nr6SgN3_VeZ8/getUpdates "HTTP/1.1 200 OK"
2026-01-24 17:25:59,365 - httpx - INFO - HTTP Request: POST https://api.telegram.org/bot8212814214:AAG29mEQN2EWS1wFvKbDqC8nr6SgN3_VeZ8/getUpdates "HTTP/1.1 200 OK"
2026-01-24 17:26:09,443 - httpx - INFO - HTTP Request: POST https://api.telegram.org/bot8212814214:AAG29mEQN2EWS1wFvKbDqC8nr6SgN3_VeZ8/getUpdates "HTTP/1.1 200 OK"
2026-01-24 17:26:19,522 - httpx - INFO - HTTP Request: POST https://api.telegram.org/bot8212814214:AAG29mEQN2EWS1wFvKbDqC8nr6SgN3_VeZ8/getUpdates "HTTP/1.1 200 OK"
2026-01-24 17:26:29,604 - httpx - INFO - HTTP Request: POST https://api.telegram.org/bot8212814214:AAG29mEQN2EWS1wFvKbDqC8nr6SgN3_VeZ8/getUpdates "HTTP/1.1 200 OK"
2026-01-24 17:26:39,692 - httpx - INFO - HTTP Request: POST https://api.telegram.org/bot8212814214:AAG29mEQN2EWS1wFvKbDqC8nr6SgN3_VeZ8/getUpdates "HTTP/1.1 200 OK"
2026-01-24 17:26:49,773 - httpx - INFO - HTTP Request: POST https://api.telegram.org/bot8212814214:AAG29mEQN2EWS1wFvKbDqC8nr6SgN3_VeZ8/getUpdates "HTTP/1.1 200 OK"
2026-01-24 17:26:59,867 - httpx - INFO - HTTP Request: POST https://api.telegram.org/bot8212814214:AAG29mEQN2EWS1wFvKbDqC8nr6SgN3_VeZ8/getUpdates "HTTP/1.1 200 OK"
2026-01-24 17:27:09,952 - httpx - INFO - HTTP Request: POST https://api.telegram.org/bot8212814214:AAG29mEQN2EWS1wFvKbDqC8nr6SgN3_VeZ8/getUpdates "HTTP/1.1 200 OK"
2026-01-24 17:27:20,040 - httpx - INFO - HTTP Request: POST https://api.telegram.org/bot8212814214:AAG29mEQN2EWS1wFvKbDqC8nr6SgN3_VeZ8/getUpdates "HTTP/1.1 200 OK"
2026-01-24 17:27:30,121 - httpx - INFO - HTTP Request: POST https://api.telegram.org/bot8212814214:AAG29mEQN2EWS1wFvKbDqC8nr6SgN3_VeZ8/getUpdates "HTTP/1.1 200 OK"
2026-01-24 17:27:40,200 - httpx - INFO - HTTP Request: POST https://api.telegram.org/bot8212814214:AAG29mEQN2EWS1wFvKbDqC8nr6SgN3_VeZ8/getUpdates "HTTP/1.1 200 OK"
2026-01-24 17:27:50,285 - httpx - INFO - HTTP Request: POST https://api.telegram.org/bot8212814214:AAG29mEQN2EWS1wFvKbDqC8nr6SgN3_VeZ8/getUpdates "HTTP/1.1 200 OK"
2026-01-24 17:28:00,370 - httpx - INFO - HTTP Request: POST https://api.telegram.org/bot8212814214:AAG29mEQN2EWS1wFvKbDqC8nr6SgN3_VeZ8/getUpdates "HTTP/1.1 200 OK"
2026-01-24 17:28:10,532 - httpx - INFO - HTTP Request: POST https://api.telegram.org/bot8212814214:AAG29mEQN2EWS1wFvKbDqC8nr6SgN3_VeZ8/getUpdates "HTTP/1.1 200 OK"
2026-01-24 17:28:20,619 - httpx - INFO - HTTP Request: POST https://api.telegram.org/bot8212814214:AAG29mEQN2EWS1wFvKbDqC8nr6SgN3_VeZ8/getUpdates "HTTP/1.1 200 OK"
2026-01-24 17:28:30,698 - httpx - INFO - HTTP Request: POST https://api.telegram.org/bot8212814214:AAG29mEQN2EWS1wFvKbDqC8nr6SgN3_VeZ8/getUpdates "HTTP/1.1 200 OK"
2026-01-24 17:28:40,790 - httpx - INFO - HTTP Request: POST https://api.telegram.org/bot8212814214:AAG29mEQN2EWS1wFvKbDqC8nr6SgN3_VeZ8/getUpdates "HTTP/1.1 200 OK"
2026-01-24 17:28:50,870 - httpx - INFO - HTTP Request: POST https://api.telegram.org/bot8212814214:AAG29mEQN2EWS1wFvKbDqC8nr6SgN3_VeZ8/getUpdates "HTTP/1.1 200 OK"
2026-01-24 17:29:00,949 - httpx - INFO - HTTP Request: POST https://api.telegram.org/bot8212814214:AAG29mEQN2EWS1wFvKbDqC8nr6SgN3_VeZ8/getUpdates "HTTP/1.1 200 OK"
2026-01-24 17:29:11,027 - httpx - INFO - HTTP Request: POST https://api.telegram.org/bot8212814214:AAG29mEQN2EWS1wFvKbDqC8nr6SgN3_VeZ8/getUpdates "HTTP/1.1 200 OK"
2026-01-24 17:29:21,110 - httpx - INFO - HTTP Request: POST https://api.telegram.org/bot8212814214:AAG29mEQN2EWS1wFvKbDqC8nr6SgN3_VeZ8/getUpdates "HTTP/1.1 200 OK"
2026-01-24 17:29:31,198 - httpx - INFO - HTTP Request: POST https://api.telegram.org/bot8212814214:AAG29mEQN2EWS1wFvKbDqC8nr6SgN3_VeZ8/getUpdates "HTTP/1.1 200 OK"
2026-01-24 17:29:41,373 - httpx - INFO - HTTP Request: POST https://api.telegram.org/bot8212814214:AAG29mEQN2EWS1wFvKbDqC8nr6SgN3_VeZ8/getUpdates "HTTP/1.1 200 OK"
2026-01-24 17:29:51,459 - httpx - INFO - HTTP Request: POST https://api.telegram.org/bot8212814214:AAG29mEQN2EWS1wFvKbDqC8nr6SgN3_VeZ8/getUpdates "HTTP/1.1 200 OK"
2026-01-24 17:30:01,583 - httpx - INFO - HTTP Request: POST https://api.telegram.org/bot8212814214:AAG29mEQN2EWS1wFvKbDqC8nr6SgN3_VeZ8/getUpdates "HTTP/1.1 200 OK"
2026-01-24 17:30:11,667 - httpx - INFO - HTTP Request: POST https://api.telegram.org/bot8212814214:AAG29mEQN2EWS1wFvKbDqC8nr6SgN3_VeZ8/getUpdates "HTTP/1.1 200 OK"
2026-01-24 17:30:21,818 - httpx - INFO - HTTP Request: POST https://api.telegram.org/bot8212814214:AAG29mEQN2EWS1wFvKbDqC8nr6SgN3_VeZ8/getUpdates "HTTP/1.1 200 OK"
2026-01-24 17:30:31,896 - httpx - INFO - HTTP Request: POST https://api.telegram.org/bot8212814214:AAG29mEQN2EWS1wFvKbDqC8nr6SgN3_VeZ8/getUpdates "HTTP/1.1 200 OK"
2026-01-24 17:30:41,975 - httpx - INFO - HTTP Request: POST https://api.telegram.org/bot8212814214:AAG29mEQN2EWS1wFvKbDqC8nr6SgN3_VeZ8/getUpdates "HTTP/1.1 200 OK"
2026-01-24 17:30:52,129 - httpx - INFO - HTTP Request: POST https://api.telegram.org/bot8212814214:AAG29mEQN2EWS1wFvKbDqC8nr6SgN3_VeZ8/getUpdates "HTTP/1.1 200 OK"
2026-01-24 17:31:02,371 - httpx - INFO - HTTP Request: POST https://api.telegram.org/bot8212814214:AAG29mEQN2EWS1wFvKbDqC8nr6SgN3_VeZ8/getUpdates "HTTP/1.1 200 OK"
2026-01-24 17:31:12,455 - httpx - INFO - HTTP Request: POST https://api.telegram.org/bot8212814214:AAG29mEQN2EWS1wFvKbDqC8nr6SgN3_VeZ8/getUpdates "HTTP/1.1 200 OK"
2026-01-24 17:31:22,538 - httpx - INFO - HTTP Request: POST https://api.telegram.org/bot8212814214:AAG29mEQN2EWS1wFvKbDqC8nr6SgN3_VeZ8/getUpdates "HTTP/1.1 200 OK"
2026-01-24 17:31:32,614 - httpx - INFO - HTTP Request: POST https://api.telegram.org/bot8212814214:AAG29mEQN2EWS1wFvKbDqC8nr6SgN3_VeZ8/getUpdates "HTTP/1.1 200 OK"
2026-01-24 17:31:42,687 - httpx - INFO - HTTP Request: POST https://api.telegram.org/bot8212814214:AAG29mEQN2EWS1wFvKbDqC8nr6SgN3_VeZ8/getUpdates "HTTP/1.1 200 OK"
2026-01-24 17:31:52,774 - httpx - INFO - HTTP Request: POST https://api.telegram.org/bot8212814214:AAG29mEQN2EWS1wFvKbDqC8nr6SgN3_VeZ8/getUpdates "HTTP/1.1 200 OK"
2026-01-24 17:32:02,856 - httpx - INFO - HTTP Request: POST https://api.telegram.org/bot8212814214:AAG29mEQN2EWS1wFvKbDqC8nr6SgN3_VeZ8/getUpdates "HTTP/1.1 200 OK"
2026-01-24 17:32:12,933 - httpx - INFO - HTTP Request: POST https://api.telegram.org/bot8212814214:AAG29mEQN2EWS1wFvKbDqC8nr6SgN3_VeZ8/getUpdates "HTTP/1.1 200 OK"
2026-01-24 17:32:23,013 - httpx - INFO - HTTP Request: POST https://api.telegram.org/bot8212814214:AAG29mEQN2EWS1wFvKbDqC8nr6SgN3_VeZ8/getUpdates "HTTP/1.1 200 OK"
2026-01-24 17:32:33,092 - httpx - INFO - HTTP Request: POST https://api.telegram.org/bot8212814214:AAG29mEQN2EWS1wFvKbDqC8nr6SgN3_VeZ8/getUpdates "HTTP/1.1 200 OK"
2026-01-24 17:32:43,169 - httpx - INFO - HTTP Request: POST https://api.telegram.org/bot8212814214:AAG29mEQN2EWS1wFvKbDqC8nr6SgN3_VeZ8/getUpdates "HTTP/1.1 200 OK"
2026-01-24 17:32:53,264 - httpx - INFO - HTTP Request: POST https://api.telegram.org/bot8212814214:AAG29mEQN2EWS1wFvKbDqC8nr6SgN3_VeZ8/getUpdates "HTTP/1.1 200 OK"
2026-01-24 17:33:03,403 - httpx - INFO - HTTP Request: POST https://api.telegram.org/bot8212814214:AAG29mEQN2EWS1wFvKbDqC8nr6SgN3_VeZ8/getUpdates "HTTP/1.1 200 OK"
2026-01-24 17:33:13,539 - httpx - INFO - HTTP Request: POST https://api.telegram.org/bot8212814214:AAG29mEQN2EWS1wFvKbDqC8nr6SgN3_VeZ8/getUpdates "HTTP/1.1 200 OK"
2026-01-24 17:33:23,681 - httpx - INFO - HTTP Request: POST https://api.telegram.org/bot8212814214:AAG29mEQN2EWS1wFvKbDqC8nr6SgN3_VeZ8/getUpdates "HTTP/1.1 200 OK"
2026-01-24 17:33:33,777 - httpx - INFO - HTTP Request: POST https://api.telegram.org/bot8212814214:AAG29mEQN2EWS1wFvKbDqC8nr6SgN3_VeZ8/getUpdates "HTTP/1.1 200 OK"
2026-01-24 17:33:43,856 - httpx - INFO - HTTP Request: POST https://api.telegram.org/bot8212814214:AAG29mEQN2EWS1wFvKbDqC8nr6SgN3_VeZ8/getUpdates "HTTP/1.1 200 OK"
2026-01-24 17:33:53,936 - httpx - INFO - HTTP Request: POST https://api.telegram.org/bot8212814214:AAG29mEQN2EWS1wFvKbDqC8nr6SgN3_VeZ8/getUpdates "HTTP/1.1 200 OK"
2026-01-24 17:34:04,123 - httpx - INFO - HTTP Request: POST https://api.telegram.org/bot8212814214:AAG29mEQN2EWS1wFvKbDqC8nr6SgN3_VeZ8/getUpdates "HTTP/1.1 200 OK"
2026-01-24 17:34:14,295 - httpx - INFO - HTTP Request: POST https://api.telegram.org/bot8212814214:AAG29mEQN2EWS1wFvKbDqC8nr6SgN3_VeZ8/getUpdates "HTTP/1.1 200 OK"
2026-01-24 17:34:24,375 - httpx - INFO - HTTP Request: POST https://api.telegram.org/bot8212814214:AAG29mEQN2EWS1wFvKbDqC8nr6SgN3_VeZ8/getUpdates "HTTP/1.1 200 OK"
2026-01-24 17:34:34,455 - httpx - INFO - HTTP Request: POST https://api.telegram.org/bot8212814214:AAG29mEQN2EWS1wFvKbDqC8nr6SgN3_VeZ8/getUpdates "HTTP/1.1 200 OK"
2026-01-24 17:34:44,535 - httpx - INFO - HTTP Request: POST https://api.telegram.org/bot8212814214:AAG29mEQN2EWS1wFvKbDqC8nr6SgN3_VeZ8/getUpdates "HTTP/1.1 200 OK"
2026-01-24 17:34:54,616 - httpx - INFO - HTTP Request: POST https://api.telegram.org/bot8212814214:AAG29mEQN2EWS1wFvKbDqC8nr6SgN3_VeZ8/getUpdates "HTTP/1.1 200 OK"
2026-01-24 17:35:04,710 - httpx - INFO - HTTP Request: POST https://api.telegram.org/bot8212814214:AAG29mEQN2EWS1wFvKbDqC8nr6SgN3_VeZ8/getUpdates "HTTP/1.1 200 OK"
2026-01-24 17:35:14,923 - httpx - INFO - HTTP Request: POST https://api.telegram.org/bot8212814214:AAG29mEQN2EWS1wFvKbDqC8nr6SgN3_VeZ8/getUpdates "HTTP/1.1 200 OK"
2026-01-24 17:35:25,004 - httpx - INFO - HTTP Request: POST https://api.telegram.org/bot8212814214:AAG29mEQN2EWS1wFvKbDqC8nr6SgN3_VeZ8/getUpdates "HTTP/1.1 200 OK"
2026-01-24 17:35:35,119 - httpx - INFO - HTTP Request: POST https://api.telegram.org/bot8212814214:AAG29mEQN2EWS1wFvKbDqC8nr6SgN3_VeZ8/getUpdates "HTTP/1.1 200 OK"
2026-01-24 17:35:45,224 - httpx - INFO - HTTP Request: POST https://api.telegram.org/bot8212814214:AAG29mEQN2EWS1wFvKbDqC8nr6SgN3_VeZ8/getUpdates "HTTP/1.1 200 OK"
2026-01-24 17:35:55,308 - httpx - INFO - HTTP Request: POST https://api.telegram.org/bot8212814214:AAG29mEQN2EWS1wFvKbDqC8nr6SgN3_VeZ8/getUpdates "HTTP/1.1 200 OK"
2026-01-24 17:36:05,392 - httpx - INFO - HTTP Request: POST https://api.telegram.org/bot8212814214:AAG29mEQN2EWS1wFvKbDqC8nr6SgN3_VeZ8/getUpdates "HTTP/1.1 200 OK"
2026-01-24 17:36:15,517 - httpx - INFO - HTTP Request: POST https://api.telegram.org/bot8212814214:AAG29mEQN2EWS1wFvKbDqC8nr6SgN3_VeZ8/getUpdates "HTTP/1.1 200 OK"
2026-01-24 17:36:25,592 - httpx - INFO - HTTP Request: POST https://api.telegram.org/bot8212814214:AAG29mEQN2EWS1wFvKbDqC8nr6SgN3_VeZ8/getUpdates "HTTP/1.1 200 OK"
2026-01-24 17:36:35,778 - httpx - INFO - HTTP Request: POST https://api.telegram.org/bot8212814214:AAG29mEQN2EWS1wFvKbDqC8nr6SgN3_VeZ8/getUpdates "HTTP/1.1 200 OK"
2026-01-24 17:36:45,852 - httpx - INFO - HTTP Request: POST https://api.telegram.org/bot8212814214:AAG29mEQN2EWS1wFvKbDqC8nr6SgN3_VeZ8/getUpdates "HTTP/1.1 200 OK"
2026-01-24 17:36:55,947 - httpx - INFO - HTTP Request: POST https://api.telegram.org/bot8212814214:AAG29mEQN2EWS1wFvKbDqC8nr6SgN3_VeZ8/getUpdates "HTTP/1.1 200 OK"
2026-01-24 17:37:06,022 - httpx - INFO - HTTP Request: POST https://api.telegram.org/bot8212814214:AAG29mEQN2EWS1wFvKbDqC8nr6SgN3_VeZ8/getUpdates "HTTP/1.1 200 OK"
2026-01-24 17:37:16,138 - httpx - INFO - HTTP Request: POST https://api.telegram.org/bot8212814214:AAG29mEQN2EWS1wFvKbDqC8nr6SgN3_VeZ8/getUpdates "HTTP/1.1 200 OK"
2026-01-24 17:37:26,271 - httpx - INFO - HTTP Request: POST https://api.telegram.org/bot8212814214:AAG29mEQN2EWS1wFvKbDqC8nr6SgN3_VeZ8/getUpdates "HTTP/1.1 200 OK"
2026-01-24 17:37:36,400 - httpx - INFO - HTTP Request: POST https://api.telegram.org/bot8212814214:AAG29mEQN2EWS1wFvKbDqC8nr6SgN3_VeZ8/getUpdates "HTTP/1.1 200 OK"
2026-01-24 17:37:46,545 - httpx - INFO - HTTP Request: POST https://api.telegram.org/bot8212814214:AAG29mEQN2EWS1wFvKbDqC8nr6SgN3_VeZ8/getUpdates "HTTP/1.1 200 OK"
2026-01-24 17:37:56,672 - httpx - INFO - HTTP Request: POST https://api.telegram.org/bot8212814214:AAG29mEQN2EWS1wFvKbDqC8nr6SgN3_VeZ8/getUpdates "HTTP/1.1 200 OK"
2026-01-24 17:38:06,761 - httpx - INFO - HTTP Request: POST https://api.telegram.org/bot8212814214:AAG29mEQN2EWS1wFvKbDqC8nr6SgN3_VeZ8/getUpdates "HTTP/1.1 200 OK"
2026-01-24 17:38:16,850 - httpx - INFO - HTTP Request: POST https://api.telegram.org/bot8212814214:AAG29mEQN2EWS1wFvKbDqC8nr6SgN3_VeZ8/getUpdates "HTTP/1.1 200 OK"
2026-01-24 17:38:26,930 - httpx - INFO - HTTP Request: POST https://api.telegram.org/bot8212814214:AAG29mEQN2EWS1wFvKbDqC8nr6SgN3_VeZ8/getUpdates "HTTP/1.1 200 OK"
2026-01-24 17:38:37,020 - httpx - INFO - HTTP Request: POST https://api.telegram.org/bot8212814214:AAG29mEQN2EWS1wFvKbDqC8nr6SgN3_VeZ8/getUpdates "HTTP/1.1 200 OK"
2026-01-24 17:38:47,099 - httpx - INFO - HTTP Request: POST https://api.telegram.org/bot8212814214:AAG29mEQN2EWS1wFvKbDqC8nr6SgN3_VeZ8/getUpdates "HTTP/1.1 200 OK"
2026-01-24 17:38:57,180 - httpx - INFO - HTTP Request: POST https://api.telegram.org/bot8212814214:AAG29mEQN2EWS1wFvKbDqC8nr6SgN3_VeZ8/getUpdates "HTTP/1.1 200 OK"
2026-01-24 17:39:07,259 - httpx - INFO - HTTP Request: POST https://api.telegram.org/bot8212814214:AAG29mEQN2EWS1wFvKbDqC8nr6SgN3_VeZ8/getUpdates "HTTP/1.1 200 OK"
2026-01-24 17:39:17,347 - httpx - INFO - HTTP Request: POST https://api.telegram.org/bot8212814214:AAG29mEQN2EWS1wFvKbDqC8nr6SgN3_VeZ8/getUpdates "HTTP/1.1 200 OK"
2026-01-24 17:39:27,428 - httpx - INFO - HTTP Request: POST https://api.telegram.org/bot8212814214:AAG29mEQN2EWS1wFvKbDqC8nr6SgN3_VeZ8/getUpdates "HTTP/1.1 200 OK"
2026-01-24 17:39:37,508 - httpx - INFO - HTTP Request: POST https://api.telegram.org/bot8212814214:AAG29mEQN2EWS1wFvKbDqC8nr6SgN3_VeZ8/getUpdates "HTTP/1.1 200 OK"
2026-01-24 17:39:47,621 - httpx - INFO - HTTP Request: POST https://api.telegram.org/bot8212814214:AAG29mEQN2EWS1wFvKbDqC8nr6SgN3_VeZ8/getUpdates "HTTP/1.1 200 OK"
2026-01-24 17:39:58,019 - httpx - INFO - HTTP Request: POST https://api.telegram.org/bot8212814214:AAG29mEQN2EWS1wFvKbDqC8nr6SgN3_VeZ8/getUpdates "HTTP/1.1 200 OK"
2026-01-24 17:40:08,111 - httpx - INFO - HTTP Request: POST https://api.telegram.org/bot8212814214:AAG29mEQN2EWS1wFvKbDqC8nr6SgN3_VeZ8/getUpdates "HTTP/1.1 200 OK"
2026-01-24 17:40:18,212 - httpx - INFO - HTTP Request: POST https://api.telegram.org/bot8212814214:AAG29mEQN2EWS1wFvKbDqC8nr6SgN3_VeZ8/getUpdates "HTTP/1.1 200 OK"
2026-01-24 17:40:28,354 - httpx - INFO - HTTP Request: POST https://api.telegram.org/bot8212814214:AAG29mEQN2EWS1wFvKbDqC8nr6SgN3_VeZ8/getUpdates "HTTP/1.1 200 OK"
2026-01-24 17:40:38,445 - httpx - INFO - HTTP Request: POST https://api.telegram.org/bot8212814214:AAG29mEQN2EWS1wFvKbDqC8nr6SgN3_VeZ8/getUpdates "HTTP/1.1 200 OK"
2026-01-24 17:40:48,603 - httpx - INFO - HTTP Request: POST https://api.telegram.org/bot8212814214:AAG29mEQN2EWS1wFvKbDqC8nr6SgN3_VeZ8/getUpdates "HTTP/1.1 200 OK"
2026-01-24 17:40:58,689 - httpx - INFO - HTTP Request: POST https://api.telegram.org/bot8212814214:AAG29mEQN2EWS1wFvKbDqC8nr6SgN3_VeZ8/getUpdates "HTTP/1.1 200 OK"
2026-01-24 17:41:08,783 - httpx - INFO - HTTP Request: POST https://api.telegram.org/bot8212814214:AAG29mEQN2EWS1wFvKbDqC8nr6SgN3_VeZ8/getUpdates "HTTP/1.1 200 OK"
2026-01-24 17:41:18,865 - httpx - INFO - HTTP Request: POST https://api.telegram.org/bot8212814214:AAG29mEQN2EWS1wFvKbDqC8nr6SgN3_VeZ8/getUpdates "HTTP/1.1 200 OK"
2026-01-24 17:41:28,954 - httpx - INFO - HTTP Request: POST https://api.telegram.org/bot8212814214:AAG29mEQN2EWS1wFvKbDqC8nr6SgN3_VeZ8/getUpdates "HTTP/1.1 200 OK"
2026-01-24 17:41:39,050 - httpx - INFO - HTTP Request: POST https://api.telegram.org/bot8212814214:AAG29mEQN2EWS1wFvKbDqC8nr6SgN3_VeZ8/getUpdates "HTTP/1.1 200 OK"
2026-01-24 17:41:49,143 - httpx - INFO - HTTP Request: POST https://api.telegram.org/bot8212814214:AAG29mEQN2EWS1wFvKbDqC8nr6SgN3_VeZ8/getUpdates "HTTP/1.1 200 OK"
2026-01-24 17:41:59,234 - httpx - INFO - HTTP Request: POST https://api.telegram.org/bot8212814214:AAG29mEQN2EWS1wFvKbDqC8nr6SgN3_VeZ8/getUpdates "HTTP/1.1 200 OK"
2026-01-24 17:42:09,312 - httpx - INFO - HTTP Request: POST https://api.telegram.org/bot8212814214:AAG29mEQN2EWS1wFvKbDqC8nr6SgN3_VeZ8/getUpdates "HTTP/1.1 200 OK"
2026-01-24 17:42:19,392 - httpx - INFO - HTTP Request: POST https://api.telegram.org/bot8212814214:AAG29mEQN2EWS1wFvKbDqC8nr6SgN3_VeZ8/getUpdates "HTTP/1.1 200 OK"
2026-01-24 17:42:29,641 - httpx - INFO - HTTP Request: POST https://api.telegram.org/bot8212814214:AAG29mEQN2EWS1wFvKbDqC8nr6SgN3_VeZ8/getUpdates "HTTP/1.1 200 OK"
2026-01-24 17:42:39,722 - httpx - INFO - HTTP Request: POST https://api.telegram.org/bot8212814214:AAG29mEQN2EWS1wFvKbDqC8nr6SgN3_VeZ8/getUpdates "HTTP/1.1 200 OK"
2026-01-24 17:42:49,842 - httpx - INFO - HTTP Request: POST https://api.telegram.org/bot8212814214:AAG29mEQN2EWS1wFvKbDqC8nr6SgN3_VeZ8/getUpdates "HTTP/1.1 200 OK"
2026-01-24 17:42:59,921 - httpx - INFO - HTTP Request: POST https://api.telegram.org/bot8212814214:AAG29mEQN2EWS1wFvKbDqC8nr6SgN3_VeZ8/getUpdates "HTTP/1.1 200 OK"
2026-01-24 17:43:10,002 - httpx - INFO - HTTP Request: POST https://api.telegram.org/bot8212814214:AAG29mEQN2EWS1wFvKbDqC8nr6SgN3_VeZ8/getUpdates "HTTP/1.1 200 OK"
2026-01-24 17:43:20,093 - httpx - INFO - HTTP Request: POST https://api.telegram.org/bot8212814214:AAG29mEQN2EWS1wFvKbDqC8nr6SgN3_VeZ8/getUpdates "HTTP/1.1 200 OK"
2026-01-24 17:43:30,185 - httpx - INFO - HTTP Request: POST https://api.telegram.org/bot8212814214:AAG29mEQN2EWS1wFvKbDqC8nr6SgN3_VeZ8/getUpdates "HTTP/1.1 200 OK"
2026-01-24 17:43:40,271 - httpx - INFO - HTTP Request: POST https://api.telegram.org/bot8212814214:AAG29mEQN2EWS1wFvKbDqC8nr6SgN3_VeZ8/getUpdates "HTTP/1.1 200 OK"
2026-01-24 17:43:50,359 - httpx - INFO - HTTP Request: POST https://api.telegram.org/bot8212814214:AAG29mEQN2EWS1wFvKbDqC8nr6SgN3_VeZ8/getUpdates "HTTP/1.1 200 OK"
2026-01-24 17:44:00,428 - httpx - INFO - HTTP Request: POST https://api.telegram.org/bot8212814214:AAG29mEQN2EWS1wFvKbDqC8nr6SgN3_VeZ8/getUpdates "HTTP/1.1 200 OK"
2026-01-24 17:44:10,508 - httpx - INFO - HTTP Request: POST https://api.telegram.org/bot8212814214:AAG29mEQN2EWS1wFvKbDqC8nr6SgN3_VeZ8/getUpdates "HTTP/1.1 200 OK"
2026-01-24 17:44:20,599 - httpx - INFO - HTTP Request: POST https://api.telegram.org/bot8212814214:AAG29mEQN2EWS1wFvKbDqC8nr6SgN3_VeZ8/getUpdates "HTTP/1.1 200 OK"
2026-01-24 17:44:30,679 - httpx - INFO - HTTP Request: POST https://api.telegram.org/bot8212814214:AAG29mEQN2EWS1wFvKbDqC8nr6SgN3_VeZ8/getUpdates "HTTP/1.1 200 OK"
2026-01-24 17:44:40,779 - httpx - INFO - HTTP Request: POST https://api.telegram.org/bot8212814214:AAG29mEQN2EWS1wFvKbDqC8nr6SgN3_VeZ8/getUpdates "HTTP/1.1 200 OK"
2026-01-24 17:44:50,864 - httpx - INFO - HTTP Request: POST https://api.telegram.org/bot8212814214:AAG29mEQN2EWS1wFvKbDqC8nr6SgN3_VeZ8/getUpdates "HTTP/1.1 200 OK"
2026-01-24 17:45:00,957 - httpx - INFO - HTTP Request: POST https://api.telegram.org/bot8212814214:AAG29mEQN2EWS1wFvKbDqC8nr6SgN3_VeZ8/getUpdates "HTTP/1.1 200 OK"
2026-01-24 17:45:11,026 - httpx - INFO - HTTP Request: POST https://api.telegram.org/bot8212814214:AAG29mEQN2EWS1wFvKbDqC8nr6SgN3_VeZ8/getUpdates "HTTP/1.1 200 OK"
2026-01-24 17:45:21,107 - httpx - INFO - HTTP Request: POST https://api.telegram.org/bot8212814214:AAG29mEQN2EWS1wFvKbDqC8nr6SgN3_VeZ8/getUpdates "HTTP/1.1 200 OK"
2026-01-24 17:45:31,207 - httpx - INFO - HTTP Request: POST https://api.telegram.org/bot8212814214:AAG29mEQN2EWS1wFvKbDqC8nr6SgN3_VeZ8/getUpdates "HTTP/1.1 200 OK"
2026-01-24 17:45:41,306 - httpx - INFO - HTTP Request: POST https://api.telegram.org/bot8212814214:AAG29mEQN2EWS1wFvKbDqC8nr6SgN3_VeZ8/getUpdates "HTTP/1.1 200 OK"
2026-01-24 17:45:51,770 - httpx - INFO - HTTP Request: POST https://api.telegram.org/bot8212814214:AAG29mEQN2EWS1wFvKbDqC8nr6SgN3_VeZ8/getUpdates "HTTP/1.1 200 OK"
2026-01-24 17:46:01,894 - httpx - INFO - HTTP Request: POST https://api.telegram.org/bot8212814214:AAG29mEQN2EWS1wFvKbDqC8nr6SgN3_VeZ8/getUpdates "HTTP/1.1 200 OK"
2026-01-24 17:46:12,032 - httpx - INFO - HTTP Request: POST https://api.telegram.org/bot8212814214:AAG29mEQN2EWS1wFvKbDqC8nr6SgN3_VeZ8/getUpdates "HTTP/1.1 200 OK"
2026-01-24 17:46:22,105 - httpx - INFO - HTTP Request: POST https://api.telegram.org/bot8212814214:AAG29mEQN2EWS1wFvKbDqC8nr6SgN3_VeZ8/getUpdates "HTTP/1.1 200 OK"
2026-01-24 17:46:32,198 - httpx - INFO - HTTP Request: POST https://api.telegram.org/bot8212814214:AAG29mEQN2EWS1wFvKbDqC8nr6SgN3_VeZ8/getUpdates "HTTP/1.1 200 OK"
2026-01-24 17:46:42,317 - httpx - INFO - HTTP Request: POST https://api.telegram.org/bot8212814214:AAG29mEQN2EWS1wFvKbDqC8nr6SgN3_VeZ8/getUpdates "HTTP/1.1 200 OK"
2026-01-24 17:46:52,438 - httpx - INFO - HTTP Request: POST https://api.telegram.org/bot8212814214:AAG29mEQN2EWS1wFvKbDqC8nr6SgN3_VeZ8/getUpdates "HTTP/1.1 200 OK"
2026-01-24 17:47:02,610 - httpx - INFO - HTTP Request: POST https://api.telegram.org/bot8212814214:AAG29mEQN2EWS1wFvKbDqC8nr6SgN3_VeZ8/getUpdates "HTTP/1.1 200 OK"
2026-01-24 17:47:12,702 - httpx - INFO - HTTP Request: POST https://api.telegram.org/bot8212814214:AAG29mEQN2EWS1wFvKbDqC8nr6SgN3_VeZ8/getUpdates "HTTP/1.1 200 OK"
2026-01-24 17:47:22,797 - httpx - INFO - HTTP Request: POST https://api.telegram.org/bot8212814214:AAG29mEQN2EWS1wFvKbDqC8nr6SgN3_VeZ8/getUpdates "HTTP/1.1 200 OK"
2026-01-24 17:47:32,922 - httpx - INFO - HTTP Request: POST https://api.telegram.org/bot8212814214:AAG29mEQN2EWS1wFvKbDqC8nr6SgN3_VeZ8/getUpdates "HTTP/1.1 200 OK"
2026-01-24 17:47:43,013 - httpx - INFO - HTTP Request: POST https://api.telegram.org/bot8212814214:AAG29mEQN2EWS1wFvKbDqC8nr6SgN3_VeZ8/getUpdates "HTTP/1.1 200 OK"
2026-01-24 17:47:53,121 - httpx - INFO - HTTP Request: POST https://api.telegram.org/bot8212814214:AAG29mEQN2EWS1wFvKbDqC8nr6SgN3_VeZ8/getUpdates "HTTP/1.1 200 OK"
2026-01-24 17:48:03,202 - httpx - INFO - HTTP Request: POST https://api.telegram.org/bot8212814214:AAG29mEQN2EWS1wFvKbDqC8nr6SgN3_VeZ8/getUpdates "HTTP/1.1 200 OK"
2026-01-24 17:48:13,327 - httpx - INFO - HTTP Request: POST https://api.telegram.org/bot8212814214:AAG29mEQN2EWS1wFvKbDqC8nr6SgN3_VeZ8/getUpdates "HTTP/1.1 200 OK"
2026-01-24 17:48:23,565 - httpx - INFO - HTTP Request: POST https://api.telegram.org/bot8212814214:AAG29mEQN2EWS1wFvKbDqC8nr6SgN3_VeZ8/getUpdates "HTTP/1.1 200 OK"
2026-01-24 17:48:33,749 - httpx - INFO - HTTP Request: POST https://api.telegram.org/bot8212814214:AAG29mEQN2EWS1wFvKbDqC8nr6SgN3_VeZ8/getUpdates "HTTP/1.1 200 OK"
2026-01-24 17:48:43,890 - httpx - INFO - HTTP Request: POST https://api.telegram.org/bot8212814214:AAG29mEQN2EWS1wFvKbDqC8nr6SgN3_VeZ8/getUpdates "HTTP/1.1 200 OK"
2026-01-24 17:48:54,034 - httpx - INFO - HTTP Request: POST https://api.telegram.org/bot8212814214:AAG29mEQN2EWS1wFvKbDqC8nr6SgN3_VeZ8/getUpdates "HTTP/1.1 200 OK"
2026-01-24 17:49:04,127 - httpx - INFO - HTTP Request: POST https://api.telegram.org/bot8212814214:AAG29mEQN2EWS1wFvKbDqC8nr6SgN3_VeZ8/getUpdates "HTTP/1.1 200 OK"
2026-01-24 17:49:14,243 - httpx - INFO - HTTP Request: POST https://api.telegram.org/bot8212814214:AAG29mEQN2EWS1wFvKbDqC8nr6SgN3_VeZ8/getUpdates "HTTP/1.1 200 OK"
2026-01-24 17:49:24,360 - httpx - INFO - HTTP Request: POST https://api.telegram.org/bot8212814214:AAG29mEQN2EWS1wFvKbDqC8nr6SgN3_VeZ8/getUpdates "HTTP/1.1 200 OK"
2026-01-24 17:49:34,451 - httpx - INFO - HTTP Request: POST https://api.telegram.org/bot8212814214:AAG29mEQN2EWS1wFvKbDqC8nr6SgN3_VeZ8/getUpdates "HTTP/1.1 200 OK"
2026-01-24 17:49:44,615 - httpx - INFO - HTTP Request: POST https://api.telegram.org/bot8212814214:AAG29mEQN2EWS1wFvKbDqC8nr6SgN3_VeZ8/getUpdates "HTTP/1.1 200 OK"
2026-01-24 17:49:54,713 - httpx - INFO - HTTP Request: POST https://api.telegram.org/bot8212814214:AAG29mEQN2EWS1wFvKbDqC8nr6SgN3_VeZ8/getUpdates "HTTP/1.1 200 OK"
2026-01-24 17:50:04,823 - httpx - INFO - HTTP Request: POST https://api.telegram.org/bot8212814214:AAG29mEQN2EWS1wFvKbDqC8nr6SgN3_VeZ8/getUpdates "HTTP/1.1 200 OK"
2026-01-24 17:50:14,997 - httpx - INFO - HTTP Request: POST https://api.telegram.org/bot8212814214:AAG29mEQN2EWS1wFvKbDqC8nr6SgN3_VeZ8/getUpdates "HTTP/1.1 200 OK"
2026-01-24 17:50:25,085 - httpx - INFO - HTTP Request: POST https://api.telegram.org/bot8212814214:AAG29mEQN2EWS1wFvKbDqC8nr6SgN3_VeZ8/getUpdates "HTTP/1.1 200 OK"
2026-01-24 17:50:35,161 - httpx - INFO - HTTP Request: POST https://api.telegram.org/bot8212814214:AAG29mEQN2EWS1wFvKbDqC8nr6SgN3_VeZ8/getUpdates "HTTP/1.1 200 OK"
2026-01-24 17:50:45,247 - httpx - INFO - HTTP Request: POST https://api.telegram.org/bot8212814214:AAG29mEQN2EWS1wFvKbDqC8nr6SgN3_VeZ8/getUpdates "HTTP/1.1 200 OK"
2026-01-24 17:50:55,362 - httpx - INFO - HTTP Request: POST https://api.telegram.org/bot8212814214:AAG29mEQN2EWS1wFvKbDqC8nr6SgN3_VeZ8/getUpdates "HTTP/1.1 200 OK"
2026-01-24 17:51:05,461 - httpx - INFO - HTTP Request: POST https://api.telegram.org/bot8212814214:AAG29mEQN2EWS1wFvKbDqC8nr6SgN3_VeZ8/getUpdates "HTTP/1.1 200 OK"
2026-01-24 17:51:15,544 - httpx - INFO - HTTP Request: POST https://api.telegram.org/bot8212814214:AAG29mEQN2EWS1wFvKbDqC8nr6SgN3_VeZ8/getUpdates "HTTP/1.1 200 OK"
2026-01-24 17:51:25,635 - httpx - INFO - HTTP Request: POST https://api.telegram.org/bot8212814214:AAG29mEQN2EWS1wFvKbDqC8nr6SgN3_VeZ8/getUpdates "HTTP/1.1 200 OK"
2026-01-24 17:51:35,736 - httpx - INFO - HTTP Request: POST https://api.telegram.org/bot8212814214:AAG29mEQN2EWS1wFvKbDqC8nr6SgN3_VeZ8/getUpdates "HTTP/1.1 200 OK"
2026-01-24 17:51:45,898 - httpx - INFO - HTTP Request: POST https://api.telegram.org/bot8212814214:AAG29mEQN2EWS1wFvKbDqC8nr6SgN3_VeZ8/getUpdates "HTTP/1.1 200 OK"
2026-01-24 17:51:55,994 - httpx - INFO - HTTP Request: POST https://api.telegram.org/bot8212814214:AAG29mEQN2EWS1wFvKbDqC8nr6SgN3_VeZ8/getUpdates "HTTP/1.1 200 OK"
2026-01-24 17:52:06,082 - httpx - INFO - HTTP Request: POST https://api.telegram.org/bot8212814214:AAG29mEQN2EWS1wFvKbDqC8nr6SgN3_VeZ8/getUpdates "HTTP/1.1 200 OK"
2026-01-24 17:52:16,202 - httpx - INFO - HTTP Request: POST https://api.telegram.org/bot8212814214:AAG29mEQN2EWS1wFvKbDqC8nr6SgN3_VeZ8/getUpdates "HTTP/1.1 200 OK"
2026-01-24 17:52:26,348 - httpx - INFO - HTTP Request: POST https://api.telegram.org/bot8212814214:AAG29mEQN2EWS1wFvKbDqC8nr6SgN3_VeZ8/getUpdates "HTTP/1.1 200 OK"
2026-01-24 17:52:36,459 - httpx - INFO - HTTP Request: POST https://api.telegram.org/bot8212814214:AAG29mEQN2EWS1wFvKbDqC8nr6SgN3_VeZ8/getUpdates "HTTP/1.1 200 OK"
2026-01-24 17:52:46,591 - httpx - INFO - HTTP Request: POST https://api.telegram.org/bot8212814214:AAG29mEQN2EWS1wFvKbDqC8nr6SgN3_VeZ8/getUpdates "HTTP/1.1 200 OK"
2026-01-24 17:52:56,681 - httpx - INFO - HTTP Request: POST https://api.telegram.org/bot8212814214:AAG29mEQN2EWS1wFvKbDqC8nr6SgN3_VeZ8/getUpdates "HTTP/1.1 200 OK"
2026-01-24 17:53:06,770 - httpx - INFO - HTTP Request: POST https://api.telegram.org/bot8212814214:AAG29mEQN2EWS1wFvKbDqC8nr6SgN3_VeZ8/getUpdates "HTTP/1.1 200 OK"
2026-01-24 17:53:16,882 - httpx - INFO - HTTP Request: POST https://api.telegram.org/bot8212814214:AAG29mEQN2EWS1wFvKbDqC8nr6SgN3_VeZ8/getUpdates "HTTP/1.1 200 OK"
2026-01-24 17:53:26,989 - httpx - INFO - HTTP Request: POST https://api.telegram.org/bot8212814214:AAG29mEQN2EWS1wFvKbDqC8nr6SgN3_VeZ8/getUpdates "HTTP/1.1 200 OK"
2026-01-24 17:53:37,160 - httpx - INFO - HTTP Request: POST https://api.telegram.org/bot8212814214:AAG29mEQN2EWS1wFvKbDqC8nr6SgN3_VeZ8/getUpdates "HTTP/1.1 200 OK"
2026-01-24 17:53:47,295 - httpx - INFO - HTTP Request: POST https://api.telegram.org/bot8212814214:AAG29mEQN2EWS1wFvKbDqC8nr6SgN3_VeZ8/getUpdates "HTTP/1.1 200 OK"
2026-01-24 17:53:57,755 - httpx - INFO - HTTP Request: POST https://api.telegram.org/bot8212814214:AAG29mEQN2EWS1wFvKbDqC8nr6SgN3_VeZ8/getUpdates "HTTP/1.1 200 OK"
2026-01-24 17:54:07,903 - httpx - INFO - HTTP Request: POST https://api.telegram.org/bot8212814214:AAG29mEQN2EWS1wFvKbDqC8nr6SgN3_VeZ8/getUpdates "HTTP/1.1 200 OK"
2026-01-24 17:54:18,141 - httpx - INFO - HTTP Request: POST https://api.telegram.org/bot8212814214:AAG29mEQN2EWS1wFvKbDqC8nr6SgN3_VeZ8/getUpdates "HTTP/1.1 200 OK"
2026-01-24 17:54:28,356 - httpx - INFO - HTTP Request: POST https://api.telegram.org/bot8212814214:AAG29mEQN2EWS1wFvKbDqC8nr6SgN3_VeZ8/getUpdates "HTTP/1.1 200 OK"
2026-01-24 17:54:38,440 - httpx - INFO - HTTP Request: POST https://api.telegram.org/bot8212814214:AAG29mEQN2EWS1wFvKbDqC8nr6SgN3_VeZ8/getUpdates "HTTP/1.1 200 OK"
2026-01-24 17:54:48,547 - httpx - INFO - HTTP Request: POST https://api.telegram.org/bot8212814214:AAG29mEQN2EWS1wFvKbDqC8nr6SgN3_VeZ8/getUpdates "HTTP/1.1 200 OK"
2026-01-24 17:54:58,649 - httpx - INFO - HTTP Request: POST https://api.telegram.org/bot8212814214:AAG29mEQN2EWS1wFvKbDqC8nr6SgN3_VeZ8/getUpdates "HTTP/1.1 200 OK"
2026-01-24 17:55:08,853 - httpx - INFO - HTTP Request: POST https://api.telegram.org/bot8212814214:AAG29mEQN2EWS1wFvKbDqC8nr6SgN3_VeZ8/getUpdates "HTTP/1.1 200 OK"
2026-01-24 17:55:19,040 - httpx - INFO - HTTP Request: POST https://api.telegram.org/bot8212814214:AAG29mEQN2EWS1wFvKbDqC8nr6SgN3_VeZ8/getUpdates "HTTP/1.1 200 OK"
2026-01-24 17:55:29,135 - httpx - INFO - HTTP Request: POST https://api.telegram.org/bot8212814214:AAG29mEQN2EWS1wFvKbDqC8nr6SgN3_VeZ8/getUpdates "HTTP/1.1 200 OK"
2026-01-24 17:55:39,225 - httpx - INFO - HTTP Request: POST https://api.telegram.org/bot8212814214:AAG29mEQN2EWS1wFvKbDqC8nr6SgN3_VeZ8/getUpdates "HTTP/1.1 200 OK"
2026-01-24 17:55:49,648 - httpx - INFO - HTTP Request: POST https://api.telegram.org/bot8212814214:AAG29mEQN2EWS1wFvKbDqC8nr6SgN3_VeZ8/getUpdates "HTTP/1.1 200 OK"
2026-01-24 17:55:59,736 - httpx - INFO - HTTP Request: POST https://api.telegram.org/bot8212814214:AAG29mEQN2EWS1wFvKbDqC8nr6SgN3_VeZ8/getUpdates "HTTP/1.1 200 OK"
2026-01-24 17:56:09,820 - httpx - INFO - HTTP Request: POST https://api.telegram.org/bot8212814214:AAG29mEQN2EWS1wFvKbDqC8nr6SgN3_VeZ8/getUpdates "HTTP/1.1 200 OK"
2026-01-24 17:56:19,985 - httpx - INFO - HTTP Request: POST https://api.telegram.org/bot8212814214:AAG29mEQN2EWS1wFvKbDqC8nr6SgN3_VeZ8/getUpdates "HTTP/1.1 200 OK"
2026-01-24 17:56:30,071 - httpx - INFO - HTTP Request: POST https://api.telegram.org/bot8212814214:AAG29mEQN2EWS1wFvKbDqC8nr6SgN3_VeZ8/getUpdates "HTTP/1.1 200 OK"
2026-01-24 17:56:40,269 - httpx - INFO - HTTP Request: POST https://api.telegram.org/bot8212814214:AAG29mEQN2EWS1wFvKbDqC8nr6SgN3_VeZ8/getUpdates "HTTP/1.1 200 OK"
2026-01-24 17:56:50,368 - httpx - INFO - HTTP Request: POST https://api.telegram.org/bot8212814214:AAG29mEQN2EWS1wFvKbDqC8nr6SgN3_VeZ8/getUpdates "HTTP/1.1 200 OK"
2026-01-24 17:57:00,459 - httpx - INFO - HTTP Request: POST https://api.telegram.org/bot8212814214:AAG29mEQN2EWS1wFvKbDqC8nr6SgN3_VeZ8/getUpdates "HTTP/1.1 200 OK"
2026-01-24 17:57:10,546 - httpx - INFO - HTTP Request: POST https://api.telegram.org/bot8212814214:AAG29mEQN2EWS1wFvKbDqC8nr6SgN3_VeZ8/getUpdates "HTTP/1.1 200 OK"
2026-01-24 17:57:20,629 - httpx - INFO - HTTP Request: POST https://api.telegram.org/bot8212814214:AAG29mEQN2EWS1wFvKbDqC8nr6SgN3_VeZ8/getUpdates "HTTP/1.1 200 OK"
2026-01-24 17:57:30,715 - httpx - INFO - HTTP Request: POST https://api.telegram.org/bot8212814214:AAG29mEQN2EWS1wFvKbDqC8nr6SgN3_VeZ8/getUpdates "HTTP/1.1 200 OK"
2026-01-24 17:57:40,825 - httpx - INFO - HTTP Request: POST https://api.telegram.org/bot8212814214:AAG29mEQN2EWS1wFvKbDqC8nr6SgN3_VeZ8/getUpdates "HTTP/1.1 200 OK"
2026-01-24 17:57:50,928 - httpx - INFO - HTTP Request: POST https://api.telegram.org/bot8212814214:AAG29mEQN2EWS1wFvKbDqC8nr6SgN3_VeZ8/getUpdates "HTTP/1.1 200 OK"
2026-01-24 17:58:01,015 - httpx - INFO - HTTP Request: POST https://api.telegram.org/bot8212814214:AAG29mEQN2EWS1wFvKbDqC8nr6SgN3_VeZ8/getUpdates "HTTP/1.1 200 OK"
2026-01-24 17:58:11,161 - httpx - INFO - HTTP Request: POST https://api.telegram.org/bot8212814214:AAG29mEQN2EWS1wFvKbDqC8nr6SgN3_VeZ8/getUpdates "HTTP/1.1 200 OK"
2026-01-24 17:58:21,305 - httpx - INFO - HTTP Request: POST https://api.telegram.org/bot8212814214:AAG29mEQN2EWS1wFvKbDqC8nr6SgN3_VeZ8/getUpdates "HTTP/1.1 200 OK"
2026-01-24 17:58:31,407 - httpx - INFO - HTTP Request: POST https://api.telegram.org/bot8212814214:AAG29mEQN2EWS1wFvKbDqC8nr6SgN3_VeZ8/getUpdates "HTTP/1.1 200 OK"
2026-01-24 17:58:41,509 - httpx - INFO - HTTP Request: POST https://api.telegram.org/bot8212814214:AAG29mEQN2EWS1wFvKbDqC8nr6SgN3_VeZ8/getUpdates "HTTP/1.1 200 OK"
2026-01-24 17:58:51,595 - httpx - INFO - HTTP Request: POST https://api.telegram.org/bot8212814214:AAG29mEQN2EWS1wFvKbDqC8nr6SgN3_VeZ8/getUpdates "HTTP/1.1 200 OK"
2026-01-24 17:59:01,683 - httpx - INFO - HTTP Request: POST https://api.telegram.org/bot8212814214:AAG29mEQN2EWS1wFvKbDqC8nr6SgN3_VeZ8/getUpdates "HTTP/1.1 200 OK"
2026-01-24 17:59:11,786 - httpx - INFO - HTTP Request: POST https://api.telegram.org/bot8212814214:AAG29mEQN2EWS1wFvKbDqC8nr6SgN3_VeZ8/getUpdates "HTTP/1.1 200 OK"
2026-01-24 17:59:22,390 - httpx - INFO - HTTP Request: POST https://api.telegram.org/bot8212814214:AAG29mEQN2EWS1wFvKbDqC8nr6SgN3_VeZ8/getUpdates "HTTP/1.1 200 OK"
2026-01-24 17:59:32,464 - httpx - INFO - HTTP Request: POST https://api.telegram.org/bot8212814214:AAG29mEQN2EWS1wFvKbDqC8nr6SgN3_VeZ8/getUpdates "HTTP/1.1 200 OK"
2026-01-24 17:59:42,534 - httpx - INFO - HTTP Request: POST https://api.telegram.org/bot8212814214:AAG29mEQN2EWS1wFvKbDqC8nr6SgN3_VeZ8/getUpdates "HTTP/1.1 200 OK"
2026-01-24 17:59:52,620 - httpx - INFO - HTTP Request: POST https://api.telegram.org/bot8212814214:AAG29mEQN2EWS1wFvKbDqC8nr6SgN3_VeZ8/getUpdates "HTTP/1.1 200 OK"
2026-01-24 18:00:02,706 - httpx - INFO - HTTP Request: POST https://api.telegram.org/bot8212814214:AAG29mEQN2EWS1wFvKbDqC8nr6SgN3_VeZ8/getUpdates "HTTP/1.1 200 OK"
2026-01-24 18:00:12,793 - httpx - INFO - HTTP Request: POST https://api.telegram.org/bot8212814214:AAG29mEQN2EWS1wFvKbDqC8nr6SgN3_VeZ8/getUpdates "HTTP/1.1 200 OK"
2026-01-24 18:00:22,901 - httpx - INFO - HTTP Request: POST https://api.telegram.org/bot8212814214:AAG29mEQN2EWS1wFvKbDqC8nr6SgN3_VeZ8/getUpdates "HTTP/1.1 200 OK"
2026-01-24 18:00:33,044 - httpx - INFO - HTTP Request: POST https://api.telegram.org/bot8212814214:AAG29mEQN2EWS1wFvKbDqC8nr6SgN3_VeZ8/getUpdates "HTTP/1.1 200 OK"
2026-01-24 18:00:43,142 - httpx - INFO - HTTP Request: POST https://api.telegram.org/bot8212814214:AAG29mEQN2EWS1wFvKbDqC8nr6SgN3_VeZ8/getUpdates "HTTP/1.1 200 OK"
2026-01-24 18:00:53,224 - httpx - INFO - HTTP Request: POST https://api.telegram.org/bot8212814214:AAG29mEQN2EWS1wFvKbDqC8nr6SgN3_VeZ8/getUpdates "HTTP/1.1 200 OK"
2026-01-24 18:01:03,294 - httpx - INFO - HTTP Request: POST https://api.telegram.org/bot8212814214:AAG29mEQN2EWS1wFvKbDqC8nr6SgN3_VeZ8/getUpdates "HTTP/1.1 200 OK"
2026-01-24 18:01:13,631 - httpx - INFO - HTTP Request: POST https://api.telegram.org/bot8212814214:AAG29mEQN2EWS1wFvKbDqC8nr6SgN3_VeZ8/getUpdates "HTTP/1.1 200 OK"
2026-01-24 18:01:23,797 - httpx - INFO - HTTP Request: POST https://api.telegram.org/bot8212814214:AAG29mEQN2EWS1wFvKbDqC8nr6SgN3_VeZ8/getUpdates "HTTP/1.1 200 OK"
2026-01-24 18:01:33,984 - httpx - INFO - HTTP Request: POST https://api.telegram.org/bot8212814214:AAG29mEQN2EWS1wFvKbDqC8nr6SgN3_VeZ8/getUpdates "HTTP/1.1 200 OK"
2026-01-24 18:01:44,065 - httpx - INFO - HTTP Request: POST https://api.telegram.org/bot8212814214:AAG29mEQN2EWS1wFvKbDqC8nr6SgN3_VeZ8/getUpdates "HTTP/1.1 200 OK"
2026-01-24 18:01:54,143 - httpx - INFO - HTTP Request: POST https://api.telegram.org/bot8212814214:AAG29mEQN2EWS1wFvKbDqC8nr6SgN3_VeZ8/getUpdates "HTTP/1.1 200 OK"
2026-01-24 18:02:04,562 - httpx - INFO - HTTP Request: POST https://api.telegram.org/bot8212814214:AAG29mEQN2EWS1wFvKbDqC8nr6SgN3_VeZ8/getUpdates "HTTP/1.1 200 OK"
2026-01-24 18:02:14,670 - httpx - INFO - HTTP Request: POST https://api.telegram.org/bot8212814214:AAG29mEQN2EWS1wFvKbDqC8nr6SgN3_VeZ8/getUpdates "HTTP/1.1 200 OK"
2026-01-24 18:02:24,766 - httpx - INFO - HTTP Request: POST https://api.telegram.org/bot8212814214:AAG29mEQN2EWS1wFvKbDqC8nr6SgN3_VeZ8/getUpdates "HTTP/1.1 200 OK"
2026-01-24 18:02:34,863 - httpx - INFO - HTTP Request: POST https://api.telegram.org/bot8212814214:AAG29mEQN2EWS1wFvKbDqC8nr6SgN3_VeZ8/getUpdates "HTTP/1.1 200 OK"
2026-01-24 18:02:44,940 - httpx - INFO - HTTP Request: POST https://api.telegram.org/bot8212814214:AAG29mEQN2EWS1wFvKbDqC8nr6SgN3_VeZ8/getUpdates "HTTP/1.1 200 OK"
2026-01-24 18:02:55,033 - httpx - INFO - HTTP Request: POST https://api.telegram.org/bot8212814214:AAG29mEQN2EWS1wFvKbDqC8nr6SgN3_VeZ8/getUpdates "HTTP/1.1 200 OK"
2026-01-24 18:03:05,111 - httpx - INFO - HTTP Request: POST https://api.telegram.org/bot8212814214:AAG29mEQN2EWS1wFvKbDqC8nr6SgN3_VeZ8/getUpdates "HTTP/1.1 200 OK"
2026-01-24 18:03:15,204 - httpx - INFO - HTTP Request: POST https://api.telegram.org/bot8212814214:AAG29mEQN2EWS1wFvKbDqC8nr6SgN3_VeZ8/getUpdates "HTTP/1.1 200 OK"
2026-01-24 18:03:25,505 - httpx - INFO - HTTP Request: POST https://api.telegram.org/bot8212814214:AAG29mEQN2EWS1wFvKbDqC8nr6SgN3_VeZ8/getUpdates "HTTP/1.1 200 OK"
2026-01-24 18:03:35,582 - httpx - INFO - HTTP Request: POST https://api.telegram.org/bot8212814214:AAG29mEQN2EWS1wFvKbDqC8nr6SgN3_VeZ8/getUpdates "HTTP/1.1 200 OK"
2026-01-24 18:03:45,652 - httpx - INFO - HTTP Request: POST https://api.telegram.org/bot8212814214:AAG29mEQN2EWS1wFvKbDqC8nr6SgN3_VeZ8/getUpdates "HTTP/1.1 200 OK"
2026-01-24 18:03:55,729 - httpx - INFO - HTTP Request: POST https://api.telegram.org/bot8212814214:AAG29mEQN2EWS1wFvKbDqC8nr6SgN3_VeZ8/getUpdates "HTTP/1.1 200 OK"
2026-01-24 18:04:05,854 - httpx - INFO - HTTP Request: POST https://api.telegram.org/bot8212814214:AAG29mEQN2EWS1wFvKbDqC8nr6SgN3_VeZ8/getUpdates "HTTP/1.1 200 OK"
2026-01-24 18:04:15,951 - httpx - INFO - HTTP Request: POST https://api.telegram.org/bot8212814214:AAG29mEQN2EWS1wFvKbDqC8nr6SgN3_VeZ8/getUpdates "HTTP/1.1 200 OK"
2026-01-24 18:04:26,044 - httpx - INFO - HTTP Request: POST https://api.telegram.org/bot8212814214:AAG29mEQN2EWS1wFvKbDqC8nr6SgN3_VeZ8/getUpdates "HTTP/1.1 200 OK"
2026-01-24 18:04:36,311 - httpx - INFO - HTTP Request: POST https://api.telegram.org/bot8212814214:AAG29mEQN2EWS1wFvKbDqC8nr6SgN3_VeZ8/getUpdates "HTTP/1.1 200 OK"
2026-01-24 18:04:46,405 - httpx - INFO - HTTP Request: POST https://api.telegram.org/bot8212814214:AAG29mEQN2EWS1wFvKbDqC8nr6SgN3_VeZ8/getUpdates "HTTP/1.1 200 OK"
2026-01-24 18:04:57,245 - httpx - INFO - HTTP Request: POST https://api.telegram.org/bot8212814214:AAG29mEQN2EWS1wFvKbDqC8nr6SgN3_VeZ8/getUpdates "HTTP/1.1 200 OK"
2026-01-24 18:05:07,324 - httpx - INFO - HTTP Request: POST https://api.telegram.org/bot8212814214:AAG29mEQN2EWS1wFvKbDqC8nr6SgN3_VeZ8/getUpdates "HTTP/1.1 200 OK"
2026-01-24 18:05:17,410 - httpx - INFO - HTTP Request: POST https://api.telegram.org/bot8212814214:AAG29mEQN2EWS1wFvKbDqC8nr6SgN3_VeZ8/getUpdates "HTTP/1.1 200 OK"
2026-01-24 18:05:27,489 - httpx - INFO - HTTP Request: POST https://api.telegram.org/bot8212814214:AAG29mEQN2EWS1wFvKbDqC8nr6SgN3_VeZ8/getUpdates "HTTP/1.1 200 OK"
2026-01-24 18:05:37,645 - httpx - INFO - HTTP Request: POST https://api.telegram.org/bot8212814214:AAG29mEQN2EWS1wFvKbDqC8nr6SgN3_VeZ8/getUpdates "HTTP/1.1 200 OK"
2026-01-24 18:05:47,720 - httpx - INFO - HTTP Request: POST https://api.telegram.org/bot8212814214:AAG29mEQN2EWS1wFvKbDqC8nr6SgN3_VeZ8/getUpdates "HTTP/1.1 200 OK"
2026-01-24 18:05:57,787 - httpx - INFO - HTTP Request: POST https://api.telegram.org/bot8212814214:AAG29mEQN2EWS1wFvKbDqC8nr6SgN3_VeZ8/getUpdates "HTTP/1.1 200 OK"
2026-01-24 18:06:07,869 - httpx - INFO - HTTP Request: POST https://api.telegram.org/bot8212814214:AAG29mEQN2EWS1wFvKbDqC8nr6SgN3_VeZ8/getUpdates "HTTP/1.1 200 OK"
2026-01-24 18:06:17,965 - httpx - INFO - HTTP Request: POST https://api.telegram.org/bot8212814214:AAG29mEQN2EWS1wFvKbDqC8nr6SgN3_VeZ8/getUpdates "HTTP/1.1 200 OK"
2026-01-24 18:06:28,035 - httpx - INFO - HTTP Request: POST https://api.telegram.org/bot8212814214:AAG29mEQN2EWS1wFvKbDqC8nr6SgN3_VeZ8/getUpdates "HTTP/1.1 200 OK"
2026-01-24 18:06:38,251 - httpx - INFO - HTTP Request: POST https://api.telegram.org/bot8212814214:AAG29mEQN2EWS1wFvKbDqC8nr6SgN3_VeZ8/getUpdates "HTTP/1.1 200 OK"
2026-01-24 18:06:48,324 - httpx - INFO - HTTP Request: POST https://api.telegram.org/bot8212814214:AAG29mEQN2EWS1wFvKbDqC8nr6SgN3_VeZ8/getUpdates "HTTP/1.1 200 OK"
2026-01-24 18:06:58,425 - httpx - INFO - HTTP Request: POST https://api.telegram.org/bot8212814214:AAG29mEQN2EWS1wFvKbDqC8nr6SgN3_VeZ8/getUpdates "HTTP/1.1 200 OK"
2026-01-24 18:07:08,566 - httpx - INFO - HTTP Request: POST https://api.telegram.org/bot8212814214:AAG29mEQN2EWS1wFvKbDqC8nr6SgN3_VeZ8/getUpdates "HTTP/1.1 200 OK"
2026-01-24 18:07:18,700 - httpx - INFO - HTTP Request: POST https://api.telegram.org/bot8212814214:AAG29mEQN2EWS1wFvKbDqC8nr6SgN3_VeZ8/getUpdates "HTTP/1.1 200 OK"
2026-01-24 18:07:28,848 - httpx - INFO - HTTP Request: POST https://api.telegram.org/bot8212814214:AAG29mEQN2EWS1wFvKbDqC8nr6SgN3_VeZ8/getUpdates "HTTP/1.1 200 OK"
2026-01-24 18:07:39,251 - httpx - INFO - HTTP Request: POST https://api.telegram.org/bot8212814214:AAG29mEQN2EWS1wFvKbDqC8nr6SgN3_VeZ8/getUpdates "HTTP/1.1 200 OK"
2026-01-24 18:07:49,389 - httpx - INFO - HTTP Request: POST https://api.telegram.org/bot8212814214:AAG29mEQN2EWS1wFvKbDqC8nr6SgN3_VeZ8/getUpdates "HTTP/1.1 200 OK"
2026-01-24 18:07:59,507 - httpx - INFO - HTTP Request: POST https://api.telegram.org/bot8212814214:AAG29mEQN2EWS1wFvKbDqC8nr6SgN3_VeZ8/getUpdates "HTTP/1.1 200 OK"
2026-01-24 18:08:09,598 - httpx - INFO - HTTP Request: POST https://api.telegram.org/bot8212814214:AAG29mEQN2EWS1wFvKbDqC8nr6SgN3_VeZ8/getUpdates "HTTP/1.1 200 OK"
2026-01-24 18:08:19,699 - httpx - INFO - HTTP Request: POST https://api.telegram.org/bot8212814214:AAG29mEQN2EWS1wFvKbDqC8nr6SgN3_VeZ8/getUpdates "HTTP/1.1 200 OK"
2026-01-24 18:08:29,811 - httpx - INFO - HTTP Request: POST https://api.telegram.org/bot8212814214:AAG29mEQN2EWS1wFvKbDqC8nr6SgN3_VeZ8/getUpdates "HTTP/1.1 200 OK"
2026-01-24 18:08:39,888 - httpx - INFO - HTTP Request: POST https://api.telegram.org/bot8212814214:AAG29mEQN2EWS1wFvKbDqC8nr6SgN3_VeZ8/getUpdates "HTTP/1.1 200 OK"
2026-01-24 18:08:49,957 - httpx - INFO - HTTP Request: POST https://api.telegram.org/bot8212814214:AAG29mEQN2EWS1wFvKbDqC8nr6SgN3_VeZ8/getUpdates "HTTP/1.1 200 OK"
2026-01-24 18:09:00,029 - httpx - INFO - HTTP Request: POST https://api.telegram.org/bot8212814214:AAG29mEQN2EWS1wFvKbDqC8nr6SgN3_VeZ8/getUpdates "HTTP/1.1 200 OK"
2026-01-24 18:09:10,210 - httpx - INFO - HTTP Request: POST https://api.telegram.org/bot8212814214:AAG29mEQN2EWS1wFvKbDqC8nr6SgN3_VeZ8/getUpdates "HTTP/1.1 200 OK"
2026-01-24 18:09:20,277 - httpx - INFO - HTTP Request: POST https://api.telegram.org/bot8212814214:AAG29mEQN2EWS1wFvKbDqC8nr6SgN3_VeZ8/getUpdates "HTTP/1.1 200 OK"
2026-01-24 18:09:30,390 - httpx - INFO - HTTP Request: POST https://api.telegram.org/bot8212814214:AAG29mEQN2EWS1wFvKbDqC8nr6SgN3_VeZ8/getUpdates "HTTP/1.1 200 OK"
2026-01-24 18:09:40,542 - httpx - INFO - HTTP Request: POST https://api.telegram.org/bot8212814214:AAG29mEQN2EWS1wFvKbDqC8nr6SgN3_VeZ8/getUpdates "HTTP/1.1 200 OK"
2026-01-24 18:09:50,656 - httpx - INFO - HTTP Request: POST https://api.telegram.org/bot8212814214:AAG29mEQN2EWS1wFvKbDqC8nr6SgN3_VeZ8/getUpdates "HTTP/1.1 200 OK"
2026-01-24 18:10:00,738 - httpx - INFO - HTTP Request: POST https://api.telegram.org/bot8212814214:AAG29mEQN2EWS1wFvKbDqC8nr6SgN3_VeZ8/getUpdates "HTTP/1.1 200 OK"
2026-01-24 18:10:10,819 - httpx - INFO - HTTP Request: POST https://api.telegram.org/bot8212814214:AAG29mEQN2EWS1wFvKbDqC8nr6SgN3_VeZ8/getUpdates "HTTP/1.1 200 OK"
2026-01-24 18:10:20,898 - httpx - INFO - HTTP Request: POST https://api.telegram.org/bot8212814214:AAG29mEQN2EWS1wFvKbDqC8nr6SgN3_VeZ8/getUpdates "HTTP/1.1 200 OK"
2026-01-24 18:10:30,984 - httpx - INFO - HTTP Request: POST https://api.telegram.org/bot8212814214:AAG29mEQN2EWS1wFvKbDqC8nr6SgN3_VeZ8/getUpdates "HTTP/1.1 200 OK"
2026-01-24 18:10:41,082 - httpx - INFO - HTTP Request: POST https://api.telegram.org/bot8212814214:AAG29mEQN2EWS1wFvKbDqC8nr6SgN3_VeZ8/getUpdates "HTTP/1.1 200 OK"
2026-01-24 18:10:51,175 - httpx - INFO - HTTP Request: POST https://api.telegram.org/bot8212814214:AAG29mEQN2EWS1wFvKbDqC8nr6SgN3_VeZ8/getUpdates "HTTP/1.1 200 OK"
2026-01-24 18:11:01,245 - httpx - INFO - HTTP Request: POST https://api.telegram.org/bot8212814214:AAG29mEQN2EWS1wFvKbDqC8nr6SgN3_VeZ8/getUpdates "HTTP/1.1 200 OK"
2026-01-24 18:11:11,318 - httpx - INFO - HTTP Request: POST https://api.telegram.org/bot8212814214:AAG29mEQN2EWS1wFvKbDqC8nr6SgN3_VeZ8/getUpdates "HTTP/1.1 200 OK"
2026-01-24 18:11:21,604 - httpx - INFO - HTTP Request: POST https://api.telegram.org/bot8212814214:AAG29mEQN2EWS1wFvKbDqC8nr6SgN3_VeZ8/getUpdates "HTTP/1.1 200 OK"
2026-01-24 18:11:31,703 - httpx - INFO - HTTP Request: POST https://api.telegram.org/bot8212814214:AAG29mEQN2EWS1wFvKbDqC8nr6SgN3_VeZ8/getUpdates "HTTP/1.1 200 OK"
2026-01-24 18:11:41,857 - httpx - INFO - HTTP Request: POST https://api.telegram.org/bot8212814214:AAG29mEQN2EWS1wFvKbDqC8nr6SgN3_VeZ8/getUpdates "HTTP/1.1 200 OK"
2026-01-24 18:11:51,933 - httpx - INFO - HTTP Request: POST https://api.telegram.org/bot8212814214:AAG29mEQN2EWS1wFvKbDqC8nr6SgN3_VeZ8/getUpdates "HTTP/1.1 200 OK"
2026-01-24 18:12:02,012 - httpx - INFO - HTTP Request: POST https://api.telegram.org/bot8212814214:AAG29mEQN2EWS1wFvKbDqC8nr6SgN3_VeZ8/getUpdates "HTTP/1.1 200 OK"
2026-01-24 18:12:12,082 - httpx - INFO - HTTP Request: POST https://api.telegram.org/bot8212814214:AAG29mEQN2EWS1wFvKbDqC8nr6SgN3_VeZ8/getUpdates "HTTP/1.1 200 OK"
2026-01-24 18:12:22,158 - httpx - INFO - HTTP Request: POST https://api.telegram.org/bot8212814214:AAG29mEQN2EWS1wFvKbDqC8nr6SgN3_VeZ8/getUpdates "HTTP/1.1 200 OK"
2026-01-24 18:12:32,330 - httpx - INFO - HTTP Request: POST https://api.telegram.org/bot8212814214:AAG29mEQN2EWS1wFvKbDqC8nr6SgN3_VeZ8/getUpdates "HTTP/1.1 200 OK"
2026-01-24 18:12:42,423 - httpx - INFO - HTTP Request: POST https://api.telegram.org/bot8212814214:AAG29mEQN2EWS1wFvKbDqC8nr6SgN3_VeZ8/getUpdates "HTTP/1.1 200 OK"
2026-01-24 18:12:52,508 - httpx - INFO - HTTP Request: POST https://api.telegram.org/bot8212814214:AAG29mEQN2EWS1wFvKbDqC8nr6SgN3_VeZ8/getUpdates "HTTP/1.1 200 OK"
2026-01-24 18:13:02,617 - httpx - INFO - HTTP Request: POST https://api.telegram.org/bot8212814214:AAG29mEQN2EWS1wFvKbDqC8nr6SgN3_VeZ8/getUpdates "HTTP/1.1 200 OK"
2026-01-24 18:13:12,801 - httpx - INFO - HTTP Request: POST https://api.telegram.org/bot8212814214:AAG29mEQN2EWS1wFvKbDqC8nr6SgN3_VeZ8/getUpdates "HTTP/1.1 200 OK"
2026-01-24 18:13:22,872 - httpx - INFO - HTTP Request: POST https://api.telegram.org/bot8212814214:AAG29mEQN2EWS1wFvKbDqC8nr6SgN3_VeZ8/getUpdates "HTTP/1.1 200 OK"
2026-01-24 18:13:32,943 - httpx - INFO - HTTP Request: POST https://api.telegram.org/bot8212814214:AAG29mEQN2EWS1wFvKbDqC8nr6SgN3_VeZ8/getUpdates "HTTP/1.1 200 OK"
2026-01-24 18:13:43,148 - httpx - INFO - HTTP Request: POST https://api.telegram.org/bot8212814214:AAG29mEQN2EWS1wFvKbDqC8nr6SgN3_VeZ8/getUpdates "HTTP/1.1 200 OK"
2026-01-24 18:13:53,400 - httpx - INFO - HTTP Request: POST https://api.telegram.org/bot8212814214:AAG29mEQN2EWS1wFvKbDqC8nr6SgN3_VeZ8/getUpdates "HTTP/1.1 200 OK"
2026-01-24 18:14:03,481 - httpx - INFO - HTTP Request: POST https://api.telegram.org/bot8212814214:AAG29mEQN2EWS1wFvKbDqC8nr6SgN3_VeZ8/getUpdates "HTTP/1.1 200 OK"
2026-01-24 18:14:13,550 - httpx - INFO - HTTP Request: POST https://api.telegram.org/bot8212814214:AAG29mEQN2EWS1wFvKbDqC8nr6SgN3_VeZ8/getUpdates "HTTP/1.1 200 OK"
2026-01-24 18:14:23,618 - httpx - INFO - HTTP Request: POST https://api.telegram.org/bot8212814214:AAG29mEQN2EWS1wFvKbDqC8nr6SgN3_VeZ8/getUpdates "HTTP/1.1 200 OK"
2026-01-24 18:14:33,799 - httpx - INFO - HTTP Request: POST https://api.telegram.org/bot8212814214:AAG29mEQN2EWS1wFvKbDqC8nr6SgN3_VeZ8/getUpdates "HTTP/1.1 200 OK"
2026-01-24 18:14:43,899 - httpx - INFO - HTTP Request: POST https://api.telegram.org/bot8212814214:AAG29mEQN2EWS1wFvKbDqC8nr6SgN3_VeZ8/getUpdates "HTTP/1.1 200 OK"
2026-01-24 18:14:53,968 - httpx - INFO - HTTP Request: POST https://api.telegram.org/bot8212814214:AAG29mEQN2EWS1wFvKbDqC8nr6SgN3_VeZ8/getUpdates "HTTP/1.1 200 OK"
2026-01-24 18:15:04,058 - httpx - INFO - HTTP Request: POST https://api.telegram.org/bot8212814214:AAG29mEQN2EWS1wFvKbDqC8nr6SgN3_VeZ8/getUpdates "HTTP/1.1 200 OK"
2026-01-24 18:15:14,148 - httpx - INFO - HTTP Request: POST https://api.telegram.org/bot8212814214:AAG29mEQN2EWS1wFvKbDqC8nr6SgN3_VeZ8/getUpdates "HTTP/1.1 200 OK"
2026-01-24 18:15:24,237 - httpx - INFO - HTTP Request: POST https://api.telegram.org/bot8212814214:AAG29mEQN2EWS1wFvKbDqC8nr6SgN3_VeZ8/getUpdates "HTTP/1.1 200 OK"
2026-01-24 18:15:34,342 - httpx - INFO - HTTP Request: POST https://api.telegram.org/bot8212814214:AAG29mEQN2EWS1wFvKbDqC8nr6SgN3_VeZ8/getUpdates "HTTP/1.1 200 OK"
2026-01-24 18:15:44,564 - httpx - INFO - HTTP Request: POST https://api.telegram.org/bot8212814214:AAG29mEQN2EWS1wFvKbDqC8nr6SgN3_VeZ8/getUpdates "HTTP/1.1 200 OK"
2026-01-24 18:15:54,688 - httpx - INFO - HTTP Request: POST https://api.telegram.org/bot8212814214:AAG29mEQN2EWS1wFvKbDqC8nr6SgN3_VeZ8/getUpdates "HTTP/1.1 200 OK"
2026-01-24 18:16:04,847 - httpx - INFO - HTTP Request: POST https://api.telegram.org/bot8212814214:AAG29mEQN2EWS1wFvKbDqC8nr6SgN3_VeZ8/getUpdates "HTTP/1.1 200 OK"
2026-01-24 18:16:15,168 - httpx - INFO - HTTP Request: POST https://api.telegram.org/bot8212814214:AAG29mEQN2EWS1wFvKbDqC8nr6SgN3_VeZ8/getUpdates "HTTP/1.1 200 OK"
2026-01-24 18:16:25,301 - httpx - INFO - HTTP Request: POST https://api.telegram.org/bot8212814214:AAG29mEQN2EWS1wFvKbDqC8nr6SgN3_VeZ8/getUpdates "HTTP/1.1 200 OK"
2026-01-24 18:16:35,374 - httpx - INFO - HTTP Request: POST https://api.telegram.org/bot8212814214:AAG29mEQN2EWS1wFvKbDqC8nr6SgN3_VeZ8/getUpdates "HTTP/1.1 200 OK"
2026-01-24 18:16:45,491 - httpx - INFO - HTTP Request: POST https://api.telegram.org/bot8212814214:AAG29mEQN2EWS1wFvKbDqC8nr6SgN3_VeZ8/getUpdates "HTTP/1.1 200 OK"
2026-01-24 18:16:55,636 - httpx - INFO - HTTP Request: POST https://api.telegram.org/bot8212814214:AAG29mEQN2EWS1wFvKbDqC8nr6SgN3_VeZ8/getUpdates "HTTP/1.1 200 OK"
2026-01-24 18:17:05,704 - httpx - INFO - HTTP Request: POST https://api.telegram.org/bot8212814214:AAG29mEQN2EWS1wFvKbDqC8nr6SgN3_VeZ8/getUpdates "HTTP/1.1 200 OK"
2026-01-24 18:17:15,871 - httpx - INFO - HTTP Request: POST https://api.telegram.org/bot8212814214:AAG29mEQN2EWS1wFvKbDqC8nr6SgN3_VeZ8/getUpdates "HTTP/1.1 200 OK"
2026-01-24 18:17:25,937 - httpx - INFO - HTTP Request: POST https://api.telegram.org/bot8212814214:AAG29mEQN2EWS1wFvKbDqC8nr6SgN3_VeZ8/getUpdates "HTTP/1.1 200 OK"
2026-01-24 18:17:36,029 - httpx - INFO - HTTP Request: POST https://api.telegram.org/bot8212814214:AAG29mEQN2EWS1wFvKbDqC8nr6SgN3_VeZ8/getUpdates "HTTP/1.1 200 OK"
2026-01-24 18:17:46,095 - httpx - INFO - HTTP Request: POST https://api.telegram.org/bot8212814214:AAG29mEQN2EWS1wFvKbDqC8nr6SgN3_VeZ8/getUpdates "HTTP/1.1 200 OK"
2026-01-24 18:17:56,192 - httpx - INFO - HTTP Request: POST https://api.telegram.org/bot8212814214:AAG29mEQN2EWS1wFvKbDqC8nr6SgN3_VeZ8/getUpdates "HTTP/1.1 200 OK"
2026-01-24 18:18:06,297 - httpx - INFO - HTTP Request: POST https://api.telegram.org/bot8212814214:AAG29mEQN2EWS1wFvKbDqC8nr6SgN3_VeZ8/getUpdates "HTTP/1.1 200 OK"
2026-01-24 18:18:16,367 - httpx - INFO - HTTP Request: POST https://api.telegram.org/bot8212814214:AAG29mEQN2EWS1wFvKbDqC8nr6SgN3_VeZ8/getUpdates "HTTP/1.1 200 OK"
2026-01-24 18:18:26,449 - httpx - INFO - HTTP Request: POST https://api.telegram.org/bot8212814214:AAG29mEQN2EWS1wFvKbDqC8nr6SgN3_VeZ8/getUpdates "HTTP/1.1 200 OK"
2026-01-24 18:18:36,519 - httpx - INFO - HTTP Request: POST https://api.telegram.org/bot8212814214:AAG29mEQN2EWS1wFvKbDqC8nr6SgN3_VeZ8/getUpdates "HTTP/1.1 200 OK"
2026-01-24 18:18:46,580 - httpx - INFO - HTTP Request: POST https://api.telegram.org/bot8212814214:AAG29mEQN2EWS1wFvKbDqC8nr6SgN3_VeZ8/getUpdates "HTTP/1.1 200 OK"
2026-01-24 18:18:56,651 - httpx - INFO - HTTP Request: POST https://api.telegram.org/bot8212814214:AAG29mEQN2EWS1wFvKbDqC8nr6SgN3_VeZ8/getUpdates "HTTP/1.1 200 OK"
2026-01-24 18:19:06,724 - httpx - INFO - HTTP Request: POST https://api.telegram.org/bot8212814214:AAG29mEQN2EWS1wFvKbDqC8nr6SgN3_VeZ8/getUpdates "HTTP/1.1 200 OK"
2026-01-24 18:19:16,798 - httpx - INFO - HTTP Request: POST https://api.telegram.org/bot8212814214:AAG29mEQN2EWS1wFvKbDqC8nr6SgN3_VeZ8/getUpdates "HTTP/1.1 200 OK"
2026-01-24 18:19:26,869 - httpx - INFO - HTTP Request: POST https://api.telegram.org/bot8212814214:AAG29mEQN2EWS1wFvKbDqC8nr6SgN3_VeZ8/getUpdates "HTTP/1.1 200 OK"
2026-01-24 18:19:36,969 - httpx - INFO - HTTP Request: POST https://api.telegram.org/bot8212814214:AAG29mEQN2EWS1wFvKbDqC8nr6SgN3_VeZ8/getUpdates "HTTP/1.1 200 OK"
2026-01-24 18:19:47,136 - httpx - INFO - HTTP Request: POST https://api.telegram.org/bot8212814214:AAG29mEQN2EWS1wFvKbDqC8nr6SgN3_VeZ8/getUpdates "HTTP/1.1 200 OK"
2026-01-24 18:19:57,274 - httpx - INFO - HTTP Request: POST https://api.telegram.org/bot8212814214:AAG29mEQN2EWS1wFvKbDqC8nr6SgN3_VeZ8/getUpdates "HTTP/1.1 200 OK"
2026-01-24 18:20:07,407 - httpx - INFO - HTTP Request: POST https://api.telegram.org/bot8212814214:AAG29mEQN2EWS1wFvKbDqC8nr6SgN3_VeZ8/getUpdates "HTTP/1.1 200 OK"
2026-01-24 18:20:17,615 - httpx - INFO - HTTP Request: POST https://api.telegram.org/bot8212814214:AAG29mEQN2EWS1wFvKbDqC8nr6SgN3_VeZ8/getUpdates "HTTP/1.1 200 OK"
2026-01-24 18:27:18,768 - httpx - INFO - HTTP Request: POST https://api.telegram.org/bot8212814214:AAG29mEQN2EWS1wFvKbDqC8nr6SgN3_VeZ8/getUpdates "HTTP/1.1 200 OK"
2026-01-24 18:27:28,893 - httpx - INFO - HTTP Request: POST https://api.telegram.org/bot8212814214:AAG29mEQN2EWS1wFvKbDqC8nr6SgN3_VeZ8/getUpdates "HTTP/1.1 200 OK"
2026-01-24 18:27:38,951 - httpx - INFO - HTTP Request: POST https://api.telegram.org/bot8212814214:AAG29mEQN2EWS1wFvKbDqC8nr6SgN3_VeZ8/getUpdates "HTTP/1.1 200 OK"
2026-01-24 18:29:29,811 - httpx - INFO - HTTP Request: POST https://api.telegram.org/bot8212814214:AAG29mEQN2EWS1wFvKbDqC8nr6SgN3_VeZ8/getUpdates "HTTP/1.1 200 OK"
2026-01-24 18:29:39,902 - httpx - INFO - HTTP Request: POST https://api.telegram.org/bot8212814214:AAG29mEQN2EWS1wFvKbDqC8nr6SgN3_VeZ8/getUpdates "HTTP/1.1 200 OK"
2026-01-24 18:29:49,955 - httpx - INFO - HTTP Request: POST https://api.telegram.org/bot8212814214:AAG29mEQN2EWS1wFvKbDqC8nr6SgN3_VeZ8/getUpdates "HTTP/1.1 200 OK"
2026-01-24 18:30:00,035 - httpx - INFO - HTTP Request: POST https://api.telegram.org/bot8212814214:AAG29mEQN2EWS1wFvKbDqC8nr6SgN3_VeZ8/getUpdates "HTTP/1.1 200 OK"
2026-01-24 18:30:10,187 - httpx - INFO - HTTP Request: POST https://api.telegram.org/bot8212814214:AAG29mEQN2EWS1wFvKbDqC8nr6SgN3_VeZ8/getUpdates "HTTP/1.1 200 OK"
2026-01-24 18:30:20,254 - httpx - INFO - HTTP Request: POST https://api.telegram.org/bot8212814214:AAG29mEQN2EWS1wFvKbDqC8nr6SgN3_VeZ8/getUpdates "HTTP/1.1 200 OK"
2026-01-24 18:30:30,323 - httpx - INFO - HTTP Request: POST https://api.telegram.org/bot8212814214:AAG29mEQN2EWS1wFvKbDqC8nr6SgN3_VeZ8/getUpdates "HTTP/1.1 200 OK"
2026-01-24 18:30:40,412 - httpx - INFO - HTTP Request: POST https://api.telegram.org/bot8212814214:AAG29mEQN2EWS1wFvKbDqC8nr6SgN3_VeZ8/getUpdates "HTTP/1.1 200 OK"
2026-01-24 18:30:50,533 - httpx - INFO - HTTP Request: POST https://api.telegram.org/bot8212814214:AAG29mEQN2EWS1wFvKbDqC8nr6SgN3_VeZ8/getUpdates "HTTP/1.1 200 OK"
2026-01-24 18:31:00,623 - httpx - INFO - HTTP Request: POST https://api.telegram.org/bot8212814214:AAG29mEQN2EWS1wFvKbDqC8nr6SgN3_VeZ8/getUpdates "HTTP/1.1 200 OK"
2026-01-24 18:31:10,693 - httpx - INFO - HTTP Request: POST https://api.telegram.org/bot8212814214:AAG29mEQN2EWS1wFvKbDqC8nr6SgN3_VeZ8/getUpdates "HTTP/1.1 200 OK"
2026-01-24 18:31:20,763 - httpx - INFO - HTTP Request: POST https://api.telegram.org/bot8212814214:AAG29mEQN2EWS1wFvKbDqC8nr6SgN3_VeZ8/getUpdates "HTTP/1.1 200 OK"
2026-01-24 18:31:30,832 - httpx - INFO - HTTP Request: POST https://api.telegram.org/bot8212814214:AAG29mEQN2EWS1wFvKbDqC8nr6SgN3_VeZ8/getUpdates "HTTP/1.1 200 OK"
2026-01-24 18:31:41,101 - httpx - INFO - HTTP Request: POST https://api.telegram.org/bot8212814214:AAG29mEQN2EWS1wFvKbDqC8nr6SgN3_VeZ8/getUpdates "HTTP/1.1 200 OK"
2026-01-24 18:31:51,192 - httpx - INFO - HTTP Request: POST https://api.telegram.org/bot8212814214:AAG29mEQN2EWS1wFvKbDqC8nr6SgN3_VeZ8/getUpdates "HTTP/1.1 200 OK"
2026-01-24 18:32:01,261 - httpx - INFO - HTTP Request: POST https://api.telegram.org/bot8212814214:AAG29mEQN2EWS1wFvKbDqC8nr6SgN3_VeZ8/getUpdates "HTTP/1.1 200 OK"
2026-01-24 18:32:11,319 - httpx - INFO - HTTP Request: POST https://api.telegram.org/bot8212814214:AAG29mEQN2EWS1wFvKbDqC8nr6SgN3_VeZ8/getUpdates "HTTP/1.1 200 OK"
2026-01-24 18:32:21,437 - httpx - INFO - HTTP Request: POST https://api.telegram.org/bot8212814214:AAG29mEQN2EWS1wFvKbDqC8nr6SgN3_VeZ8/getUpdates "HTTP/1.1 200 OK"
2026-01-24 18:32:31,510 - httpx - INFO - HTTP Request: POST https://api.telegram.org/bot8212814214:AAG29mEQN2EWS1wFvKbDqC8nr6SgN3_VeZ8/getUpdates "HTTP/1.1 200 OK"
2026-01-24 18:32:41,656 - httpx - INFO - HTTP Request: POST https://api.telegram.org/bot8212814214:AAG29mEQN2EWS1wFvKbDqC8nr6SgN3_VeZ8/getUpdates "HTTP/1.1 200 OK"
2026-01-24 18:32:51,848 - httpx - INFO - HTTP Request: POST https://api.telegram.org/bot8212814214:AAG29mEQN2EWS1wFvKbDqC8nr6SgN3_VeZ8/getUpdates "HTTP/1.1 200 OK"
2026-01-24 18:33:01,918 - httpx - INFO - HTTP Request: POST https://api.telegram.org/bot8212814214:AAG29mEQN2EWS1wFvKbDqC8nr6SgN3_VeZ8/getUpdates "HTTP/1.1 200 OK"
2026-01-24 18:33:12,027 - httpx - INFO - HTTP Request: POST https://api.telegram.org/bot8212814214:AAG29mEQN2EWS1wFvKbDqC8nr6SgN3_VeZ8/getUpdates "HTTP/1.1 200 OK"
2026-01-24 18:33:22,185 - httpx - INFO - HTTP Request: POST https://api.telegram.org/bot8212814214:AAG29mEQN2EWS1wFvKbDqC8nr6SgN3_VeZ8/getUpdates "HTTP/1.1 200 OK"
2026-01-24 18:33:32,279 - httpx - INFO - HTTP Request: POST https://api.telegram.org/bot8212814214:AAG29mEQN2EWS1wFvKbDqC8nr6SgN3_VeZ8/getUpdates "HTTP/1.1 200 OK"
2026-01-24 18:33:42,371 - httpx - INFO - HTTP Request: POST https://api.telegram.org/bot8212814214:AAG29mEQN2EWS1wFvKbDqC8nr6SgN3_VeZ8/getUpdates "HTTP/1.1 200 OK"
2026-01-24 18:33:52,437 - httpx - INFO - HTTP Request: POST https://api.telegram.org/bot8212814214:AAG29mEQN2EWS1wFvKbDqC8nr6SgN3_VeZ8/getUpdates "HTTP/1.1 200 OK"
2026-01-24 18:34:02,529 - httpx - INFO - HTTP Request: POST https://api.telegram.org/bot8212814214:AAG29mEQN2EWS1wFvKbDqC8nr6SgN3_VeZ8/getUpdates "HTTP/1.1 200 OK"
2026-01-24 18:34:12,628 - httpx - INFO - HTTP Request: POST https://api.telegram.org/bot8212814214:AAG29mEQN2EWS1wFvKbDqC8nr6SgN3_VeZ8/getUpdates "HTTP/1.1 200 OK"
2026-01-24 18:34:22,687 - httpx - INFO - HTTP Request: POST https://api.telegram.org/bot8212814214:AAG29mEQN2EWS1wFvKbDqC8nr6SgN3_VeZ8/getUpdates "HTTP/1.1 200 OK"
2026-01-24 18:34:32,768 - httpx - INFO - HTTP Request: POST https://api.telegram.org/bot8212814214:AAG29mEQN2EWS1wFvKbDqC8nr6SgN3_VeZ8/getUpdates "HTTP/1.1 200 OK"
2026-01-24 18:34:42,966 - httpx - INFO - HTTP Request: POST https://api.telegram.org/bot8212814214:AAG29mEQN2EWS1wFvKbDqC8nr6SgN3_VeZ8/getUpdates "HTTP/1.1 200 OK"
2026-01-24 18:34:53,036 - httpx - INFO - HTTP Request: POST https://api.telegram.org/bot8212814214:AAG29mEQN2EWS1wFvKbDqC8nr6SgN3_VeZ8/getUpdates "HTTP/1.1 200 OK"
2026-01-24 18:35:03,105 - httpx - INFO - HTTP Request: POST https://api.telegram.org/bot8212814214:AAG29mEQN2EWS1wFvKbDqC8nr6SgN3_VeZ8/getUpdates "HTTP/1.1 200 OK"
2026-01-24 18:35:13,172 - httpx - INFO - HTTP Request: POST https://api.telegram.org/bot8212814214:AAG29mEQN2EWS1wFvKbDqC8nr6SgN3_VeZ8/getUpdates "HTTP/1.1 200 OK"
2026-01-24 18:35:23,243 - httpx - INFO - HTTP Request: POST https://api.telegram.org/bot8212814214:AAG29mEQN2EWS1wFvKbDqC8nr6SgN3_VeZ8/getUpdates "HTTP/1.1 200 OK"
2026-01-24 18:35:33,303 - httpx - INFO - HTTP Request: POST https://api.telegram.org/bot8212814214:AAG29mEQN2EWS1wFvKbDqC8nr6SgN3_VeZ8/getUpdates "HTTP/1.1 200 OK"
2026-01-24 18:35:43,372 - httpx - INFO - HTTP Request: POST https://api.telegram.org/bot8212814214:AAG29mEQN2EWS1wFvKbDqC8nr6SgN3_VeZ8/getUpdates "HTTP/1.1 200 OK"
2026-01-24 18:35:53,484 - httpx - INFO - HTTP Request: POST https://api.telegram.org/bot8212814214:AAG29mEQN2EWS1wFvKbDqC8nr6SgN3_VeZ8/getUpdates "HTTP/1.1 200 OK"
2026-01-24 18:36:03,642 - httpx - INFO - HTTP Request: POST https://api.telegram.org/bot8212814214:AAG29mEQN2EWS1wFvKbDqC8nr6SgN3_VeZ8/getUpdates "HTTP/1.1 200 OK"
2026-01-24 18:36:13,701 - httpx - INFO - HTTP Request: POST https://api.telegram.org/bot8212814214:AAG29mEQN2EWS1wFvKbDqC8nr6SgN3_VeZ8/getUpdates "HTTP/1.1 200 OK"
2026-01-24 18:36:23,766 - httpx - INFO - HTTP Request: POST https://api.telegram.org/bot8212814214:AAG29mEQN2EWS1wFvKbDqC8nr6SgN3_VeZ8/getUpdates "HTTP/1.1 200 OK"
2026-01-24 18:36:33,828 - httpx - INFO - HTTP Request: POST https://api.telegram.org/bot8212814214:AAG29mEQN2EWS1wFvKbDqC8nr6SgN3_VeZ8/getUpdates "HTTP/1.1 200 OK"
2026-01-24 18:36:43,912 - httpx - INFO - HTTP Request: POST https://api.telegram.org/bot8212814214:AAG29mEQN2EWS1wFvKbDqC8nr6SgN3_VeZ8/getUpdates "HTTP/1.1 200 OK"
2026-01-24 18:36:53,980 - httpx - INFO - HTTP Request: POST https://api.telegram.org/bot8212814214:AAG29mEQN2EWS1wFvKbDqC8nr6SgN3_VeZ8/getUpdates "HTTP/1.1 200 OK"
2026-01-24 18:37:04,048 - httpx - INFO - HTTP Request: POST https://api.telegram.org/bot8212814214:AAG29mEQN2EWS1wFvKbDqC8nr6SgN3_VeZ8/getUpdates "HTTP/1.1 200 OK"
2026-01-24 18:37:14,106 - httpx - INFO - HTTP Request: POST https://api.telegram.org/bot8212814214:AAG29mEQN2EWS1wFvKbDqC8nr6SgN3_VeZ8/getUpdates "HTTP/1.1 200 OK"
2026-01-24 18:37:24,179 - httpx - INFO - HTTP Request: POST https://api.telegram.org/bot8212814214:AAG29mEQN2EWS1wFvKbDqC8nr6SgN3_VeZ8/getUpdates "HTTP/1.1 200 OK"
2026-01-24 18:37:34,242 - httpx - INFO - HTTP Request: POST https://api.telegram.org/bot8212814214:AAG29mEQN2EWS1wFvKbDqC8nr6SgN3_VeZ8/getUpdates "HTTP/1.1 200 OK"
2026-01-24 18:37:44,335 - httpx - INFO - HTTP Request: POST https://api.telegram.org/bot8212814214:AAG29mEQN2EWS1wFvKbDqC8nr6SgN3_VeZ8/getUpdates "HTTP/1.1 200 OK"
2026-01-24 18:37:54,397 - httpx - INFO - HTTP Request: POST https://api.telegram.org/bot8212814214:AAG29mEQN2EWS1wFvKbDqC8nr6SgN3_VeZ8/getUpdates "HTTP/1.1 200 OK"
2026-01-24 18:38:04,472 - httpx - INFO - HTTP Request: POST https://api.telegram.org/bot8212814214:AAG29mEQN2EWS1wFvKbDqC8nr6SgN3_VeZ8/getUpdates "HTTP/1.1 200 OK"
2026-01-24 18:38:14,538 - httpx - INFO - HTTP Request: POST https://api.telegram.org/bot8212814214:AAG29mEQN2EWS1wFvKbDqC8nr6SgN3_VeZ8/getUpdates "HTTP/1.1 200 OK"
2026-01-24 18:38:24,609 - httpx - INFO - HTTP Request: POST https://api.telegram.org/bot8212814214:AAG29mEQN2EWS1wFvKbDqC8nr6SgN3_VeZ8/getUpdates "HTTP/1.1 200 OK"
2026-01-24 18:38:34,716 - httpx - INFO - HTTP Request: POST https://api.telegram.org/bot8212814214:AAG29mEQN2EWS1wFvKbDqC8nr6SgN3_VeZ8/getUpdates "HTTP/1.1 200 OK"
2026-01-24 18:38:44,889 - httpx - INFO - HTTP Request: POST https://api.telegram.org/bot8212814214:AAG29mEQN2EWS1wFvKbDqC8nr6SgN3_VeZ8/getUpdates "HTTP/1.1 200 OK"
2026-01-24 18:38:54,972 - httpx - INFO - HTTP Request: POST https://api.telegram.org/bot8212814214:AAG29mEQN2EWS1wFvKbDqC8nr6SgN3_VeZ8/getUpdates "HTTP/1.1 200 OK"
2026-01-24 18:39:05,038 - httpx - INFO - HTTP Request: POST https://api.telegram.org/bot8212814214:AAG29mEQN2EWS1wFvKbDqC8nr6SgN3_VeZ8/getUpdates "HTTP/1.1 200 OK"
2026-01-24 18:39:15,102 - httpx - INFO - HTTP Request: POST https://api.telegram.org/bot8212814214:AAG29mEQN2EWS1wFvKbDqC8nr6SgN3_VeZ8/getUpdates "HTTP/1.1 200 OK"
2026-01-24 18:39:25,171 - httpx - INFO - HTTP Request: POST https://api.telegram.org/bot8212814214:AAG29mEQN2EWS1wFvKbDqC8nr6SgN3_VeZ8/getUpdates "HTTP/1.1 200 OK"
2026-01-24 18:39:35,235 - httpx - INFO - HTTP Request: POST https://api.telegram.org/bot8212814214:AAG29mEQN2EWS1wFvKbDqC8nr6SgN3_VeZ8/getUpdates "HTTP/1.1 200 OK"
2026-01-24 18:39:45,303 - httpx - INFO - HTTP Request: POST https://api.telegram.org/bot8212814214:AAG29mEQN2EWS1wFvKbDqC8nr6SgN3_VeZ8/getUpdates "HTTP/1.1 200 OK"
2026-01-24 18:39:55,470 - httpx - INFO - HTTP Request: POST https://api.telegram.org/bot8212814214:AAG29mEQN2EWS1wFvKbDqC8nr6SgN3_VeZ8/getUpdates "HTTP/1.1 200 OK"
2026-01-24 18:40:05,537 - httpx - INFO - HTTP Request: POST https://api.telegram.org/bot8212814214:AAG29mEQN2EWS1wFvKbDqC8nr6SgN3_VeZ8/getUpdates "HTTP/1.1 200 OK"
2026-01-24 18:40:15,640 - httpx - INFO - HTTP Request: POST https://api.telegram.org/bot8212814214:AAG29mEQN2EWS1wFvKbDqC8nr6SgN3_VeZ8/getUpdates "HTTP/1.1 200 OK"
2026-01-24 18:40:25,702 - httpx - INFO - HTTP Request: POST https://api.telegram.org/bot8212814214:AAG29mEQN2EWS1wFvKbDqC8nr6SgN3_VeZ8/getUpdates "HTTP/1.1 200 OK"
2026-01-24 18:40:35,778 - httpx - INFO - HTTP Request: POST https://api.telegram.org/bot8212814214:AAG29mEQN2EWS1wFvKbDqC8nr6SgN3_VeZ8/getUpdates "HTTP/1.1 200 OK"
2026-01-24 18:40:45,983 - httpx - INFO - HTTP Request: POST https://api.telegram.org/bot8212814214:AAG29mEQN2EWS1wFvKbDqC8nr6SgN3_VeZ8/getUpdates "HTTP/1.1 200 OK"
2026-01-24 18:40:56,094 - httpx - INFO - HTTP Request: POST https://api.telegram.org/bot8212814214:AAG29mEQN2EWS1wFvKbDqC8nr6SgN3_VeZ8/getUpdates "HTTP/1.1 200 OK"
2026-01-24 18:41:06,161 - httpx - INFO - HTTP Request: POST https://api.telegram.org/bot8212814214:AAG29mEQN2EWS1wFvKbDqC8nr6SgN3_VeZ8/getUpdates "HTTP/1.1 200 OK"
2026-01-24 18:41:16,312 - httpx - INFO - HTTP Request: POST https://api.telegram.org/bot8212814214:AAG29mEQN2EWS1wFvKbDqC8nr6SgN3_VeZ8/getUpdates "HTTP/1.1 200 OK"
2026-01-24 18:41:26,397 - httpx - INFO - HTTP Request: POST https://api.telegram.org/bot8212814214:AAG29mEQN2EWS1wFvKbDqC8nr6SgN3_VeZ8/getUpdates "HTTP/1.1 200 OK"
2026-01-24 18:41:36,457 - httpx - INFO - HTTP Request: POST https://api.telegram.org/bot8212814214:AAG29mEQN2EWS1wFvKbDqC8nr6SgN3_VeZ8/getUpdates "HTTP/1.1 200 OK"
2026-01-24 18:41:46,528 - httpx - INFO - HTTP Request: POST https://api.telegram.org/bot8212814214:AAG29mEQN2EWS1wFvKbDqC8nr6SgN3_VeZ8/getUpdates "HTTP/1.1 200 OK"
2026-01-24 18:41:56,609 - httpx - INFO - HTTP Request: POST https://api.telegram.org/bot8212814214:AAG29mEQN2EWS1wFvKbDqC8nr6SgN3_VeZ8/getUpdates "HTTP/1.1 200 OK"
2026-01-24 18:42:06,685 - httpx - INFO - HTTP Request: POST https://api.telegram.org/bot8212814214:AAG29mEQN2EWS1wFvKbDqC8nr6SgN3_VeZ8/getUpdates "HTTP/1.1 200 OK"
2026-01-24 18:42:16,756 - httpx - INFO - HTTP Request: POST https://api.telegram.org/bot8212814214:AAG29mEQN2EWS1wFvKbDqC8nr6SgN3_VeZ8/getUpdates "HTTP/1.1 200 OK"
2026-01-24 18:42:26,836 - httpx - INFO - HTTP Request: POST https://api.telegram.org/bot8212814214:AAG29mEQN2EWS1wFvKbDqC8nr6SgN3_VeZ8/getUpdates "HTTP/1.1 200 OK"
2026-01-24 18:42:36,905 - httpx - INFO - HTTP Request: POST https://api.telegram.org/bot8212814214:AAG29mEQN2EWS1wFvKbDqC8nr6SgN3_VeZ8/getUpdates "HTTP/1.1 200 OK"
2026-01-24 18:42:46,984 - httpx - INFO - HTTP Request: POST https://api.telegram.org/bot8212814214:AAG29mEQN2EWS1wFvKbDqC8nr6SgN3_VeZ8/getUpdates "HTTP/1.1 200 OK"
2026-01-24 18:42:57,055 - httpx - INFO - HTTP Request: POST https://api.telegram.org/bot8212814214:AAG29mEQN2EWS1wFvKbDqC8nr6SgN3_VeZ8/getUpdates "HTTP/1.1 200 OK"
2026-01-24 18:43:07,130 - httpx - INFO - HTTP Request: POST https://api.telegram.org/bot8212814214:AAG29mEQN2EWS1wFvKbDqC8nr6SgN3_VeZ8/getUpdates "HTTP/1.1 200 OK"
2026-01-24 18:43:17,213 - httpx - INFO - HTTP Request: POST https://api.telegram.org/bot8212814214:AAG29mEQN2EWS1wFvKbDqC8nr6SgN3_VeZ8/getUpdates "HTTP/1.1 200 OK"
2026-01-24 18:43:27,293 - httpx - INFO - HTTP Request: POST https://api.telegram.org/bot8212814214:AAG29mEQN2EWS1wFvKbDqC8nr6SgN3_VeZ8/getUpdates "HTTP/1.1 200 OK"
2026-01-24 18:43:37,465 - httpx - INFO - HTTP Request: POST https://api.telegram.org/bot8212814214:AAG29mEQN2EWS1wFvKbDqC8nr6SgN3_VeZ8/getUpdates "HTTP/1.1 200 OK"
2026-01-24 18:43:47,545 - httpx - INFO - HTTP Request: POST https://api.telegram.org/bot8212814214:AAG29mEQN2EWS1wFvKbDqC8nr6SgN3_VeZ8/getUpdates "HTTP/1.1 200 OK"
2026-01-24 18:43:57,612 - httpx - INFO - HTTP Request: POST https://api.telegram.org/bot8212814214:AAG29mEQN2EWS1wFvKbDqC8nr6SgN3_VeZ8/getUpdates "HTTP/1.1 200 OK"
2026-01-24 18:44:07,711 - httpx - INFO - HTTP Request: POST https://api.telegram.org/bot8212814214:AAG29mEQN2EWS1wFvKbDqC8nr6SgN3_VeZ8/getUpdates "HTTP/1.1 200 OK"
2026-01-24 18:44:17,785 - httpx - INFO - HTTP Request: POST https://api.telegram.org/bot8212814214:AAG29mEQN2EWS1wFvKbDqC8nr6SgN3_VeZ8/getUpdates "HTTP/1.1 200 OK"
2026-01-24 18:44:27,861 - httpx - INFO - HTTP Request: POST https://api.telegram.org/bot8212814214:AAG29mEQN2EWS1wFvKbDqC8nr6SgN3_VeZ8/getUpdates "HTTP/1.1 200 OK"
2026-01-24 18:44:37,929 - httpx - INFO - HTTP Request: POST https://api.telegram.org/bot8212814214:AAG29mEQN2EWS1wFvKbDqC8nr6SgN3_VeZ8/getUpdates "HTTP/1.1 200 OK"
2026-01-24 18:44:48,129 - httpx - INFO - HTTP Request: POST https://api.telegram.org/bot8212814214:AAG29mEQN2EWS1wFvKbDqC8nr6SgN3_VeZ8/getUpdates "HTTP/1.1 200 OK"
2026-01-24 18:44:58,203 - httpx - INFO - HTTP Request: POST https://api.telegram.org/bot8212814214:AAG29mEQN2EWS1wFvKbDqC8nr6SgN3_VeZ8/getUpdates "HTTP/1.1 200 OK"
2026-01-24 18:45:08,269 - httpx - INFO - HTTP Request: POST https://api.telegram.org/bot8212814214:AAG29mEQN2EWS1wFvKbDqC8nr6SgN3_VeZ8/getUpdates "HTTP/1.1 200 OK"
2026-01-24 18:45:18,355 - httpx - INFO - HTTP Request: POST https://api.telegram.org/bot8212814214:AAG29mEQN2EWS1wFvKbDqC8nr6SgN3_VeZ8/getUpdates "HTTP/1.1 200 OK"
2026-01-24 18:45:28,427 - httpx - INFO - HTTP Request: POST https://api.telegram.org/bot8212814214:AAG29mEQN2EWS1wFvKbDqC8nr6SgN3_VeZ8/getUpdates "HTTP/1.1 200 OK"
